#
# There is insufficient memory for the Java Runtime Environment to continue.
# Native memory allocation (mmap) failed to map 645922816 bytes for committing reserved memory.
# Possible reasons:
#   The system is out of physical RAM or swap space
#   The process is running with CompressedOops enabled, and the Java Heap may be blocking the growth of the native heap
# Possible solutions:
#   Reduce memory load on the system
#   Increase physical memory or swap space
#   Check if swap backing store is full
#   Decrease Java heap size (-Xmx/-Xms)
#   Decrease number of Java threads
#   Decrease Java thread stack sizes (-Xss)
#   Set larger code cache with -XX:ReservedCodeCacheSize=
#   JVM is running with Unscaled Compressed Oops mode in which the Java heap is
#     placed in the first 4GB address space. The Java Heap base address is the
#     maximum limit for the native heap growth. Please use -XX:HeapBaseMinAddress
#     to set the Java Heap base and to place the Java Heap above 4GB virtual address.
# This output file may be truncated or incomplete.
#
#  Out of Memory Error (os_linux.cpp:2706), pid=8180, tid=8202
#
# JRE version: OpenJDK Runtime Environment (10.0.2+13) (build 10.0.2+13-Ubuntu-1ubuntu0.18.04.4)
# Java VM: OpenJDK 64-Bit Server VM (10.0.2+13-Ubuntu-1ubuntu0.18.04.4, mixed mode, tiered, compressed oops, g1 gc, linux-amd64)
# Core dump will be written. Default location: Core dumps may be processed with "/usr/share/apport/apport %p %s %c %d %P" (or dumping to /home/dev/Documents/PPL/a3/scan/src/core.8180)
#

---------------  S U M M A R Y ------------

Command Line: scan.lexerv2 (rrtt)

Host: Intel(R) Core(TM) i7-8550U CPU @ 1.80GHz, 8 cores, 7G, Ubuntu 18.04.2 LTS
Time: Tue Mar 12 20:12:31 2019 ADT elapsed time: 0 seconds (0d 0h 0m 0s)

---------------  T H R E A D  ---------------

Current thread (0x00007f9910132000):  VMThread "VM Thread" [stack: 0x00007f98ab3fa000,0x00007f98ab4fa000] [id=8202]

Stack: [0x00007f98ab3fa000,0x00007f98ab4fa000],  sp=0x00007f98ab4f80a0,  free space=1016k
Native frames: (J=compiled Java code, A=aot compiled Java code, j=interpreted, Vv=VM code, C=native code)
V  [libjvm.so+0xd27ea4]
V  [libjvm.so+0xd28a4b]
V  [libjvm.so+0x64d415]
V  [libjvm.so+0xb2d7c8]
V  [libjvm.so+0xb2601d]
V  [libjvm.so+0x7662ff]
V  [libjvm.so+0x76653e]
V  [libjvm.so+0x769500]
V  [libjvm.so+0x7efa1c]
V  [libjvm.so+0x7f06df]
V  [libjvm.so+0x7f0b59]
V  [libjvm.so+0x7162cf]
V  [libjvm.so+0x71a3ba]
V  [libjvm.so+0xd3a008]
V  [libjvm.so+0xd38871]
V  [libjvm.so+0xd35b3b]
V  [libjvm.so+0xd3715e]
V  [libjvm.so+0xd37588]
V  [libjvm.so+0xb33d40]

VM_Operation (0x00007f9918c7c6d0): G1IncCollectionPause, mode: safepoint, requested by thread 0x00007f9910011800


---------------  P R O C E S S  ---------------

Threads class SMR info:
_java_thread_list=0x00007f99101fdcd0, length=11, elements={
0x00007f9910011800, 0x00007f991013c000, 0x00007f991013e000, 0x00007f9910147800,
0x00007f9910151800, 0x00007f9910153800, 0x00007f9910155800, 0x00007f9910157800,
0x00007f9910159800, 0x00007f99101f6000, 0x00007f9910204800
}

Java Threads: ( => current thread )
  0x00007f9910011800 JavaThread "main" [_thread_blocked, id=8181, stack(0x00007f9918b7d000,0x00007f9918c7e000)]
  0x00007f991013c000 JavaThread "Reference Handler" daemon [_thread_blocked, id=8203, stack(0x00007f98ab2f7000,0x00007f98ab3f8000)]
  0x00007f991013e000 JavaThread "Finalizer" daemon [_thread_blocked, id=8204, stack(0x00007f98ab1f6000,0x00007f98ab2f7000)]
  0x00007f9910147800 JavaThread "Signal Dispatcher" daemon [_thread_blocked, id=8205, stack(0x00007f98aa726000,0x00007f98aa827000)]
  0x00007f9910151800 JavaThread "C2 CompilerThread0" daemon [_thread_blocked, id=8206, stack(0x00007f98aa625000,0x00007f98aa726000)]
  0x00007f9910153800 JavaThread "C2 CompilerThread1" daemon [_thread_blocked, id=8207, stack(0x00007f98aa524000,0x00007f98aa625000)]
  0x00007f9910155800 JavaThread "C2 CompilerThread2" daemon [_thread_blocked, id=8208, stack(0x00007f98aa423000,0x00007f98aa524000)]
  0x00007f9910157800 JavaThread "C1 CompilerThread3" daemon [_thread_blocked, id=8209, stack(0x00007f98aa322000,0x00007f98aa423000)]
  0x00007f9910159800 JavaThread "Sweeper thread" daemon [_thread_blocked, id=8210, stack(0x00007f98aa221000,0x00007f98aa322000)]
  0x00007f99101f6000 JavaThread "Service Thread" daemon [_thread_blocked, id=8211, stack(0x00007f98aa120000,0x00007f98aa221000)]
  0x00007f9910204800 JavaThread "Common-Cleaner" daemon [_thread_blocked, id=8213, stack(0x00007f98a9f1d000,0x00007f98aa01e000)]

Other Threads:
=>0x00007f9910132000 VMThread "VM Thread" [stack: 0x00007f98ab3fa000,0x00007f98ab4fa000] [id=8202]
  0x00007f99101f8800 WatcherThread [stack: 0x00007f98aa020000,0x00007f98aa120000] [id=8212]
  0x00007f9910028800 GCTaskThread "GC Thread#0" [stack: 0x00007f9914cbb000,0x00007f9914dbb000] [id=8182]
  0x00007f991002a000 GCTaskThread "GC Thread#1" [stack: 0x00007f9914bb9000,0x00007f9914cb9000] [id=8183]
  0x00007f991002c000 GCTaskThread "GC Thread#2" [stack: 0x00007f9914ab7000,0x00007f9914bb7000] [id=8184]
  0x00007f991002d800 GCTaskThread "GC Thread#3" [stack: 0x00007f99149b5000,0x00007f9914ab5000] [id=8185]
  0x00007f991002f000 GCTaskThread "GC Thread#4" [stack: 0x00007f99148b3000,0x00007f99149b3000] [id=8186]
  0x00007f9910031000 GCTaskThread "GC Thread#5" [stack: 0x00007f99147b1000,0x00007f99148b1000] [id=8187]
  0x00007f9910032800 GCTaskThread "GC Thread#6" [stack: 0x00007f99146af000,0x00007f99147af000] [id=8188]
  0x00007f9910034800 GCTaskThread "GC Thread#7" [stack: 0x00007f99145ad000,0x00007f99146ad000] [id=8189]
  0x00007f991005c000 ConcurrentGCThread "G1 Main Marker" [stack: 0x00007f98f4ef5000,0x00007f98f4ff5000] [id=8190]
  0x00007f991005e000 ConcurrentGCThread "G1 Conc#0" [stack: 0x00007f98f4df3000,0x00007f98f4ef3000] [id=8191]
  0x00007f991005f800 ConcurrentGCThread "G1 Conc#1" [stack: 0x00007f98f4cf1000,0x00007f98f4df1000] [id=8192]
  0x00007f99100c3000 ConcurrentGCThread "G1 Refine#0" [stack: 0x00007f98f43e7000,0x00007f98f44e7000] [id=8193]
  0x00007f99100c4800 ConcurrentGCThread "G1 Refine#1" [stack: 0x00007f98f42e5000,0x00007f98f43e5000] [id=8194]
  0x00007f99100c6800 ConcurrentGCThread "G1 Refine#2" [stack: 0x00007f98f41e3000,0x00007f98f42e3000] [id=8195]
  0x00007f99100c8000 ConcurrentGCThread "G1 Refine#3" [stack: 0x00007f98f40e1000,0x00007f98f41e1000] [id=8196]
  0x00007f99100ca000 ConcurrentGCThread "G1 Refine#4" [stack: 0x00007f98d41c8000,0x00007f98d42c8000] [id=8197]
  0x00007f99100cb800 ConcurrentGCThread "G1 Refine#5" [stack: 0x00007f98d40c6000,0x00007f98d41c6000] [id=8198]
  0x00007f99100cd800 ConcurrentGCThread "G1 Refine#6" [stack: 0x00007f98abf00000,0x00007f98ac000000] [id=8199]
  0x00007f99100cf000 ConcurrentGCThread "G1 Refine#7" [stack: 0x00007f98abdfe000,0x00007f98abefe000] [id=8200]
  0x00007f99100d1000 ConcurrentGCThread "G1 Young RemSet Sampling" [stack: 0x00007f98abcfc000,0x00007f98abdfc000] [id=8201]

Threads with active compile tasks:

VM state:at safepoint (normal execution)

VM Mutex/Monitor currently owned by a thread:  ([mutex/lock_event])
[0x00007f991000e150] Threads_lock - owner thread: 0x00007f9910132000
[0x00007f991000e6f0] Heap_lock - owner thread: 0x00007f9910011800

Heap address: 0x000000008b200000, size: 1870 MB, Compressed Oops mode: 32-bit
Narrow klass base: 0x0000000000000000, Narrow klass shift: 3
Compressed class space size: 1073741824 Address: 0x0000000100000000

Heap:
 garbage-first heap   total 946176K, used 254464K [0x000000008b200000, 0x0000000100000000)
  region size 1024K, 4 young (4096K), 4 survivors (4096K)
 Metaspace       used 3790K, capacity 4498K, committed 4864K, reserved 1056768K
  class space    used 319K, capacity 386K, committed 512K, reserved 1048576K
Heap Regions: E=young(eden), S=young(survivor), O=old, HS=humongous(starts), HC=humongous(continues), CS=collection set, F=free, A=archive, TS=gc time stamp, AC=allocation context, TAMS=top-at-mark-start (previous, next)
|   0|0x000000008b200000, 0x000000008b300000, 0x000000008b300000|100%| O|  |TS  1|AC  0|TAMS 0x000000008b200000, 0x000000008b300000|
|   1|0x000000008b300000, 0x000000008b400000, 0x000000008b400000|100%| O|  |TS  1|AC  0|TAMS 0x000000008b300000, 0x000000008b400000|
|   2|0x000000008b400000, 0x000000008b500000, 0x000000008b500000|100%| O|  |TS  1|AC  0|TAMS 0x000000008b400000, 0x000000008b500000|
|   3|0x000000008b500000, 0x000000008b600000, 0x000000008b600000|100%| O|  |TS  1|AC  0|TAMS 0x000000008b500000, 0x000000008b600000|
|   4|0x000000008b600000, 0x000000008b700000, 0x000000008b700000|100%| O|  |TS  0|AC  0|TAMS 0x000000008b700000, 0x000000008b700000|
|   5|0x000000008b700000, 0x000000008b800000, 0x000000008b800000|100%| O|  |TS  0|AC  0|TAMS 0x000000008b800000, 0x000000008b800000|
|   6|0x000000008b800000, 0x000000008b900000, 0x000000008b900000|100%| O|  |TS  0|AC  0|TAMS 0x000000008b900000, 0x000000008b900000|
|   7|0x000000008b900000, 0x000000008ba00000, 0x000000008ba00000|100%| O|  |TS  0|AC  0|TAMS 0x000000008ba00000, 0x000000008ba00000|
|   8|0x000000008ba00000, 0x000000008bb00000, 0x000000008bb00000|100%| O|  |TS  0|AC  0|TAMS 0x000000008bb00000, 0x000000008bb00000|
|   9|0x000000008bb00000, 0x000000008bc00000, 0x000000008bc00000|100%| O|  |TS  0|AC  0|TAMS 0x000000008bc00000, 0x000000008bc00000|
|  10|0x000000008bc00000, 0x000000008bd00000, 0x000000008bd00000|100%| O|  |TS  0|AC  0|TAMS 0x000000008bd00000, 0x000000008bd00000|
|  11|0x000000008bd00000, 0x000000008be00000, 0x000000008be00000|100%| O|  |TS  0|AC  0|TAMS 0x000000008be00000, 0x000000008be00000|
|  12|0x000000008be00000, 0x000000008bf00000, 0x000000008bf00000|100%| O|  |TS  0|AC  0|TAMS 0x000000008bf00000, 0x000000008bf00000|
|  13|0x000000008bf00000, 0x000000008c000000, 0x000000008c000000|100%| O|  |TS  0|AC  0|TAMS 0x000000008c000000, 0x000000008c000000|
|  14|0x000000008c000000, 0x000000008c100000, 0x000000008c100000|100%| O|  |TS  0|AC  0|TAMS 0x000000008c100000, 0x000000008c100000|
|  15|0x000000008c100000, 0x000000008c200000, 0x000000008c200000|100%| O|  |TS  0|AC  0|TAMS 0x000000008c200000, 0x000000008c200000|
|  16|0x000000008c200000, 0x000000008c300000, 0x000000008c300000|100%| O|  |TS  0|AC  0|TAMS 0x000000008c300000, 0x000000008c300000|
|  17|0x000000008c300000, 0x000000008c400000, 0x000000008c400000|100%| O|  |TS  0|AC  0|TAMS 0x000000008c400000, 0x000000008c400000|
|  18|0x000000008c400000, 0x000000008c500000, 0x000000008c500000|100%| O|  |TS  0|AC  0|TAMS 0x000000008c500000, 0x000000008c500000|
|  19|0x000000008c500000, 0x000000008c600000, 0x000000008c600000|100%| O|  |TS  0|AC  0|TAMS 0x000000008c600000, 0x000000008c600000|
|  20|0x000000008c600000, 0x000000008c700000, 0x000000008c700000|100%| O|  |TS  0|AC  0|TAMS 0x000000008c700000, 0x000000008c700000|
|  21|0x000000008c700000, 0x000000008c800000, 0x000000008c800000|100%| O|  |TS  0|AC  0|TAMS 0x000000008c800000, 0x000000008c800000|
|  22|0x000000008c800000, 0x000000008c900000, 0x000000008c900000|100%| O|  |TS  0|AC  0|TAMS 0x000000008c900000, 0x000000008c900000|
|  23|0x000000008c900000, 0x000000008ca00000, 0x000000008ca00000|100%| O|  |TS  0|AC  0|TAMS 0x000000008ca00000, 0x000000008ca00000|
|  24|0x000000008ca00000, 0x000000008cb00000, 0x000000008cb00000|100%| O|  |TS  1|AC  0|TAMS 0x000000008ca00000, 0x000000008cb00000|
|  25|0x000000008cb00000, 0x000000008cc00000, 0x000000008cc00000|100%| O|  |TS  1|AC  0|TAMS 0x000000008cb00000, 0x000000008cc00000|
|  26|0x000000008cc00000, 0x000000008cd00000, 0x000000008cd00000|100%| O|  |TS  1|AC  0|TAMS 0x000000008cc00000, 0x000000008cd00000|
|  27|0x000000008cd00000, 0x000000008ce00000, 0x000000008ce00000|100%| O|  |TS  0|AC  0|TAMS 0x000000008ce00000, 0x000000008ce00000|
|  28|0x000000008ce00000, 0x000000008cf00000, 0x000000008cf00000|100%| O|  |TS  0|AC  0|TAMS 0x000000008cf00000, 0x000000008cf00000|
|  29|0x000000008cf00000, 0x000000008d000000, 0x000000008d000000|100%| O|  |TS  0|AC  0|TAMS 0x000000008d000000, 0x000000008d000000|
|  30|0x000000008d000000, 0x000000008d100000, 0x000000008d100000|100%| O|  |TS  0|AC  0|TAMS 0x000000008d100000, 0x000000008d100000|
|  31|0x000000008d100000, 0x000000008d200000, 0x000000008d200000|100%| O|  |TS  0|AC  0|TAMS 0x000000008d200000, 0x000000008d200000|
|  32|0x000000008d200000, 0x000000008d300000, 0x000000008d300000|100%| O|  |TS  0|AC  0|TAMS 0x000000008d300000, 0x000000008d300000|
|  33|0x000000008d300000, 0x000000008d400000, 0x000000008d400000|100%| O|  |TS  0|AC  0|TAMS 0x000000008d400000, 0x000000008d400000|
|  34|0x000000008d400000, 0x000000008d500000, 0x000000008d500000|100%| O|  |TS  0|AC  0|TAMS 0x000000008d500000, 0x000000008d500000|
|  35|0x000000008d500000, 0x000000008d600000, 0x000000008d600000|100%| O|  |TS  0|AC  0|TAMS 0x000000008d600000, 0x000000008d600000|
|  36|0x000000008d600000, 0x000000008d700000, 0x000000008d700000|100%| O|  |TS  0|AC  0|TAMS 0x000000008d700000, 0x000000008d700000|
|  37|0x000000008d700000, 0x000000008d800000, 0x000000008d800000|100%| O|  |TS  0|AC  0|TAMS 0x000000008d800000, 0x000000008d800000|
|  38|0x000000008d800000, 0x000000008d900000, 0x000000008d900000|100%| O|  |TS  0|AC  0|TAMS 0x000000008d900000, 0x000000008d900000|
|  39|0x000000008d900000, 0x000000008da00000, 0x000000008da00000|100%| O|  |TS  0|AC  0|TAMS 0x000000008da00000, 0x000000008da00000|
|  40|0x000000008da00000, 0x000000008db00000, 0x000000008db00000|100%| O|  |TS  0|AC  0|TAMS 0x000000008db00000, 0x000000008db00000|
|  41|0x000000008db00000, 0x000000008dc00000, 0x000000008dc00000|100%| O|  |TS  0|AC  0|TAMS 0x000000008dc00000, 0x000000008dc00000|
|  42|0x000000008dc00000, 0x000000008dd00000, 0x000000008dd00000|100%| O|  |TS  0|AC  0|TAMS 0x000000008dd00000, 0x000000008dd00000|
|  43|0x000000008dd00000, 0x000000008de00000, 0x000000008de00000|100%| O|  |TS  0|AC  0|TAMS 0x000000008de00000, 0x000000008de00000|
|  44|0x000000008de00000, 0x000000008df00000, 0x000000008df00000|100%| O|  |TS  0|AC  0|TAMS 0x000000008df00000, 0x000000008df00000|
|  45|0x000000008df00000, 0x000000008e000000, 0x000000008e000000|100%| O|  |TS  0|AC  0|TAMS 0x000000008e000000, 0x000000008e000000|
|  46|0x000000008e000000, 0x000000008e100000, 0x000000008e100000|100%|HS|  |TS  0|AC  0|TAMS 0x000000008e100000, 0x000000008e100000|
|  47|0x000000008e100000, 0x000000008e200000, 0x000000008e200000|100%|HC|  |TS  0|AC  0|TAMS 0x000000008e200000, 0x000000008e200000|
|  48|0x000000008e200000, 0x000000008e300000, 0x000000008e300000|100%|HC|  |TS  0|AC  0|TAMS 0x000000008e300000, 0x000000008e300000|
|  49|0x000000008e300000, 0x000000008e400000, 0x000000008e400000|100%|HC|  |TS  0|AC  0|TAMS 0x000000008e400000, 0x000000008e400000|
|  50|0x000000008e400000, 0x000000008e500000, 0x000000008e500000|100%| O|  |TS  0|AC  0|TAMS 0x000000008e500000, 0x000000008e500000|
|  51|0x000000008e500000, 0x000000008e600000, 0x000000008e600000|100%| O|  |TS  0|AC  0|TAMS 0x000000008e600000, 0x000000008e600000|
|  52|0x000000008e600000, 0x000000008e700000, 0x000000008e700000|100%| O|  |TS  0|AC  0|TAMS 0x000000008e700000, 0x000000008e700000|
|  53|0x000000008e700000, 0x000000008e800000, 0x000000008e800000|100%| O|  |TS  0|AC  0|TAMS 0x000000008e800000, 0x000000008e800000|
|  54|0x000000008e800000, 0x000000008e900000, 0x000000008e900000|100%| O|  |TS  0|AC  0|TAMS 0x000000008e900000, 0x000000008e900000|
|  55|0x000000008e900000, 0x000000008ea00000, 0x000000008ea00000|100%| O|  |TS  0|AC  0|TAMS 0x000000008ea00000, 0x000000008ea00000|
|  56|0x000000008ea00000, 0x000000008eb00000, 0x000000008eb00000|100%| O|  |TS  0|AC  0|TAMS 0x000000008eb00000, 0x000000008eb00000|
|  57|0x000000008eb00000, 0x000000008ec00000, 0x000000008ec00000|100%| O|  |TS  0|AC  0|TAMS 0x000000008ec00000, 0x000000008ec00000|
|  58|0x000000008ec00000, 0x000000008ed00000, 0x000000008ed00000|100%| O|  |TS  0|AC  0|TAMS 0x000000008ed00000, 0x000000008ed00000|
|  59|0x000000008ed00000, 0x000000008ee00000, 0x000000008ee00000|100%| O|  |TS  0|AC  0|TAMS 0x000000008ee00000, 0x000000008ee00000|
|  60|0x000000008ee00000, 0x000000008ef00000, 0x000000008ef00000|100%| O|  |TS  0|AC  0|TAMS 0x000000008ef00000, 0x000000008ef00000|
|  61|0x000000008ef00000, 0x000000008f000000, 0x000000008f000000|100%| O|  |TS  0|AC  0|TAMS 0x000000008f000000, 0x000000008f000000|
|  62|0x000000008f000000, 0x000000008f100000, 0x000000008f100000|100%| O|  |TS  0|AC  0|TAMS 0x000000008f100000, 0x000000008f100000|
|  63|0x000000008f100000, 0x000000008f200000, 0x000000008f200000|100%| O|  |TS  0|AC  0|TAMS 0x000000008f200000, 0x000000008f200000|
|  64|0x000000008f200000, 0x000000008f300000, 0x000000008f300000|100%| O|  |TS  0|AC  0|TAMS 0x000000008f300000, 0x000000008f300000|
|  65|0x000000008f300000, 0x000000008f400000, 0x000000008f400000|100%| O|  |TS  0|AC  0|TAMS 0x000000008f400000, 0x000000008f400000|
|  66|0x000000008f400000, 0x000000008f500000, 0x000000008f500000|100%| O|  |TS  0|AC  0|TAMS 0x000000008f500000, 0x000000008f500000|
|  67|0x000000008f500000, 0x000000008f600000, 0x000000008f600000|100%| O|  |TS  0|AC  0|TAMS 0x000000008f600000, 0x000000008f600000|
|  68|0x000000008f600000, 0x000000008f700000, 0x000000008f700000|100%| O|  |TS  0|AC  0|TAMS 0x000000008f657e08, 0x000000008f700000|
|  69|0x000000008f700000, 0x000000008f800000, 0x000000008f800000|100%|HS|  |TS  0|AC  0|TAMS 0x000000008f700000, 0x000000008f800000|
|  70|0x000000008f800000, 0x000000008f900000, 0x000000008f900000|100%|HC|  |TS  0|AC  0|TAMS 0x000000008f800000, 0x000000008f900000|
|  71|0x000000008f900000, 0x000000008fa00000, 0x000000008fa00000|100%|HC|  |TS  0|AC  0|TAMS 0x000000008f900000, 0x000000008fa00000|
|  72|0x000000008fa00000, 0x000000008fb00000, 0x000000008fb00000|100%|HC|  |TS  0|AC  0|TAMS 0x000000008fa00000, 0x000000008fb00000|
|  73|0x000000008fb00000, 0x000000008fc00000, 0x000000008fc00000|100%|HC|  |TS  0|AC  0|TAMS 0x000000008fb00000, 0x000000008fc00000|
|  74|0x000000008fc00000, 0x000000008fd00000, 0x000000008fd00000|100%|HS|  |TS  0|AC  0|TAMS 0x000000008fc00000, 0x000000008fd00000|
|  75|0x000000008fd00000, 0x000000008fe00000, 0x000000008fe00000|100%|HC|  |TS  0|AC  0|TAMS 0x000000008fd00000, 0x000000008fe00000|
|  76|0x000000008fe00000, 0x000000008ff00000, 0x000000008ff00000|100%|HC|  |TS  0|AC  0|TAMS 0x000000008fe00000, 0x000000008ff00000|
|  77|0x000000008ff00000, 0x0000000090000000, 0x0000000090000000|100%|HC|  |TS  0|AC  0|TAMS 0x000000008ff00000, 0x0000000090000000|
|  78|0x0000000090000000, 0x0000000090100000, 0x0000000090100000|100%|HC|  |TS  0|AC  0|TAMS 0x0000000090000000, 0x0000000090100000|
|  79|0x0000000090100000, 0x0000000090200000, 0x0000000090200000|100%|HC|  |TS  0|AC  0|TAMS 0x0000000090100000, 0x0000000090200000|
|  80|0x0000000090200000, 0x0000000090300000, 0x0000000090300000|100%|HC|  |TS  0|AC  0|TAMS 0x0000000090200000, 0x0000000090300000|
|  81|0x0000000090300000, 0x0000000090400000, 0x0000000090400000|100%| O|  |TS  0|AC  0|TAMS 0x0000000090300000, 0x0000000090400000|
|  82|0x0000000090400000, 0x0000000090500000, 0x0000000090500000|100%| O|  |TS  0|AC  0|TAMS 0x0000000090400000, 0x0000000090500000|
|  83|0x0000000090500000, 0x0000000090600000, 0x0000000090600000|100%| O|  |TS  0|AC  0|TAMS 0x0000000090500000, 0x0000000090600000|
|  84|0x0000000090600000, 0x0000000090700000, 0x0000000090700000|100%| O|  |TS  0|AC  0|TAMS 0x0000000090600000, 0x0000000090700000|
|  85|0x0000000090700000, 0x0000000090800000, 0x0000000090800000|100%| O|  |TS  0|AC  0|TAMS 0x0000000090700000, 0x0000000090800000|
|  86|0x0000000090800000, 0x0000000090900000, 0x0000000090900000|100%| O|  |TS  0|AC  0|TAMS 0x0000000090800000, 0x0000000090900000|
|  87|0x0000000090900000, 0x0000000090a00000, 0x0000000090a00000|100%| O|  |TS  0|AC  0|TAMS 0x0000000090900000, 0x0000000090a00000|
|  88|0x0000000090a00000, 0x0000000090b00000, 0x0000000090b00000|100%| O|  |TS  0|AC  0|TAMS 0x0000000090a00000, 0x0000000090b00000|
|  89|0x0000000090b00000, 0x0000000090c00000, 0x0000000090c00000|100%| O|  |TS  0|AC  0|TAMS 0x0000000090b00000, 0x0000000090c00000|
|  90|0x0000000090c00000, 0x0000000090d00000, 0x0000000090d00000|100%| O|  |TS  0|AC  0|TAMS 0x0000000090c00000, 0x0000000090d00000|
|  91|0x0000000090d00000, 0x0000000090e00000, 0x0000000090e00000|100%| O|  |TS  0|AC  0|TAMS 0x0000000090d00000, 0x0000000090e00000|
|  92|0x0000000090e00000, 0x0000000090f00000, 0x0000000090f00000|100%| O|  |TS  0|AC  0|TAMS 0x0000000090e00000, 0x0000000090f00000|
|  93|0x0000000090f00000, 0x0000000091000000, 0x0000000091000000|100%| O|  |TS  0|AC  0|TAMS 0x0000000090f00000, 0x0000000091000000|
|  94|0x0000000091000000, 0x0000000091100000, 0x0000000091100000|100%| O|  |TS  0|AC  0|TAMS 0x0000000091000000, 0x0000000091100000|
|  95|0x0000000091100000, 0x0000000091200000, 0x0000000091200000|100%| O|  |TS  0|AC  0|TAMS 0x0000000091100000, 0x0000000091200000|
|  96|0x0000000091200000, 0x0000000091300000, 0x0000000091300000|100%| O|  |TS  0|AC  0|TAMS 0x0000000091200000, 0x0000000091300000|
|  97|0x0000000091300000, 0x0000000091400000, 0x0000000091400000|100%| O|  |TS  0|AC  0|TAMS 0x0000000091300000, 0x0000000091400000|
|  98|0x0000000091400000, 0x0000000091500000, 0x0000000091500000|100%| O|  |TS  0|AC  0|TAMS 0x0000000091400000, 0x0000000091500000|
|  99|0x0000000091500000, 0x0000000091600000, 0x0000000091600000|100%| O|  |TS  0|AC  0|TAMS 0x0000000091500000, 0x0000000091600000|
| 100|0x0000000091600000, 0x0000000091700000, 0x0000000091700000|100%| O|  |TS  1|AC  0|TAMS 0x0000000091600000, 0x0000000091700000|
| 101|0x0000000091700000, 0x0000000091800000, 0x0000000091800000|100%| O|  |TS  1|AC  0|TAMS 0x0000000091700000, 0x0000000091800000|
| 102|0x0000000091800000, 0x0000000091900000, 0x0000000091900000|100%| O|  |TS  0|AC  0|TAMS 0x0000000091800000, 0x0000000091900000|
| 103|0x0000000091900000, 0x0000000091a00000, 0x0000000091a00000|100%| O|  |TS  0|AC  0|TAMS 0x0000000091900000, 0x0000000091a00000|
| 104|0x0000000091a00000, 0x0000000091b00000, 0x0000000091b00000|100%| O|  |TS  0|AC  0|TAMS 0x0000000091a00000, 0x0000000091b00000|
| 105|0x0000000091b00000, 0x0000000091c00000, 0x0000000091c00000|100%| O|  |TS  0|AC  0|TAMS 0x0000000091b00000, 0x0000000091c00000|
| 106|0x0000000091c00000, 0x0000000091d00000, 0x0000000091d00000|100%| O|  |TS  0|AC  0|TAMS 0x0000000091c00000, 0x0000000091d00000|
| 107|0x0000000091d00000, 0x0000000091e00000, 0x0000000091e00000|100%| O|  |TS  0|AC  0|TAMS 0x0000000091d00000, 0x0000000091e00000|
| 108|0x0000000091e00000, 0x0000000091f00000, 0x0000000091f00000|100%| O|  |TS  0|AC  0|TAMS 0x0000000091e00000, 0x0000000091f00000|
| 109|0x0000000091f00000, 0x0000000092000000, 0x0000000092000000|100%| O|  |TS  0|AC  0|TAMS 0x0000000091f00000, 0x0000000092000000|
| 110|0x0000000092000000, 0x0000000092100000, 0x0000000092100000|100%| O|  |TS  0|AC  0|TAMS 0x0000000092000000, 0x0000000092100000|
| 111|0x0000000092100000, 0x0000000092200000, 0x0000000092200000|100%| O|  |TS  0|AC  0|TAMS 0x0000000092100000, 0x0000000092200000|
| 112|0x0000000092200000, 0x0000000092300000, 0x0000000092300000|100%| O|  |TS  0|AC  0|TAMS 0x0000000092200000, 0x0000000092300000|
| 113|0x0000000092300000, 0x0000000092400000, 0x0000000092400000|100%| O|  |TS  0|AC  0|TAMS 0x0000000092300000, 0x0000000092400000|
| 114|0x0000000092400000, 0x0000000092500000, 0x0000000092500000|100%| O|  |TS  0|AC  0|TAMS 0x0000000092400000, 0x0000000092500000|
| 115|0x0000000092500000, 0x0000000092600000, 0x0000000092600000|100%| O|  |TS  0|AC  0|TAMS 0x0000000092500000, 0x0000000092600000|
| 116|0x0000000092600000, 0x0000000092700000, 0x0000000092700000|100%| O|  |TS  0|AC  0|TAMS 0x0000000092600000, 0x0000000092700000|
| 117|0x0000000092700000, 0x0000000092800000, 0x0000000092800000|100%| O|  |TS  0|AC  0|TAMS 0x0000000092700000, 0x0000000092800000|
| 118|0x0000000092800000, 0x0000000092900000, 0x0000000092900000|100%| O|  |TS  0|AC  0|TAMS 0x0000000092800000, 0x0000000092900000|
| 119|0x0000000092900000, 0x0000000092a00000, 0x0000000092a00000|100%| O|  |TS  0|AC  0|TAMS 0x0000000092900000, 0x0000000092a00000|
| 120|0x0000000092a00000, 0x0000000092b00000, 0x0000000092b00000|100%| O|  |TS  0|AC  0|TAMS 0x0000000092a00000, 0x0000000092b00000|
| 121|0x0000000092b00000, 0x0000000092c00000, 0x0000000092c00000|100%| O|  |TS  0|AC  0|TAMS 0x0000000092b00000, 0x0000000092c00000|
| 122|0x0000000092c00000, 0x0000000092d00000, 0x0000000092d00000|100%| O|  |TS  0|AC  0|TAMS 0x0000000092c00000, 0x0000000092d00000|
| 123|0x0000000092d00000, 0x0000000092e00000, 0x0000000092e00000|100%| O|  |TS  0|AC  0|TAMS 0x0000000092d00000, 0x0000000092e00000|
| 124|0x0000000092e00000, 0x0000000092f00000, 0x0000000092f00000|100%| O|  |TS  1|AC  0|TAMS 0x0000000092e00000, 0x0000000092f00000|
| 125|0x0000000092f00000, 0x0000000093000000, 0x0000000093000000|100%|HS|  |TS  0|AC  0|TAMS 0x0000000092f00000, 0x0000000093000000|
| 126|0x0000000093000000, 0x0000000093100000, 0x0000000093100000|100%|HC|  |TS  0|AC  0|TAMS 0x0000000093000000, 0x0000000093100000|
| 127|0x0000000093100000, 0x0000000093200000, 0x0000000093200000|100%|HC|  |TS  0|AC  0|TAMS 0x0000000093100000, 0x0000000093200000|
| 128|0x0000000093200000, 0x0000000093300000, 0x0000000093300000|100%|HC|  |TS  0|AC  0|TAMS 0x0000000093200000, 0x0000000093300000|
| 129|0x0000000093300000, 0x0000000093400000, 0x0000000093400000|100%|HC|  |TS  0|AC  0|TAMS 0x0000000093300000, 0x0000000093400000|
| 130|0x0000000093400000, 0x0000000093500000, 0x0000000093500000|100%|HC|  |TS  0|AC  0|TAMS 0x0000000093400000, 0x0000000093500000|
| 131|0x0000000093500000, 0x0000000093600000, 0x0000000093600000|100%|HC|  |TS  0|AC  0|TAMS 0x0000000093500000, 0x0000000093600000|
| 132|0x0000000093600000, 0x0000000093700000, 0x0000000093700000|100%|HC|  |TS  0|AC  0|TAMS 0x0000000093600000, 0x0000000093700000|
| 133|0x0000000093700000, 0x0000000093800000, 0x0000000093800000|100%|HC|  |TS  0|AC  0|TAMS 0x0000000093700000, 0x0000000093800000|
| 134|0x0000000093800000, 0x0000000093900000, 0x0000000093900000|100%|HC|  |TS  0|AC  0|TAMS 0x0000000093800000, 0x0000000093900000|
| 135|0x0000000093900000, 0x0000000093a00000, 0x0000000093a00000|100%|HC|  |TS  0|AC  0|TAMS 0x0000000093900000, 0x0000000093a00000|
| 136|0x0000000093a00000, 0x0000000093b00000, 0x0000000093b00000|100%| O|  |TS  1|AC  0|TAMS 0x0000000093a00000, 0x0000000093b00000|
| 137|0x0000000093b00000, 0x0000000093c00000, 0x0000000093c00000|100%| O|  |TS  1|AC  0|TAMS 0x0000000093b00000, 0x0000000093c00000|
| 138|0x0000000093c00000, 0x0000000093d00000, 0x0000000093d00000|100%| O|  |TS  1|AC  0|TAMS 0x0000000093c00000, 0x0000000093d00000|
| 139|0x0000000093d00000, 0x0000000093e00000, 0x0000000093e00000|100%| O|  |TS  1|AC  0|TAMS 0x0000000093d00000, 0x0000000093e00000|
| 140|0x0000000093e00000, 0x0000000093f00000, 0x0000000093f00000|100%| O|  |TS  1|AC  0|TAMS 0x0000000093e00000, 0x0000000093f00000|
| 141|0x0000000093f00000, 0x0000000094000000, 0x0000000094000000|100%| O|  |TS  1|AC  0|TAMS 0x0000000093f00000, 0x0000000094000000|
| 142|0x0000000094000000, 0x0000000094100000, 0x0000000094100000|100%| O|  |TS  1|AC  0|TAMS 0x0000000094000000, 0x0000000094100000|
| 143|0x0000000094100000, 0x0000000094200000, 0x0000000094200000|100%| O|  |TS  1|AC  0|TAMS 0x0000000094100000, 0x0000000094200000|
| 144|0x0000000094200000, 0x0000000094300000, 0x0000000094300000|100%| O|  |TS  1|AC  0|TAMS 0x0000000094200000, 0x0000000094300000|
| 145|0x0000000094300000, 0x0000000094400000, 0x0000000094400000|100%| O|  |TS  1|AC  0|TAMS 0x0000000094300000, 0x0000000094400000|
| 146|0x0000000094400000, 0x0000000094500000, 0x0000000094500000|100%| O|  |TS  1|AC  0|TAMS 0x0000000094400000, 0x0000000094500000|
| 147|0x0000000094500000, 0x0000000094600000, 0x0000000094600000|100%| O|  |TS  1|AC  0|TAMS 0x0000000094500000, 0x0000000094600000|
| 148|0x0000000094600000, 0x0000000094700000, 0x0000000094700000|100%| O|  |TS  1|AC  0|TAMS 0x0000000094600000, 0x0000000094700000|
| 149|0x0000000094700000, 0x0000000094800000, 0x0000000094800000|100%| O|  |TS  1|AC  0|TAMS 0x0000000094700000, 0x0000000094800000|
| 150|0x0000000094800000, 0x0000000094900000, 0x0000000094900000|100%| O|  |TS  1|AC  0|TAMS 0x0000000094800000, 0x0000000094900000|
| 151|0x0000000094900000, 0x0000000094a00000, 0x0000000094a00000|100%| O|  |TS  1|AC  0|TAMS 0x0000000094900000, 0x0000000094a00000|
| 152|0x0000000094a00000, 0x0000000094b00000, 0x0000000094b00000|100%| O|  |TS  1|AC  0|TAMS 0x0000000094a00000, 0x0000000094b00000|
| 153|0x0000000094b00000, 0x0000000094c00000, 0x0000000094c00000|100%| O|  |TS  1|AC  0|TAMS 0x0000000094b00000, 0x0000000094c00000|
| 154|0x0000000094c00000, 0x0000000094d00000, 0x0000000094d00000|100%| O|  |TS  1|AC  0|TAMS 0x0000000094c00000, 0x0000000094d00000|
| 155|0x0000000094d00000, 0x0000000094e00000, 0x0000000094e00000|100%| O|  |TS  1|AC  0|TAMS 0x0000000094d00000, 0x0000000094e00000|
| 156|0x0000000094e00000, 0x0000000094f00000, 0x0000000094f00000|100%| O|  |TS  1|AC  0|TAMS 0x0000000094e00000, 0x0000000094f00000|
| 157|0x0000000094f00000, 0x0000000095000000, 0x0000000095000000|100%| O|  |TS  1|AC  0|TAMS 0x0000000094f00000, 0x0000000095000000|
| 158|0x0000000095000000, 0x0000000095100000, 0x0000000095100000|100%| O|  |TS  1|AC  0|TAMS 0x0000000095000000, 0x0000000095100000|
| 159|0x0000000095100000, 0x0000000095200000, 0x0000000095200000|100%| O|  |TS  1|AC  0|TAMS 0x0000000095100000, 0x0000000095200000|
| 160|0x0000000095200000, 0x0000000095300000, 0x0000000095300000|100%| O|  |TS  1|AC  0|TAMS 0x0000000095200000, 0x0000000095300000|
| 161|0x0000000095300000, 0x0000000095400000, 0x0000000095400000|100%| O|  |TS  1|AC  0|TAMS 0x0000000095300000, 0x0000000095400000|
| 162|0x0000000095400000, 0x0000000095500000, 0x0000000095500000|100%| O|  |TS  1|AC  0|TAMS 0x0000000095400000, 0x0000000095500000|
| 163|0x0000000095500000, 0x0000000095600000, 0x0000000095600000|100%| O|  |TS  1|AC  0|TAMS 0x0000000095500000, 0x0000000095600000|
| 164|0x0000000095600000, 0x0000000095700000, 0x0000000095700000|100%| O|  |TS  1|AC  0|TAMS 0x0000000095600000, 0x0000000095700000|
| 165|0x0000000095700000, 0x0000000095800000, 0x0000000095800000|100%| O|  |TS  1|AC  0|TAMS 0x0000000095700000, 0x0000000095800000|
| 166|0x0000000095800000, 0x0000000095900000, 0x0000000095900000|100%| O|  |TS  1|AC  0|TAMS 0x0000000095800000, 0x0000000095900000|
| 167|0x0000000095900000, 0x0000000095a00000, 0x0000000095a00000|100%| O|  |TS  1|AC  0|TAMS 0x0000000095900000, 0x0000000095a00000|
| 168|0x0000000095a00000, 0x0000000095b00000, 0x0000000095b00000|100%| O|  |TS  1|AC  0|TAMS 0x0000000095a00000, 0x0000000095b00000|
| 169|0x0000000095b00000, 0x0000000095c00000, 0x0000000095c00000|100%| O|  |TS  1|AC  0|TAMS 0x0000000095b00000, 0x0000000095c00000|
| 170|0x0000000095c00000, 0x0000000095d00000, 0x0000000095d00000|100%| O|  |TS  1|AC  0|TAMS 0x0000000095c00000, 0x0000000095d00000|
| 171|0x0000000095d00000, 0x0000000095e00000, 0x0000000095e00000|100%| O|  |TS  2|AC  0|TAMS 0x0000000095d00000, 0x0000000095e00000|
| 172|0x0000000095e00000, 0x0000000095f00000, 0x0000000095f00000|100%| O|  |TS  2|AC  0|TAMS 0x0000000095e00000, 0x0000000095f00000|
| 173|0x0000000095f00000, 0x0000000096000000, 0x0000000096000000|100%| O|  |TS  2|AC  0|TAMS 0x0000000095f00000, 0x0000000096000000|
| 174|0x0000000096000000, 0x0000000096100000, 0x0000000096100000|100%| O|  |TS  2|AC  0|TAMS 0x0000000096000000, 0x0000000096100000|
| 175|0x0000000096100000, 0x0000000096200000, 0x0000000096200000|100%| O|  |TS  2|AC  0|TAMS 0x0000000096100000, 0x0000000096200000|
| 176|0x0000000096200000, 0x0000000096300000, 0x0000000096300000|100%| O|  |TS  2|AC  0|TAMS 0x0000000096200000, 0x0000000096300000|
| 177|0x0000000096300000, 0x0000000096400000, 0x0000000096400000|100%| O|  |TS  2|AC  0|TAMS 0x0000000096300000, 0x0000000096400000|
| 178|0x0000000096400000, 0x0000000096500000, 0x0000000096500000|100%| O|  |TS  2|AC  0|TAMS 0x0000000096400000, 0x0000000096500000|
| 179|0x0000000096500000, 0x0000000096600000, 0x0000000096600000|100%| O|  |TS  2|AC  0|TAMS 0x0000000096500000, 0x0000000096600000|
| 180|0x0000000096600000, 0x0000000096700000, 0x0000000096700000|100%| O|  |TS  2|AC  0|TAMS 0x0000000096600000, 0x0000000096700000|
| 181|0x0000000096700000, 0x0000000096800000, 0x0000000096800000|100%| O|  |TS  2|AC  0|TAMS 0x0000000096700000, 0x0000000096800000|
| 182|0x0000000096800000, 0x0000000096900000, 0x0000000096900000|100%| O|  |TS  2|AC  0|TAMS 0x0000000096800000, 0x0000000096900000|
| 183|0x0000000096900000, 0x0000000096a00000, 0x0000000096a00000|100%| O|  |TS  2|AC  0|TAMS 0x0000000096900000, 0x0000000096a00000|
| 184|0x0000000096a00000, 0x0000000096b00000, 0x0000000096b00000|100%| O|  |TS  2|AC  0|TAMS 0x0000000096a00000, 0x0000000096b00000|
| 185|0x0000000096b00000, 0x0000000096c00000, 0x0000000096c00000|100%| O|  |TS  2|AC  0|TAMS 0x0000000096b00000, 0x0000000096c00000|
| 186|0x0000000096c00000, 0x0000000096d00000, 0x0000000096d00000|100%| O|  |TS  2|AC  0|TAMS 0x0000000096c00000, 0x0000000096d00000|
| 187|0x0000000096d00000, 0x0000000096e00000, 0x0000000096e00000|100%| O|  |TS  2|AC  0|TAMS 0x0000000096d00000, 0x0000000096e00000|
| 188|0x0000000096e00000, 0x0000000096f00000, 0x0000000096f00000|100%| O|  |TS  2|AC  0|TAMS 0x0000000096e00000, 0x0000000096f00000|
| 189|0x0000000096f00000, 0x0000000097000000, 0x0000000097000000|100%| O|  |TS  2|AC  0|TAMS 0x0000000096f00000, 0x0000000097000000|
| 190|0x0000000097000000, 0x0000000097100000, 0x0000000097100000|100%| O|  |TS  2|AC  0|TAMS 0x0000000097000000, 0x0000000097100000|
| 191|0x0000000097100000, 0x0000000097200000, 0x0000000097200000|100%| O|  |TS  2|AC  0|TAMS 0x0000000097100000, 0x0000000097200000|
| 192|0x0000000097200000, 0x0000000097300000, 0x0000000097300000|100%| O|  |TS  2|AC  0|TAMS 0x0000000097200000, 0x0000000097300000|
| 193|0x0000000097300000, 0x0000000097400000, 0x0000000097400000|100%| O|  |TS  2|AC  0|TAMS 0x0000000097300000, 0x0000000097400000|
| 194|0x0000000097400000, 0x0000000097500000, 0x0000000097500000|100%| O|  |TS  2|AC  0|TAMS 0x0000000097400000, 0x0000000097500000|
| 195|0x0000000097500000, 0x0000000097600000, 0x0000000097600000|100%| O|  |TS  2|AC  0|TAMS 0x0000000097500000, 0x0000000097600000|
| 196|0x0000000097600000, 0x0000000097700000, 0x0000000097700000|100%| O|  |TS  2|AC  0|TAMS 0x0000000097600000, 0x0000000097700000|
| 197|0x0000000097700000, 0x0000000097800000, 0x0000000097800000|100%| O|  |TS  2|AC  0|TAMS 0x0000000097700000, 0x0000000097800000|
| 198|0x0000000097800000, 0x0000000097900000, 0x0000000097900000|100%| O|  |TS  2|AC  0|TAMS 0x0000000097800000, 0x0000000097900000|
| 199|0x0000000097900000, 0x0000000097a00000, 0x0000000097a00000|100%| O|  |TS  2|AC  0|TAMS 0x0000000097900000, 0x0000000097a00000|
| 200|0x0000000097a00000, 0x0000000097b00000, 0x0000000097b00000|100%| O|  |TS  2|AC  0|TAMS 0x0000000097a00000, 0x0000000097b00000|
| 201|0x0000000097b00000, 0x0000000097c00000, 0x0000000097c00000|100%| O|  |TS  2|AC  0|TAMS 0x0000000097b00000, 0x0000000097c00000|
| 202|0x0000000097c00000, 0x0000000097d00000, 0x0000000097d00000|100%| O|  |TS  2|AC  0|TAMS 0x0000000097c00000, 0x0000000097d00000|
| 203|0x0000000097d00000, 0x0000000097e00000, 0x0000000097e00000|100%| O|  |TS  2|AC  0|TAMS 0x0000000097d00000, 0x0000000097e00000|
| 204|0x0000000097e00000, 0x0000000097f00000, 0x0000000097f00000|100%|HS|  |TS  0|AC  0|TAMS 0x0000000097e00000, 0x0000000097e00000|
| 205|0x0000000097f00000, 0x0000000098000000, 0x0000000098000000|100%|HC|  |TS  0|AC  0|TAMS 0x0000000097f00000, 0x0000000097f00000|
| 206|0x0000000098000000, 0x0000000098100000, 0x0000000098100000|100%|HC|  |TS  0|AC  0|TAMS 0x0000000098000000, 0x0000000098000000|
| 207|0x0000000098100000, 0x0000000098200000, 0x0000000098200000|100%|HC|  |TS  0|AC  0|TAMS 0x0000000098100000, 0x0000000098100000|
| 208|0x0000000098200000, 0x0000000098300000, 0x0000000098300000|100%|HC|  |TS  0|AC  0|TAMS 0x0000000098200000, 0x0000000098200000|
| 209|0x0000000098300000, 0x0000000098400000, 0x0000000098400000|100%|HC|  |TS  0|AC  0|TAMS 0x0000000098300000, 0x0000000098300000|
| 210|0x0000000098400000, 0x0000000098500000, 0x0000000098500000|100%|HC|  |TS  0|AC  0|TAMS 0x0000000098400000, 0x0000000098400000|
| 211|0x0000000098500000, 0x0000000098600000, 0x0000000098600000|100%|HC|  |TS  0|AC  0|TAMS 0x0000000098500000, 0x0000000098500000|
| 212|0x0000000098600000, 0x0000000098700000, 0x0000000098700000|100%|HC|  |TS  0|AC  0|TAMS 0x0000000098600000, 0x0000000098600000|
| 213|0x0000000098700000, 0x0000000098800000, 0x0000000098800000|100%|HC|  |TS  0|AC  0|TAMS 0x0000000098700000, 0x0000000098700000|
| 214|0x0000000098800000, 0x0000000098900000, 0x0000000098900000|100%|HC|  |TS  0|AC  0|TAMS 0x0000000098800000, 0x0000000098800000|
| 215|0x0000000098900000, 0x0000000098a00000, 0x0000000098a00000|100%|HC|  |TS  0|AC  0|TAMS 0x0000000098900000, 0x0000000098900000|
| 216|0x0000000098a00000, 0x0000000098b00000, 0x0000000098b00000|100%|HC|  |TS  0|AC  0|TAMS 0x0000000098a00000, 0x0000000098a00000|
| 217|0x0000000098b00000, 0x0000000098c00000, 0x0000000098c00000|100%|HC|  |TS  0|AC  0|TAMS 0x0000000098b00000, 0x0000000098b00000|
| 218|0x0000000098c00000, 0x0000000098d00000, 0x0000000098d00000|100%|HC|  |TS  0|AC  0|TAMS 0x0000000098c00000, 0x0000000098c00000|
| 219|0x0000000098d00000, 0x0000000098e00000, 0x0000000098e00000|100%|HC|  |TS  0|AC  0|TAMS 0x0000000098d00000, 0x0000000098d00000|
| 220|0x0000000098e00000, 0x0000000098f00000, 0x0000000098f00000|100%| O|  |TS  3|AC  0|TAMS 0x0000000098e00000, 0x0000000098e00000|
| 221|0x0000000098f00000, 0x0000000099000000, 0x0000000099000000|100%| O|  |TS  3|AC  0|TAMS 0x0000000098f00000, 0x0000000098f00000|
| 222|0x0000000099000000, 0x0000000099100000, 0x0000000099100000|100%| O|  |TS  3|AC  0|TAMS 0x0000000099000000, 0x0000000099000000|
| 223|0x0000000099100000, 0x0000000099200000, 0x0000000099200000|100%| O|  |TS  3|AC  0|TAMS 0x0000000099100000, 0x0000000099100000|
| 224|0x0000000099200000, 0x0000000099300000, 0x0000000099300000|100%| O|  |TS  3|AC  0|TAMS 0x0000000099200000, 0x0000000099200000|
| 225|0x0000000099300000, 0x0000000099400000, 0x0000000099400000|100%| O|  |TS  3|AC  0|TAMS 0x0000000099300000, 0x0000000099300000|
| 226|0x0000000099400000, 0x0000000099500000, 0x0000000099500000|100%| O|  |TS  3|AC  0|TAMS 0x0000000099400000, 0x0000000099400000|
| 227|0x0000000099500000, 0x0000000099600000, 0x0000000099600000|100%| O|  |TS  3|AC  0|TAMS 0x0000000099500000, 0x0000000099500000|
| 228|0x0000000099600000, 0x0000000099700000, 0x0000000099700000|100%| O|  |TS  3|AC  0|TAMS 0x0000000099600000, 0x0000000099600000|
| 229|0x0000000099700000, 0x0000000099800000, 0x0000000099800000|100%| O|  |TS  3|AC  0|TAMS 0x0000000099700000, 0x0000000099700000|
| 230|0x0000000099800000, 0x0000000099900000, 0x0000000099900000|100%| O|  |TS  3|AC  0|TAMS 0x0000000099800000, 0x0000000099800000|
| 231|0x0000000099900000, 0x0000000099a00000, 0x0000000099a00000|100%| O|  |TS  3|AC  0|TAMS 0x0000000099900000, 0x0000000099900000|
| 232|0x0000000099a00000, 0x0000000099b00000, 0x0000000099b00000|100%| O|  |TS  3|AC  0|TAMS 0x0000000099a00000, 0x0000000099a00000|
| 233|0x0000000099b00000, 0x0000000099c00000, 0x0000000099c00000|100%| O|  |TS  3|AC  0|TAMS 0x0000000099b00000, 0x0000000099b00000|
| 234|0x0000000099c00000, 0x0000000099d00000, 0x0000000099d00000|100%| O|  |TS  3|AC  0|TAMS 0x0000000099c00000, 0x0000000099c00000|
| 235|0x0000000099d00000, 0x0000000099e00000, 0x0000000099e00000|100%| O|  |TS  3|AC  0|TAMS 0x0000000099d00000, 0x0000000099d00000|
| 236|0x0000000099e00000, 0x0000000099f00000, 0x0000000099f00000|100%| O|  |TS  3|AC  0|TAMS 0x0000000099e00000, 0x0000000099e00000|
| 237|0x0000000099f00000, 0x000000009a000000, 0x000000009a000000|100%| O|  |TS  3|AC  0|TAMS 0x0000000099f00000, 0x0000000099f00000|
| 238|0x000000009a000000, 0x000000009a100000, 0x000000009a100000|100%| O|  |TS  3|AC  0|TAMS 0x000000009a000000, 0x000000009a000000|
| 239|0x000000009a100000, 0x000000009a200000, 0x000000009a200000|100%| O|  |TS  3|AC  0|TAMS 0x000000009a100000, 0x000000009a100000|
| 240|0x000000009a200000, 0x000000009a300000, 0x000000009a300000|100%| O|  |TS  3|AC  0|TAMS 0x000000009a200000, 0x000000009a200000|
| 241|0x000000009a300000, 0x000000009a400000, 0x000000009a400000|100%| O|  |TS  3|AC  0|TAMS 0x000000009a300000, 0x000000009a300000|
| 242|0x000000009a400000, 0x000000009a500000, 0x000000009a500000|100%| O|  |TS  3|AC  0|TAMS 0x000000009a400000, 0x000000009a400000|
| 243|0x000000009a500000, 0x000000009a600000, 0x000000009a600000|100%| O|  |TS  3|AC  0|TAMS 0x000000009a500000, 0x000000009a500000|
| 244|0x000000009a600000, 0x000000009a680000, 0x000000009a700000| 50%| O|  |TS  3|AC  0|TAMS 0x000000009a600000, 0x000000009a600000|
| 245|0x000000009a700000, 0x000000009a700000, 0x000000009a800000|  0%| F|  |TS  0|AC  0|TAMS 0x000000009a700000, 0x000000009a700000|
| 246|0x000000009a800000, 0x000000009a800000, 0x000000009a900000|  0%| F|  |TS  0|AC  0|TAMS 0x000000009a800000, 0x000000009a800000|
| 247|0x000000009a900000, 0x000000009a900000, 0x000000009aa00000|  0%| F|  |TS  0|AC  0|TAMS 0x000000009a900000, 0x000000009a900000|
| 248|0x000000009aa00000, 0x000000009aa00000, 0x000000009ab00000|  0%| F|  |TS  0|AC  0|TAMS 0x000000009aa00000, 0x000000009aa00000|
| 249|0x000000009ab00000, 0x000000009ab00000, 0x000000009ac00000|  0%| F|  |TS  0|AC  0|TAMS 0x000000009ab00000, 0x000000009ab00000|
| 250|0x000000009ac00000, 0x000000009ac00000, 0x000000009ad00000|  0%| F|  |TS  0|AC  0|TAMS 0x000000009ac00000, 0x000000009ac00000|
| 251|0x000000009ad00000, 0x000000009ad00000, 0x000000009ae00000|  0%| F|  |TS  0|AC  0|TAMS 0x000000009ad00000, 0x000000009ad00000|
| 252|0x000000009ae00000, 0x000000009ae00000, 0x000000009af00000|  0%| F|  |TS  0|AC  0|TAMS 0x000000009ae00000, 0x000000009ae00000|
| 253|0x000000009af00000, 0x000000009af00000, 0x000000009b000000|  0%| F|  |TS  0|AC  0|TAMS 0x000000009af00000, 0x000000009af00000|
| 254|0x000000009b000000, 0x000000009b000000, 0x000000009b100000|  0%| F|  |TS  2|AC  0|TAMS 0x000000009b000000, 0x000000009b000000|
| 255|0x000000009b100000, 0x000000009b100000, 0x000000009b200000|  0%| F|  |TS  2|AC  0|TAMS 0x000000009b100000, 0x000000009b100000|
| 256|0x000000009b200000, 0x000000009b200000, 0x000000009b300000|  0%| F|  |TS  2|AC  0|TAMS 0x000000009b200000, 0x000000009b200000|
| 257|0x000000009b300000, 0x000000009b300000, 0x000000009b400000|  0%| F|  |TS  1|AC  0|TAMS 0x000000009b300000, 0x000000009b300000|
| 258|0x000000009b400000, 0x000000009b400000, 0x000000009b500000|  0%| F|  |TS  1|AC  0|TAMS 0x000000009b400000, 0x000000009b400000|
| 259|0x000000009b500000, 0x000000009b500000, 0x000000009b600000|  0%| F|  |TS  1|AC  0|TAMS 0x000000009b500000, 0x000000009b500000|
| 260|0x000000009b600000, 0x000000009b600000, 0x000000009b700000|  0%| F|  |TS  1|AC  0|TAMS 0x000000009b600000, 0x000000009b600000|
| 261|0x000000009b700000, 0x000000009b700000, 0x000000009b800000|  0%| F|  |TS  1|AC  0|TAMS 0x000000009b700000, 0x000000009b700000|
| 262|0x000000009b800000, 0x000000009b800000, 0x000000009b900000|  0%| F|  |TS  1|AC  0|TAMS 0x000000009b800000, 0x000000009b800000|
| 263|0x000000009b900000, 0x000000009b900000, 0x000000009ba00000|  0%| F|  |TS  2|AC  0|TAMS 0x000000009b900000, 0x000000009b900000|
| 264|0x000000009ba00000, 0x000000009ba00000, 0x000000009bb00000|  0%| F|  |TS  2|AC  0|TAMS 0x000000009ba00000, 0x000000009ba00000|
| 265|0x000000009bb00000, 0x000000009bb00000, 0x000000009bc00000|  0%| F|  |TS  2|AC  0|TAMS 0x000000009bb00000, 0x000000009bb00000|
| 266|0x000000009bc00000, 0x000000009bc00000, 0x000000009bd00000|  0%| F|  |TS  1|AC  0|TAMS 0x000000009bc00000, 0x000000009bc00000|
| 267|0x000000009bd00000, 0x000000009bd00000, 0x000000009be00000|  0%| F|  |TS  1|AC  0|TAMS 0x000000009bd00000, 0x000000009bd00000|
| 268|0x000000009be00000, 0x000000009be00000, 0x000000009bf00000|  0%| F|  |TS  1|AC  0|TAMS 0x000000009be00000, 0x000000009be00000|
| 269|0x000000009bf00000, 0x000000009bf00000, 0x000000009c000000|  0%| F|  |TS  1|AC  0|TAMS 0x000000009bf00000, 0x000000009bf00000|
| 270|0x000000009c000000, 0x000000009c000000, 0x000000009c100000|  0%| F|  |TS  1|AC  0|TAMS 0x000000009c000000, 0x000000009c000000|
| 271|0x000000009c100000, 0x000000009c100000, 0x000000009c200000|  0%| F|  |TS  1|AC  0|TAMS 0x000000009c100000, 0x000000009c100000|
| 272|0x000000009c200000, 0x000000009c200000, 0x000000009c300000|  0%| F|  |TS  3|AC  0|TAMS 0x000000009c200000, 0x000000009c200000|
| 273|0x000000009c300000, 0x000000009c300000, 0x000000009c400000|  0%| F|  |TS  3|AC  0|TAMS 0x000000009c300000, 0x000000009c300000|
| 274|0x000000009c400000, 0x000000009c400000, 0x000000009c500000|  0%| F|  |TS  3|AC  0|TAMS 0x000000009c400000, 0x000000009c400000|
| 275|0x000000009c500000, 0x000000009c500000, 0x000000009c600000|  0%| F|  |TS  3|AC  0|TAMS 0x000000009c500000, 0x000000009c500000|
| 276|0x000000009c600000, 0x000000009c600000, 0x000000009c700000|  0%| F|  |TS  3|AC  0|TAMS 0x000000009c600000, 0x000000009c600000|
| 277|0x000000009c700000, 0x000000009c700000, 0x000000009c800000|  0%| F|  |TS  2|AC  0|TAMS 0x000000009c700000, 0x000000009c700000|
| 278|0x000000009c800000, 0x000000009c800000, 0x000000009c900000|  0%| F|  |TS  2|AC  0|TAMS 0x000000009c800000, 0x000000009c800000|
| 279|0x000000009c900000, 0x000000009c900000, 0x000000009ca00000|  0%| F|  |TS  2|AC  0|TAMS 0x000000009c900000, 0x000000009c900000|
| 280|0x000000009ca00000, 0x000000009ca00000, 0x000000009cb00000|  0%| F|  |TS  2|AC  0|TAMS 0x000000009ca00000, 0x000000009ca00000|
| 281|0x000000009cb00000, 0x000000009cb00000, 0x000000009cc00000|  0%| F|  |TS  2|AC  0|TAMS 0x000000009cb00000, 0x000000009cb00000|
| 282|0x000000009cc00000, 0x000000009cc00000, 0x000000009cd00000|  0%| F|  |TS  2|AC  0|TAMS 0x000000009cc00000, 0x000000009cc00000|
| 283|0x000000009cd00000, 0x000000009ce00000, 0x000000009ce00000|100%| S|CS|TS  3|AC  0|TAMS 0x000000009cd00000, 0x000000009cd00000|
| 284|0x000000009ce00000, 0x000000009cf00000, 0x000000009cf00000|100%| S|CS|TS  3|AC  0|TAMS 0x000000009ce00000, 0x000000009ce00000|
| 285|0x000000009cf00000, 0x000000009d000000, 0x000000009d000000|100%| S|CS|TS  3|AC  0|TAMS 0x000000009cf00000, 0x000000009cf00000|
| 286|0x000000009d000000, 0x000000009d100000, 0x000000009d100000|100%| S|CS|TS  3|AC  0|TAMS 0x000000009d000000, 0x000000009d000000|
| 287|0x000000009d100000, 0x000000009d100000, 0x000000009d200000|  0%| F|  |TS  3|AC  0|TAMS 0x000000009d100000, 0x000000009d100000|
| 288|0x000000009d200000, 0x000000009d200000, 0x000000009d300000|  0%| F|  |TS  3|AC  0|TAMS 0x000000009d200000, 0x000000009d200000|
| 289|0x000000009d300000, 0x000000009d300000, 0x000000009d400000|  0%| F|  |TS  3|AC  0|TAMS 0x000000009d300000, 0x000000009d300000|
| 290|0x000000009d400000, 0x000000009d400000, 0x000000009d500000|  0%| F|  |TS  3|AC  0|TAMS 0x000000009d400000, 0x000000009d400000|
| 291|0x000000009d500000, 0x000000009d500000, 0x000000009d600000|  0%| F|  |TS  3|AC  0|TAMS 0x000000009d500000, 0x000000009d500000|
| 292|0x000000009d600000, 0x000000009d600000, 0x000000009d700000|  0%| F|  |TS  3|AC  0|TAMS 0x000000009d600000, 0x000000009d600000|
| 293|0x000000009d700000, 0x000000009d700000, 0x000000009d800000|  0%| F|  |TS  3|AC  0|TAMS 0x000000009d700000, 0x000000009d700000|
| 294|0x000000009d800000, 0x000000009d800000, 0x000000009d900000|  0%| F|  |TS  3|AC  0|TAMS 0x000000009d800000, 0x000000009d800000|
| 295|0x000000009d900000, 0x000000009d900000, 0x000000009da00000|  0%| F|  |TS  3|AC  0|TAMS 0x000000009d900000, 0x000000009d900000|
| 296|0x000000009da00000, 0x000000009da00000, 0x000000009db00000|  0%| F|  |TS  3|AC  0|TAMS 0x000000009da00000, 0x000000009da00000|
| 297|0x000000009db00000, 0x000000009db00000, 0x000000009dc00000|  0%| F|  |TS  3|AC  0|TAMS 0x000000009db00000, 0x000000009db00000|
| 298|0x000000009dc00000, 0x000000009dc00000, 0x000000009dd00000|  0%| F|  |TS  3|AC  0|TAMS 0x000000009dc00000, 0x000000009dc00000|
| 299|0x000000009dd00000, 0x000000009dd00000, 0x000000009de00000|  0%| F|  |TS  3|AC  0|TAMS 0x000000009dd00000, 0x000000009dd00000|
| 300|0x000000009de00000, 0x000000009de00000, 0x000000009df00000|  0%| F|  |TS  3|AC  0|TAMS 0x000000009de00000, 0x000000009de00000|
| 301|0x000000009df00000, 0x000000009df00000, 0x000000009e000000|  0%| F|  |TS  3|AC  0|TAMS 0x000000009df00000, 0x000000009df00000|
| 302|0x000000009e000000, 0x000000009e000000, 0x000000009e100000|  0%| F|  |TS  3|AC  0|TAMS 0x000000009e000000, 0x000000009e000000|
| 303|0x000000009e100000, 0x000000009e100000, 0x000000009e200000|  0%| F|  |TS  3|AC  0|TAMS 0x000000009e100000, 0x000000009e100000|
| 304|0x000000009e200000, 0x000000009e200000, 0x000000009e300000|  0%| F|  |TS  3|AC  0|TAMS 0x000000009e200000, 0x000000009e200000|
| 305|0x000000009e300000, 0x000000009e300000, 0x000000009e400000|  0%| F|  |TS  3|AC  0|TAMS 0x000000009e300000, 0x000000009e300000|
| 306|0x000000009e400000, 0x000000009e400000, 0x000000009e500000|  0%| F|  |TS  3|AC  0|TAMS 0x000000009e400000, 0x000000009e400000|
| 307|0x000000009e500000, 0x000000009e500000, 0x000000009e600000|  0%| F|  |TS  3|AC  0|TAMS 0x000000009e500000, 0x000000009e500000|

Card table byte_map: [0x00007f98f70d4000,0x00007f98f747b000] byte_map_base: 0x00007f98f6c7b000

Marking Bits (Prev, Next): (CMBitMap*) 0x00007f991005b388, (CMBitMap*) 0x00007f991005b350
 Prev Bits: [0x00007f98d62c8000, 0x00007f98d8000000)
 Next Bits: [0x00007f98f4ff5000, 0x00007f98f6d2d000)

Polling page: 0x00007f9918cab000

CodeHeap 'non-profiled nmethods': size=120032Kb used=44Kb max_used=44Kb free=119987Kb
 bounds [0x00007f98ff5ed000, 0x00007f98ff85d000, 0x00007f9906b25000]
CodeHeap 'profiled nmethods': size=120028Kb used=177Kb max_used=177Kb free=119850Kb
 bounds [0x00007f98f80b6000, 0x00007f98f8326000, 0x00007f98ff5ed000]
CodeHeap 'non-nmethods': size=5700Kb used=981Kb max_used=1003Kb free=4719Kb
 bounds [0x00007f98f7b25000, 0x00007f98f7d95000, 0x00007f98f80b6000]
 total_blobs=454 nmethods=123 adapters=156
 compilation: enabled

Compilation events (10 events):
Event: 0.076 Thread 0x00007f9910155800  121       4       java.lang.Math::min (11 bytes)
Event: 0.077 Thread 0x00007f9910155800 nmethod 121 0x00007f98ff5f5d10 code [0x00007f98ff5f5ea0, 0x00007f98ff5f5ef8]
Event: 0.077 Thread 0x00007f9910151800 nmethod 113 0x00007f98ff5f5f90 code [0x00007f98ff5f6160, 0x00007f98ff5f67d8]
Event: 0.083 Thread 0x00007f9910153800 nmethod 120 0x00007f98ff5f6b10 code [0x00007f98ff5f6d00, 0x00007f98ff5f7748]
Event: 0.086 Thread 0x00007f9910157800  122 %     3       scan.lexerv2::lex @ 6 (168 bytes)
Event: 0.087 Thread 0x00007f9910157800 nmethod 122% 0x00007f98f80dbd10 code [0x00007f98f80dc1e0, 0x00007f98f80de598]
Event: 0.087 Thread 0x00007f9910157800  123       3       scan.lexerv2::lex (168 bytes)
Event: 0.089 Thread 0x00007f9910157800 nmethod 123 0x00007f98f80df190 code [0x00007f98f80df660, 0x00007f98f80e1998]
Event: 0.091 Thread 0x00007f9910155800  124 %     4       scan.lexerv2::lex @ 6 (168 bytes)
Event: 0.094 Thread 0x00007f9910155800 nmethod 124% 0x00007f98ff5f7c90 code [0x00007f98ff5f7e40, 0x00007f98ff5f8028]

GC Heap History (10 events):
Event: 0.166 GC heap after
{Heap after GC invocations=4 (full 0):
 garbage-first heap   total 120832K, used 56115K [0x000000008b200000, 0x0000000100000000)
  region size 1024K, 1 young (1024K), 1 survivors (1024K)
 Metaspace       used 3790K, capacity 4498K, committed 4864K, reserved 1056768K
  class space    used 319K, capacity 386K, committed 512K, reserved 1048576K
}
Event: 0.172 GC heap before
{Heap before GC invocations=4 (full 0):
 garbage-first heap   total 120832K, used 71475K [0x000000008b200000, 0x0000000100000000)
  region size 1024K, 16 young (16384K), 1 survivors (1024K)
 Metaspace       used 3790K, capacity 4498K, committed 4864K, reserved 1056768K
  class space    used 319K, capacity 386K, committed 512K, reserved 1048576K
}
Event: 0.183 GC heap after
{Heap after GC invocations=5 (full 0):
 garbage-first heap   total 315392K, used 72031K [0x000000008b200000, 0x0000000100000000)
  region size 1024K, 2 young (2048K), 2 survivors (2048K)
 Metaspace       used 3790K, capacity 4498K, committed 4864K, reserved 1056768K
  class space    used 319K, capacity 386K, committed 512K, reserved 1048576K
}
Event: 0.239 GC heap before
{Heap before GC invocations=5 (full 0):
 garbage-first heap   total 315392K, used 130399K [0x000000008b200000, 0x0000000100000000)
  region size 1024K, 47 young (48128K), 2 survivors (2048K)
 Metaspace       used 3790K, capacity 4498K, committed 4864K, reserved 1056768K
  class space    used 319K, capacity 386K, committed 512K, reserved 1048576K
}
Event: 0.272 GC heap after
{Heap after GC invocations=6 (full 0):
 garbage-first heap   total 315392K, used 131369K [0x000000008b200000, 0x0000000100000000)
  region size 1024K, 6 young (6144K), 6 survivors (6144K)
 Metaspace       used 3790K, capacity 4498K, committed 4864K, reserved 1056768K
  class space    used 319K, capacity 386K, committed 512K, reserved 1048576K
}
Event: 0.303 GC heap before
{Heap before GC invocations=7 (full 0):
 garbage-first heap   total 315392K, used 178473K [0x000000008b200000, 0x0000000100000000)
  region size 1024K, 48 young (49152K), 6 survivors (6144K)
 Metaspace       used 3790K, capacity 4498K, committed 4864K, reserved 1056768K
  class space    used 319K, capacity 386K, committed 512K, reserved 1048576K
}
Event: 0.344 GC heap after
{Heap after GC invocations=8 (full 0):
 garbage-first heap   total 315392K, used 181248K [0x000000008b200000, 0x0000000100000000)
  region size 1024K, 6 young (6144K), 6 survivors (6144K)
 Metaspace       used 3790K, capacity 4498K, committed 4864K, reserved 1056768K
  class space    used 319K, capacity 386K, committed 512K, reserved 1048576K
}
Event: 0.363 GC heap before
{Heap before GC invocations=8 (full 0):
 garbage-first heap   total 315392K, used 212992K [0x000000008b200000, 0x0000000100000000)
  region size 1024K, 37 young (37888K), 6 survivors (6144K)
 Metaspace       used 3790K, capacity 4498K, committed 4864K, reserved 1056768K
  class space    used 319K, capacity 386K, committed 512K, reserved 1048576K
}
Event: 0.387 GC heap after
{Heap after GC invocations=9 (full 0):
 garbage-first heap   total 315392K, used 214016K [0x000000008b200000, 0x0000000100000000)
  region size 1024K, 5 young (5120K), 5 survivors (5120K)
 Metaspace       used 3790K, capacity 4498K, committed 4864K, reserved 1056768K
  class space    used 319K, capacity 386K, committed 512K, reserved 1048576K
}
Event: 0.411 GC heap before
{Heap before GC invocations=9 (full 0):
 garbage-first heap   total 315392K, used 251904K [0x000000008b200000, 0x0000000100000000)
  region size 1024K, 26 young (26624K), 5 survivors (5120K)
 Metaspace       used 3790K, capacity 4498K, committed 4864K, reserved 1056768K
  class space    used 319K, capacity 386K, committed 512K, reserved 1048576K
}

Deoptimization events (1 events):
Event: 0.056 Thread 0x00007f9910011800 Uncommon trap: reason=unstable_if action=reinterpret pc=0x00007f98ff5f2570 method=java.lang.String.hashCode()I @ 14 c2

Classes redefined (0 events):
No events

Internal exceptions (0 events):
No events

Events (10 events):
Event: 0.230 Executing VM operation: CGC_Operation done
Event: 0.238 Executing VM operation: G1IncCollectionPause
Event: 0.272 Executing VM operation: G1IncCollectionPause done
Event: 0.277 Executing VM operation: CGC_Operation
Event: 0.278 Executing VM operation: CGC_Operation done
Event: 0.303 Executing VM operation: G1IncCollectionPause
Event: 0.344 Executing VM operation: G1IncCollectionPause done
Event: 0.363 Executing VM operation: G1IncCollectionPause
Event: 0.387 Executing VM operation: G1IncCollectionPause done
Event: 0.411 Executing VM operation: G1IncCollectionPause


Dynamic libraries:
8b200000-9e600000 rw-p 00000000 00:00 0 
c4e00000-100000000 ---p 00000000 00:00 0 
100000000-100080000 rw-p 00000000 00:00 0 
100080000-140000000 ---p 00000000 00:00 0 
555e1feab000-555e1feac000 r-xp 00000000 103:01 13765084                  /usr/lib/jvm/java-11-openjdk-amd64/bin/java
555e200ac000-555e200ad000 r--p 00001000 103:01 13765084                  /usr/lib/jvm/java-11-openjdk-amd64/bin/java
555e200ad000-555e200ae000 rw-p 00002000 103:01 13765084                  /usr/lib/jvm/java-11-openjdk-amd64/bin/java
555e20a76000-555e20a97000 rw-p 00000000 00:00 0                          [heap]
7f986c000000-7f986c021000 rw-p 00000000 00:00 0 
7f986c021000-7f9870000000 ---p 00000000 00:00 0 
7f9870000000-7f9870021000 rw-p 00000000 00:00 0 
7f9870021000-7f9874000000 ---p 00000000 00:00 0 
7f9874000000-7f9874021000 rw-p 00000000 00:00 0 
7f9874021000-7f9878000000 ---p 00000000 00:00 0 
7f9878000000-7f9878021000 rw-p 00000000 00:00 0 
7f9878021000-7f987c000000 ---p 00000000 00:00 0 
7f987c000000-7f987c0f0000 rw-p 00000000 00:00 0 
7f987c0f0000-7f9880000000 ---p 00000000 00:00 0 
7f9880000000-7f9880059000 rw-p 00000000 00:00 0 
7f9880059000-7f9884000000 ---p 00000000 00:00 0 
7f9884000000-7f9884133000 rw-p 00000000 00:00 0 
7f9884133000-7f9888000000 ---p 00000000 00:00 0 
7f9888000000-7f98880fa000 rw-p 00000000 00:00 0 
7f98880fa000-7f988c000000 ---p 00000000 00:00 0 
7f988c000000-7f988c021000 rw-p 00000000 00:00 0 
7f988c021000-7f9890000000 ---p 00000000 00:00 0 
7f9890000000-7f9890021000 rw-p 00000000 00:00 0 
7f9890021000-7f9894000000 ---p 00000000 00:00 0 
7f9894000000-7f98940a8000 rw-p 00000000 00:00 0 
7f98940a8000-7f9898000000 ---p 00000000 00:00 0 
7f9898000000-7f9898021000 rw-p 00000000 00:00 0 
7f9898021000-7f989c000000 ---p 00000000 00:00 0 
7f989c000000-7f989c021000 rw-p 00000000 00:00 0 
7f989c021000-7f98a0000000 ---p 00000000 00:00 0 
7f98a0000000-7f98a0021000 rw-p 00000000 00:00 0 
7f98a0021000-7f98a4000000 ---p 00000000 00:00 0 
7f98a4000000-7f98a4021000 rw-p 00000000 00:00 0 
7f98a4021000-7f98a8000000 ---p 00000000 00:00 0 
7f98a9af3000-7f98a9b0a000 r-xp 00000000 103:01 14033102                  /usr/lib/jvm/java-11-openjdk-amd64/lib/libnet.so
7f98a9b0a000-7f98a9d09000 ---p 00017000 103:01 14033102                  /usr/lib/jvm/java-11-openjdk-amd64/lib/libnet.so
7f98a9d09000-7f98a9d0a000 r--p 00016000 103:01 14033102                  /usr/lib/jvm/java-11-openjdk-amd64/lib/libnet.so
7f98a9d0a000-7f98a9d0b000 rw-p 00017000 103:01 14033102                  /usr/lib/jvm/java-11-openjdk-amd64/lib/libnet.so
7f98a9d0b000-7f98a9d1c000 r-xp 00000000 103:01 14033103                  /usr/lib/jvm/java-11-openjdk-amd64/lib/libnio.so
7f98a9d1c000-7f98a9f1b000 ---p 00011000 103:01 14033103                  /usr/lib/jvm/java-11-openjdk-amd64/lib/libnio.so
7f98a9f1b000-7f98a9f1c000 r--p 00010000 103:01 14033103                  /usr/lib/jvm/java-11-openjdk-amd64/lib/libnio.so
7f98a9f1c000-7f98a9f1d000 rw-p 00011000 103:01 14033103                  /usr/lib/jvm/java-11-openjdk-amd64/lib/libnio.so
7f98a9f1d000-7f98a9f21000 ---p 00000000 00:00 0 
7f98a9f21000-7f98aa01e000 rw-p 00000000 00:00 0 
7f98aa01e000-7f98aa01f000 ---p 00000000 00:00 0 
7f98aa01f000-7f98aa120000 rw-p 00000000 00:00 0 
7f98aa120000-7f98aa124000 ---p 00000000 00:00 0 
7f98aa124000-7f98aa221000 rw-p 00000000 00:00 0 
7f98aa221000-7f98aa225000 ---p 00000000 00:00 0 
7f98aa225000-7f98aa322000 rw-p 00000000 00:00 0 
7f98aa322000-7f98aa326000 ---p 00000000 00:00 0 
7f98aa326000-7f98aa423000 rw-p 00000000 00:00 0 
7f98aa423000-7f98aa427000 ---p 00000000 00:00 0 
7f98aa427000-7f98aa524000 rw-p 00000000 00:00 0 
7f98aa524000-7f98aa528000 ---p 00000000 00:00 0 
7f98aa528000-7f98aa625000 rw-p 00000000 00:00 0 
7f98aa625000-7f98aa629000 ---p 00000000 00:00 0 
7f98aa629000-7f98aa726000 rw-p 00000000 00:00 0 
7f98aa726000-7f98aa72a000 ---p 00000000 00:00 0 
7f98aa72a000-7f98aa827000 rw-p 00000000 00:00 0 
7f98aa827000-7f98ab1f6000 r--p 00000000 103:01 13769227                  /usr/lib/locale/locale-archive
7f98ab1f6000-7f98ab1fa000 ---p 00000000 00:00 0 
7f98ab1fa000-7f98ab2f7000 rw-p 00000000 00:00 0 
7f98ab2f7000-7f98ab2fb000 ---p 00000000 00:00 0 
7f98ab2fb000-7f98ab3f8000 rw-p 00000000 00:00 0 
7f98ab3f8000-7f98ab3f9000 ---p 00000000 00:00 0 
7f98ab3f9000-7f98ab93a000 rw-p 00000000 00:00 0 
7f98ab93a000-7f98abcfa000 ---p 00000000 00:00 0 
7f98abcfa000-7f98abcfb000 ---p 00000000 00:00 0 
7f98abcfb000-7f98abdfc000 rw-p 00000000 00:00 0 
7f98abdfc000-7f98abdfd000 ---p 00000000 00:00 0 
7f98abdfd000-7f98abefe000 rw-p 00000000 00:00 0 
7f98abefe000-7f98abeff000 ---p 00000000 00:00 0 
7f98abeff000-7f98ac000000 rw-p 00000000 00:00 0 
7f98ac000000-7f98ac021000 rw-p 00000000 00:00 0 
7f98ac021000-7f98b0000000 ---p 00000000 00:00 0 
7f98b0000000-7f98b0021000 rw-p 00000000 00:00 0 
7f98b0021000-7f98b4000000 ---p 00000000 00:00 0 
7f98b4000000-7f98b4021000 rw-p 00000000 00:00 0 
7f98b4021000-7f98b8000000 ---p 00000000 00:00 0 
7f98b8000000-7f98b8021000 rw-p 00000000 00:00 0 
7f98b8021000-7f98bc000000 ---p 00000000 00:00 0 
7f98bc000000-7f98bc029000 rw-p 00000000 00:00 0 
7f98bc029000-7f98c0000000 ---p 00000000 00:00 0 
7f98c0000000-7f98c0021000 rw-p 00000000 00:00 0 
7f98c0021000-7f98c4000000 ---p 00000000 00:00 0 
7f98c4000000-7f98c4021000 rw-p 00000000 00:00 0 
7f98c4021000-7f98c8000000 ---p 00000000 00:00 0 
7f98c8000000-7f98c8021000 rw-p 00000000 00:00 0 
7f98c8021000-7f98cc000000 ---p 00000000 00:00 0 
7f98cc000000-7f98cc021000 rw-p 00000000 00:00 0 
7f98cc021000-7f98d0000000 ---p 00000000 00:00 0 
7f98d0000000-7f98d00c2000 rw-p 00000000 00:00 0 
7f98d00c2000-7f98d4000000 ---p 00000000 00:00 0 
7f98d40c4000-7f98d40c5000 ---p 00000000 00:00 0 
7f98d40c5000-7f98d41c6000 rw-p 00000000 00:00 0 
7f98d41c6000-7f98d41c7000 ---p 00000000 00:00 0 
7f98d41c7000-7f98d6798000 rw-p 00000000 00:00 0 
7f98d6798000-7f98d8000000 ---p 00000000 00:00 0 
7f98d8000000-7f98d80fa000 rw-p 00000000 00:00 0 
7f98d80fa000-7f98dc000000 ---p 00000000 00:00 0 
7f98dc000000-7f98dc039000 rw-p 00000000 00:00 0 
7f98dc039000-7f98e0000000 ---p 00000000 00:00 0 
7f98e0000000-7f98e00a3000 rw-p 00000000 00:00 0 
7f98e00a3000-7f98e4000000 ---p 00000000 00:00 0 
7f98e4000000-7f98e40e8000 rw-p 00000000 00:00 0 
7f98e40e8000-7f98e8000000 ---p 00000000 00:00 0 
7f98e8000000-7f98e8039000 rw-p 00000000 00:00 0 
7f98e8039000-7f98ec000000 ---p 00000000 00:00 0 
7f98ec000000-7f98ec021000 rw-p 00000000 00:00 0 
7f98ec021000-7f98f0000000 ---p 00000000 00:00 0 
7f98f0000000-7f98f005f000 rw-p 00000000 00:00 0 
7f98f005f000-7f98f4000000 ---p 00000000 00:00 0 
7f98f4038000-7f98f40df000 rw-p 00000000 00:00 0 
7f98f40df000-7f98f40e0000 ---p 00000000 00:00 0 
7f98f40e0000-7f98f41e1000 rw-p 00000000 00:00 0 
7f98f41e1000-7f98f41e2000 ---p 00000000 00:00 0 
7f98f41e2000-7f98f42e3000 rw-p 00000000 00:00 0 
7f98f42e3000-7f98f42e4000 ---p 00000000 00:00 0 
7f98f42e4000-7f98f43e5000 rw-p 00000000 00:00 0 
7f98f43e5000-7f98f43e6000 ---p 00000000 00:00 0 
7f98f43e6000-7f98f4cef000 rw-p 00000000 00:00 0 
7f98f4cef000-7f98f4cf0000 ---p 00000000 00:00 0 
7f98f4cf0000-7f98f4df1000 rw-p 00000000 00:00 0 
7f98f4df1000-7f98f4df2000 ---p 00000000 00:00 0 
7f98f4df2000-7f98f4ef3000 rw-p 00000000 00:00 0 
7f98f4ef3000-7f98f4ef4000 ---p 00000000 00:00 0 
7f98f4ef4000-7f98f54c5000 rw-p 00000000 00:00 0 
7f98f54c5000-7f98f6d2d000 ---p 00000000 00:00 0 
7f98f6d2d000-7f98f6dc7000 rw-p 00000000 00:00 0 
7f98f6dc7000-7f98f70d4000 ---p 00000000 00:00 0 
7f98f70d4000-7f98f716e000 rw-p 00000000 00:00 0 
7f98f716e000-7f98f747b000 ---p 00000000 00:00 0 
7f98f747b000-7f98f7515000 rw-p 00000000 00:00 0 
7f98f7515000-7f98f7822000 ---p 00000000 00:00 0 
7f98f7822000-7f98f7b25000 rw-p 00000000 00:00 0 
7f98f7b25000-7f98f7d95000 rwxp 00000000 00:00 0 
7f98f7d95000-7f98f80b6000 ---p 00000000 00:00 0 
7f98f80b6000-7f98f8326000 rwxp 00000000 00:00 0 
7f98f8326000-7f98ff5ed000 ---p 00000000 00:00 0 
7f98ff5ed000-7f98ff85d000 rwxp 00000000 00:00 0 
7f98ff85d000-7f9906b25000 ---p 00000000 00:00 0 
7f9906b25000-7f9910000000 r--s 00000000 103:01 14033112                  /usr/lib/jvm/java-11-openjdk-amd64/lib/modules
7f9910000000-7f9910223000 rw-p 00000000 00:00 0 
7f9910223000-7f9914000000 ---p 00000000 00:00 0 
7f9914023000-7f99145ab000 rw-p 00000000 00:00 0 
7f99145ab000-7f99145ac000 ---p 00000000 00:00 0 
7f99145ac000-7f99146ad000 rw-p 00000000 00:00 0 
7f99146ad000-7f99146ae000 ---p 00000000 00:00 0 
7f99146ae000-7f99147af000 rw-p 00000000 00:00 0 
7f99147af000-7f99147b0000 ---p 00000000 00:00 0 
7f99147b0000-7f99148b1000 rw-p 00000000 00:00 0 
7f99148b1000-7f99148b2000 ---p 00000000 00:00 0 
7f99148b2000-7f99149b3000 rw-p 00000000 00:00 0 
7f99149b3000-7f99149b4000 ---p 00000000 00:00 0 
7f99149b4000-7f9914ab5000 rw-p 00000000 00:00 0 
7f9914ab5000-7f9914ab6000 ---p 00000000 00:00 0 
7f9914ab6000-7f9914bb7000 rw-p 00000000 00:00 0 
7f9914bb7000-7f9914bb8000 ---p 00000000 00:00 0 
7f9914bb8000-7f9914cb9000 rw-p 00000000 00:00 0 
7f9914cb9000-7f9914cba000 ---p 00000000 00:00 0 
7f9914cba000-7f9914dc0000 rw-p 00000000 00:00 0 
7f9914dc0000-7f9914ea6000 ---p 00000000 00:00 0 
7f9914ea6000-7f9914eab000 rw-p 00000000 00:00 0 
7f9914eab000-7f9914f91000 ---p 00000000 00:00 0 
7f9914f91000-7f9914f96000 r-xp 00000000 103:01 14033094                  /usr/lib/jvm/java-11-openjdk-amd64/lib/libjimage.so
7f9914f96000-7f9915195000 ---p 00005000 103:01 14033094                  /usr/lib/jvm/java-11-openjdk-amd64/lib/libjimage.so
7f9915195000-7f9915196000 r--p 00004000 103:01 14033094                  /usr/lib/jvm/java-11-openjdk-amd64/lib/libjimage.so
7f9915196000-7f9915197000 rw-p 00005000 103:01 14033094                  /usr/lib/jvm/java-11-openjdk-amd64/lib/libjimage.so
7f9915197000-7f991519e000 r-xp 00000000 103:01 14033111                  /usr/lib/jvm/java-11-openjdk-amd64/lib/libzip.so
7f991519e000-7f991539d000 ---p 00007000 103:01 14033111                  /usr/lib/jvm/java-11-openjdk-amd64/lib/libzip.so
7f991539d000-7f991539e000 r--p 00006000 103:01 14033111                  /usr/lib/jvm/java-11-openjdk-amd64/lib/libzip.so
7f991539e000-7f991539f000 rw-p 00007000 103:01 14033111                  /usr/lib/jvm/java-11-openjdk-amd64/lib/libzip.so
7f991539f000-7f99153aa000 r-xp 00000000 103:01 5772019                   /lib/x86_64-linux-gnu/libnss_files-2.27.so
7f99153aa000-7f99155a9000 ---p 0000b000 103:01 5772019                   /lib/x86_64-linux-gnu/libnss_files-2.27.so
7f99155a9000-7f99155aa000 r--p 0000a000 103:01 5772019                   /lib/x86_64-linux-gnu/libnss_files-2.27.so
7f99155aa000-7f99155ab000 rw-p 0000b000 103:01 5772019                   /lib/x86_64-linux-gnu/libnss_files-2.27.so
7f99155ab000-7f99155b1000 rw-p 00000000 00:00 0 
7f99155b1000-7f99155c8000 r-xp 00000000 103:01 5772013                   /lib/x86_64-linux-gnu/libnsl-2.27.so
7f99155c8000-7f99157c7000 ---p 00017000 103:01 5772013                   /lib/x86_64-linux-gnu/libnsl-2.27.so
7f99157c7000-7f99157c8000 r--p 00016000 103:01 5772013                   /lib/x86_64-linux-gnu/libnsl-2.27.so
7f99157c8000-7f99157c9000 rw-p 00017000 103:01 5772013                   /lib/x86_64-linux-gnu/libnsl-2.27.so
7f99157c9000-7f99157cb000 rw-p 00000000 00:00 0 
7f99157cb000-7f99157d6000 r-xp 00000000 103:01 5772030                   /lib/x86_64-linux-gnu/libnss_nis-2.27.so
7f99157d6000-7f99159d5000 ---p 0000b000 103:01 5772030                   /lib/x86_64-linux-gnu/libnss_nis-2.27.so
7f99159d5000-7f99159d6000 r--p 0000a000 103:01 5772030                   /lib/x86_64-linux-gnu/libnss_nis-2.27.so
7f99159d6000-7f99159d7000 rw-p 0000b000 103:01 5772030                   /lib/x86_64-linux-gnu/libnss_nis-2.27.so
7f99159d7000-7f99159df000 r-xp 00000000 103:01 5772015                   /lib/x86_64-linux-gnu/libnss_compat-2.27.so
7f99159df000-7f9915bdf000 ---p 00008000 103:01 5772015                   /lib/x86_64-linux-gnu/libnss_compat-2.27.so
7f9915bdf000-7f9915be0000 r--p 00008000 103:01 5772015                   /lib/x86_64-linux-gnu/libnss_compat-2.27.so
7f9915be0000-7f9915be1000 rw-p 00009000 103:01 5772015                   /lib/x86_64-linux-gnu/libnss_compat-2.27.so
7f9915be1000-7f9915c0d000 r-xp 00000000 103:01 14033090                  /usr/lib/jvm/java-11-openjdk-amd64/lib/libjava.so
7f9915c0d000-7f9915e0c000 ---p 0002c000 103:01 14033090                  /usr/lib/jvm/java-11-openjdk-amd64/lib/libjava.so
7f9915e0c000-7f9915e0d000 r--p 0002b000 103:01 14033090                  /usr/lib/jvm/java-11-openjdk-amd64/lib/libjava.so
7f9915e0d000-7f9915e0f000 rw-p 0002c000 103:01 14033090                  /usr/lib/jvm/java-11-openjdk-amd64/lib/libjava.so
7f9915e0f000-7f9915e1c000 r-xp 00000000 103:01 14033110                  /usr/lib/jvm/java-11-openjdk-amd64/lib/libverify.so
7f9915e1c000-7f991601b000 ---p 0000d000 103:01 14033110                  /usr/lib/jvm/java-11-openjdk-amd64/lib/libverify.so
7f991601b000-7f991601d000 r--p 0000c000 103:01 14033110                  /usr/lib/jvm/java-11-openjdk-amd64/lib/libverify.so
7f991601d000-7f991601e000 rw-p 0000e000 103:01 14033110                  /usr/lib/jvm/java-11-openjdk-amd64/lib/libverify.so
7f991601e000-7f9916025000 r-xp 00000000 103:01 5772070                   /lib/x86_64-linux-gnu/librt-2.27.so
7f9916025000-7f9916224000 ---p 00007000 103:01 5772070                   /lib/x86_64-linux-gnu/librt-2.27.so
7f9916224000-7f9916225000 r--p 00006000 103:01 5772070                   /lib/x86_64-linux-gnu/librt-2.27.so
7f9916225000-7f9916226000 rw-p 00007000 103:01 5772070                   /lib/x86_64-linux-gnu/librt-2.27.so
7f9916226000-7f991623d000 r-xp 00000000 103:01 5767255                   /lib/x86_64-linux-gnu/libgcc_s.so.1
7f991623d000-7f991643c000 ---p 00017000 103:01 5767255                   /lib/x86_64-linux-gnu/libgcc_s.so.1
7f991643c000-7f991643d000 r--p 00016000 103:01 5767255                   /lib/x86_64-linux-gnu/libgcc_s.so.1
7f991643d000-7f991643e000 rw-p 00017000 103:01 5767255                   /lib/x86_64-linux-gnu/libgcc_s.so.1
7f991643e000-7f99165db000 r-xp 00000000 103:01 5771992                   /lib/x86_64-linux-gnu/libm-2.27.so
7f99165db000-7f99167da000 ---p 0019d000 103:01 5771992                   /lib/x86_64-linux-gnu/libm-2.27.so
7f99167da000-7f99167db000 r--p 0019c000 103:01 5771992                   /lib/x86_64-linux-gnu/libm-2.27.so
7f99167db000-7f99167dc000 rw-p 0019d000 103:01 5771992                   /lib/x86_64-linux-gnu/libm-2.27.so
7f99167dc000-7f9916955000 r-xp 00000000 103:01 13762773                  /usr/lib/x86_64-linux-gnu/libstdc++.so.6.0.25
7f9916955000-7f9916b55000 ---p 00179000 103:01 13762773                  /usr/lib/x86_64-linux-gnu/libstdc++.so.6.0.25
7f9916b55000-7f9916b5f000 r--p 00179000 103:01 13762773                  /usr/lib/x86_64-linux-gnu/libstdc++.so.6.0.25
7f9916b5f000-7f9916b61000 rw-p 00183000 103:01 13762773                  /usr/lib/x86_64-linux-gnu/libstdc++.so.6.0.25
7f9916b61000-7f9916b65000 rw-p 00000000 00:00 0 
7f9916b65000-7f9917b02000 r-xp 00000000 103:01 14418719                  /usr/lib/jvm/java-11-openjdk-amd64/lib/server/libjvm.so
7f9917b02000-7f9917d02000 ---p 00f9d000 103:01 14418719                  /usr/lib/jvm/java-11-openjdk-amd64/lib/server/libjvm.so
7f9917d02000-7f9917dc6000 r--p 00f9d000 103:01 14418719                  /usr/lib/jvm/java-11-openjdk-amd64/lib/server/libjvm.so
7f9917dc6000-7f9917dfe000 rw-p 01061000 103:01 14418719                  /usr/lib/jvm/java-11-openjdk-amd64/lib/server/libjvm.so
7f9917dfe000-7f9917e47000 rw-p 00000000 00:00 0 
7f9917e47000-7f9917e61000 r-xp 00000000 103:01 5772062                   /lib/x86_64-linux-gnu/libpthread-2.27.so
7f9917e61000-7f9918060000 ---p 0001a000 103:01 5772062                   /lib/x86_64-linux-gnu/libpthread-2.27.so
7f9918060000-7f9918061000 r--p 00019000 103:01 5772062                   /lib/x86_64-linux-gnu/libpthread-2.27.so
7f9918061000-7f9918062000 rw-p 0001a000 103:01 5772062                   /lib/x86_64-linux-gnu/libpthread-2.27.so
7f9918062000-7f9918066000 rw-p 00000000 00:00 0 
7f9918066000-7f9918069000 r-xp 00000000 103:01 5771952                   /lib/x86_64-linux-gnu/libdl-2.27.so
7f9918069000-7f9918268000 ---p 00003000 103:01 5771952                   /lib/x86_64-linux-gnu/libdl-2.27.so
7f9918268000-7f9918269000 r--p 00002000 103:01 5771952                   /lib/x86_64-linux-gnu/libdl-2.27.so
7f9918269000-7f991826a000 rw-p 00003000 103:01 5771952                   /lib/x86_64-linux-gnu/libdl-2.27.so
7f991826a000-7f9918286000 r-xp 00000000 103:01 5772101                   /lib/x86_64-linux-gnu/libz.so.1.2.11
7f9918286000-7f9918485000 ---p 0001c000 103:01 5772101                   /lib/x86_64-linux-gnu/libz.so.1.2.11
7f9918485000-7f9918486000 r--p 0001b000 103:01 5772101                   /lib/x86_64-linux-gnu/libz.so.1.2.11
7f9918486000-7f9918487000 rw-p 0001c000 103:01 5772101                   /lib/x86_64-linux-gnu/libz.so.1.2.11
7f9918487000-7f991866e000 r-xp 00000000 103:01 5771929                   /lib/x86_64-linux-gnu/libc-2.27.so
7f991866e000-7f991886e000 ---p 001e7000 103:01 5771929                   /lib/x86_64-linux-gnu/libc-2.27.so
7f991886e000-7f9918872000 r--p 001e7000 103:01 5771929                   /lib/x86_64-linux-gnu/libc-2.27.so
7f9918872000-7f9918874000 rw-p 001eb000 103:01 5771929                   /lib/x86_64-linux-gnu/libc-2.27.so
7f9918874000-7f9918878000 rw-p 00000000 00:00 0 
7f9918878000-7f9918887000 r-xp 00000000 103:01 14162979                  /usr/lib/jvm/java-11-openjdk-amd64/lib/jli/libjli.so
7f9918887000-7f9918a86000 ---p 0000f000 103:01 14162979                  /usr/lib/jvm/java-11-openjdk-amd64/lib/jli/libjli.so
7f9918a86000-7f9918a87000 r--p 0000e000 103:01 14162979                  /usr/lib/jvm/java-11-openjdk-amd64/lib/jli/libjli.so
7f9918a87000-7f9918a88000 rw-p 0000f000 103:01 14162979                  /usr/lib/jvm/java-11-openjdk-amd64/lib/jli/libjli.so
7f9918a88000-7f9918aaf000 r-xp 00000000 103:01 5771901                   /lib/x86_64-linux-gnu/ld-2.27.so
7f9918ac9000-7f9918b7d000 rw-p 00000000 00:00 0 
7f9918b7d000-7f9918b81000 ---p 00000000 00:00 0 
7f9918b81000-7f9918c80000 rw-p 00000000 00:00 0 
7f9918c96000-7f9918c9c000 rw-p 00000000 00:00 0 
7f9918c9c000-7f9918ca3000 ---p 00000000 00:00 0 
7f9918ca3000-7f9918cab000 rw-s 00000000 103:01 1048803                   /tmp/hsperfdata_dev/8180
7f9918cab000-7f9918cac000 ---p 00000000 00:00 0 
7f9918cac000-7f9918cad000 r--p 00000000 00:00 0 
7f9918cad000-7f9918caf000 rw-p 00000000 00:00 0 
7f9918caf000-7f9918cb0000 r--p 00027000 103:01 5771901                   /lib/x86_64-linux-gnu/ld-2.27.so
7f9918cb0000-7f9918cb1000 rw-p 00028000 103:01 5771901                   /lib/x86_64-linux-gnu/ld-2.27.so
7f9918cb1000-7f9918cb2000 rw-p 00000000 00:00 0 
7fffd792f000-7fffd7950000 rw-p 00000000 00:00 0                          [stack]
7fffd7987000-7fffd798a000 r--p 00000000 00:00 0                          [vvar]
7fffd798a000-7fffd798c000 r-xp 00000000 00:00 0                          [vdso]
ffffffffff600000-ffffffffff601000 r-xp 00000000 00:00 0                  [vsyscall]


VM Arguments:
java_command: scan.lexerv2 (rrtt)
java_class_path (initial): .
Launcher Type: SUN_STANDARD

Logging:
Log output configuration:
#0: stdout all=warning uptime,level,tags
#1: stderr all=off uptime,level,tags

Environment Variables:
JAVA_HOME=/usr/lib/jvm/open-jdk
PATH=/home/dev/anaconda3/bin:/home/dev/anaconda3/condabin:/home/dev/.local/bin:/home/dev/bin:/usr/local/sbin:/usr/local/bin:/usr/sbin:/usr/bin:/sbin:/bin:/usr/games:/usr/local/games:/snap/bin
USERNAME=dev
SHELL=/bin/bash
DISPLAY=:0

Signal Handlers:
SIGSEGV: [libjvm.so+0xd28b70], sa_mask[0]=11111111011111111101111111111110, sa_flags=SA_RESTART|SA_SIGINFO
SIGBUS: [libjvm.so+0xd28b70], sa_mask[0]=11111111011111111101111111111110, sa_flags=SA_RESTART|SA_SIGINFO
SIGFPE: [libjvm.so+0xd28b70], sa_mask[0]=11111111011111111101111111111110, sa_flags=SA_RESTART|SA_SIGINFO
SIGPIPE: [libjvm.so+0xb2a1f0], sa_mask[0]=11111111011111111101111111111110, sa_flags=SA_RESTART|SA_SIGINFO
SIGXFSZ: [libjvm.so+0xb2a1f0], sa_mask[0]=11111111011111111101111111111110, sa_flags=SA_RESTART|SA_SIGINFO
SIGILL: [libjvm.so+0xd28b70], sa_mask[0]=11111111011111111101111111111110, sa_flags=SA_RESTART|SA_SIGINFO
SIGUSR2: [libjvm.so+0xb2a030], sa_mask[0]=00000000000000000000000000000000, sa_flags=SA_RESTART|SA_SIGINFO
SIGHUP: [libjvm.so+0xb2a180], sa_mask[0]=11111111011111111101111111111110, sa_flags=SA_RESTART|SA_SIGINFO
SIGINT: [libjvm.so+0xb2a180], sa_mask[0]=11111111011111111101111111111110, sa_flags=SA_RESTART|SA_SIGINFO
SIGTERM: [libjvm.so+0xb2a180], sa_mask[0]=11111111011111111101111111111110, sa_flags=SA_RESTART|SA_SIGINFO
SIGQUIT: [libjvm.so+0xb2a180], sa_mask[0]=11111111011111111101111111111110, sa_flags=SA_RESTART|SA_SIGINFO


---------------  S Y S T E M  ---------------

OS:DISTRIB_ID=Ubuntu
DISTRIB_RELEASE=18.04
DISTRIB_CODENAME=bionic
DISTRIB_DESCRIPTION="Ubuntu 18.04.2 LTS"
uname:Linux 4.15.0-46-generic #49-Ubuntu SMP Wed Feb 6 09:33:07 UTC 2019 x86_64
libc:glibc 2.27 NPTL 2.27 
rlimit: STACK 8192k, CORE 0k, NPROC 29651, NOFILE 4096, AS infinity, DATA infinity, FSIZE infinity
load average:0.86 0.96 0.90

/proc/meminfo:
MemTotal:        7651348 kB
MemFree:          108280 kB
MemAvailable:      14024 kB
Buffers:            1184 kB
Cached:           221200 kB
SwapCached:       234660 kB
Active:          6230308 kB
Inactive:         906588 kB
Active(anon):    6217680 kB
Inactive(anon):   887912 kB
Active(file):      12628 kB
Inactive(file):    18676 kB
Unevictable:         648 kB
Mlocked:             648 kB
SwapTotal:       2097148 kB
SwapFree:              0 kB
Dirty:               344 kB
Writeback:             0 kB
AnonPages:       6838268 kB
Mapped:           108808 kB
Shmem:            190420 kB
Slab:             157524 kB
SReclaimable:      62044 kB
SUnreclaim:        95480 kB
KernelStack:       24288 kB
PageTables:       101764 kB
NFS_Unstable:          0 kB
Bounce:                0 kB
WritebackTmp:          0 kB
CommitLimit:     5922820 kB
Committed_AS:   18502076 kB
VmallocTotal:   34359738367 kB
VmallocUsed:           0 kB
VmallocChunk:          0 kB
HardwareCorrupted:     0 kB
AnonHugePages:         0 kB
ShmemHugePages:        0 kB
ShmemPmdMapped:        0 kB
CmaTotal:              0 kB
CmaFree:               0 kB
HugePages_Total:       0
HugePages_Free:        0
HugePages_Rsvd:        0
HugePages_Surp:        0
Hugepagesize:       2048 kB
DirectMap4k:      358052 kB
DirectMap2M:     7507968 kB
DirectMap1G:           0 kB

container (cgroup) information:
container_type: cgroupv1
cpu_cpuset_cpus: 0-7
cpu_memory_nodes: 0
active_processor_count: 8
cpu_quota: -1
cpu_period: 100000
cpu_shares: -1
memory_limit_in_bytes: -1
memory_and_swap_limit_in_bytes: -2
memory_soft_limit_in_bytes: -1
memory_usage_in_bytes: 7308029952
memory_max_usage_in_bytes: 26472448


CPU:total 8 (initial active 8) (4 cores per cpu, 2 threads per core) family 6 model 142 stepping 10, cmov, cx8, fxsr, mmx, sse, sse2, sse3, ssse3, sse4.1, sse4.2, popcnt, avx, avx2, aes, clmul, erms, 3dnowpref, lzcnt, ht, tsc, tscinvbit, bmi1, bmi2, adx, fma
CPU Model and flags from /proc/cpuinfo:
model name	: Intel(R) Core(TM) i7-8550U CPU @ 1.80GHz
flags		: fpu vme de pse tsc msr pae mce cx8 apic sep mtrr pge mca cmov pat pse36 clflush dts acpi mmx fxsr sse sse2 ss ht tm pbe syscall nx pdpe1gb rdtscp lm constant_tsc art arch_perfmon pebs bts rep_good nopl xtopology nonstop_tsc cpuid aperfmperf tsc_known_freq pni pclmulqdq dtes64 monitor ds_cpl vmx est tm2 ssse3 sdbg fma cx16 xtpr pdcm pcid sse4_1 sse4_2 x2apic movbe popcnt tsc_deadline_timer aes xsave avx f16c rdrand lahf_lm abm 3dnowprefetch cpuid_fault epb invpcid_single pti ssbd ibrs ibpb stibp tpr_shadow vnmi flexpriority ept vpid fsgsbase tsc_adjust bmi1 avx2 smep bmi2 erms invpcid mpx rdseed adx smap clflushopt intel_pt xsaveopt xsavec xgetbv1 xsaves dtherm ida arat pln pts hwp hwp_notify hwp_act_window hwp_epp flush_l1d

Memory: 4k page, physical 7651348k(108536k free), swap 2097148k(0k free)

vm_info: OpenJDK 64-Bit Server VM (10.0.2+13-Ubuntu-1ubuntu0.18.04.4) for linux-amd64 JRE (10.0.2+13-Ubuntu-1ubuntu0.18.04.4), built on Nov 13 2018 12:53:39 by "buildd" with gcc 7.3.0

END.
