#
# There is insufficient memory for the Java Runtime Environment to continue.
# Native memory allocation (mmap) failed to map 639631360 bytes for committing reserved memory.
# Possible reasons:
#   The system is out of physical RAM or swap space
#   The process is running with CompressedOops enabled, and the Java Heap may be blocking the growth of the native heap
# Possible solutions:
#   Reduce memory load on the system
#   Increase physical memory or swap space
#   Check if swap backing store is full
#   Decrease Java heap size (-Xmx/-Xms)
#   Decrease number of Java threads
#   Decrease Java thread stack sizes (-Xss)
#   Set larger code cache with -XX:ReservedCodeCacheSize=
#   JVM is running with Unscaled Compressed Oops mode in which the Java heap is
#     placed in the first 4GB address space. The Java Heap base address is the
#     maximum limit for the native heap growth. Please use -XX:HeapBaseMinAddress
#     to set the Java Heap base and to place the Java Heap above 4GB virtual address.
# This output file may be truncated or incomplete.
#
#  Out of Memory Error (os_linux.cpp:2706), pid=7488, tid=7511
#
# JRE version: OpenJDK Runtime Environment (10.0.2+13) (build 10.0.2+13-Ubuntu-1ubuntu0.18.04.4)
# Java VM: OpenJDK 64-Bit Server VM (10.0.2+13-Ubuntu-1ubuntu0.18.04.4, mixed mode, tiered, compressed oops, g1 gc, linux-amd64)
# Core dump will be written. Default location: Core dumps may be processed with "/usr/share/apport/apport %p %s %c %d %P" (or dumping to /home/dev/Documents/PPL/a3/scan/src/core.7488)
#

---------------  S U M M A R Y ------------

Command Line: scan.lexerv2 (rrtt)

Host: Intel(R) Core(TM) i7-8550U CPU @ 1.80GHz, 8 cores, 7G, Ubuntu 18.04.2 LTS
Time: Tue Mar 12 20:08:03 2019 ADT elapsed time: 0 seconds (0d 0h 0m 0s)

---------------  T H R E A D  ---------------

Current thread (0x00007f9194132000):  VMThread "VM Thread" [stack: 0x00007f9178017000,0x00007f9178117000] [id=7511]

Stack: [0x00007f9178017000,0x00007f9178117000],  sp=0x00007f91781150a0,  free space=1016k
Native frames: (J=compiled Java code, A=aot compiled Java code, j=interpreted, Vv=VM code, C=native code)
V  [libjvm.so+0xd27ea4]
V  [libjvm.so+0xd28a4b]
V  [libjvm.so+0x64d415]
V  [libjvm.so+0xb2d7c8]
V  [libjvm.so+0xb2601d]
V  [libjvm.so+0x7662ff]
V  [libjvm.so+0x76653e]
V  [libjvm.so+0x769500]
V  [libjvm.so+0x7efa1c]
V  [libjvm.so+0x7f06df]
V  [libjvm.so+0x7f0b59]
V  [libjvm.so+0x7162cf]
V  [libjvm.so+0x71a3ba]
V  [libjvm.so+0xd3a008]
V  [libjvm.so+0xd38871]
V  [libjvm.so+0xd35b3b]
V  [libjvm.so+0xd3715e]
V  [libjvm.so+0xd37588]
V  [libjvm.so+0xb33d40]

VM_Operation (0x00007f919b52d430): G1IncCollectionPause, mode: safepoint, requested by thread 0x00007f9194011800


---------------  P R O C E S S  ---------------

Threads class SMR info:
_java_thread_list=0x00007f91941e5fb0, length=11, elements={
0x00007f9194011800, 0x00007f919413c000, 0x00007f919413e000, 0x00007f9194147800,
0x00007f9194151800, 0x00007f9194153800, 0x00007f9194155800, 0x00007f9194157800,
0x00007f9194159800, 0x00007f91941de800, 0x00007f91941ec800
}

Java Threads: ( => current thread )
  0x00007f9194011800 JavaThread "main" [_thread_blocked, id=7489, stack(0x00007f919b42e000,0x00007f919b52f000)]
  0x00007f919413c000 JavaThread "Reference Handler" daemon [_thread_blocked, id=7512, stack(0x00007f915848f000,0x00007f9158590000)]
  0x00007f919413e000 JavaThread "Finalizer" daemon [_thread_blocked, id=7513, stack(0x00007f915838e000,0x00007f915848f000)]
  0x00007f9194147800 JavaThread "Signal Dispatcher" daemon [_thread_blocked, id=7514, stack(0x00007f915828d000,0x00007f915838e000)]
  0x00007f9194151800 JavaThread "C2 CompilerThread0" daemon [_thread_blocked, id=7515, stack(0x00007f915818c000,0x00007f915828d000)]
  0x00007f9194153800 JavaThread "C2 CompilerThread1" daemon [_thread_blocked, id=7516, stack(0x00007f915808b000,0x00007f915818c000)]
  0x00007f9194155800 JavaThread "C2 CompilerThread2" daemon [_thread_blocked, id=7517, stack(0x00007f9144d30000,0x00007f9144e31000)]
  0x00007f9194157800 JavaThread "C1 CompilerThread3" daemon [_thread_blocked, id=7518, stack(0x00007f9144c2f000,0x00007f9144d30000)]
  0x00007f9194159800 JavaThread "Sweeper thread" daemon [_thread_blocked, id=7519, stack(0x00007f9144b2e000,0x00007f9144c2f000)]
  0x00007f91941de800 JavaThread "Service Thread" daemon [_thread_blocked, id=7520, stack(0x00007f9144a2d000,0x00007f9144b2e000)]
  0x00007f91941ec800 JavaThread "Common-Cleaner" daemon [_thread_blocked, id=7522, stack(0x00007f914482a000,0x00007f914492b000)]

Other Threads:
=>0x00007f9194132000 VMThread "VM Thread" [stack: 0x00007f9178017000,0x00007f9178117000] [id=7511]
  0x00007f91941e0800 WatcherThread [stack: 0x00007f914492d000,0x00007f9144a2d000] [id=7521]
  0x00007f9194028800 GCTaskThread "GC Thread#0" [stack: 0x00007f917b015000,0x00007f917b115000] [id=7491]
  0x00007f919402a000 GCTaskThread "GC Thread#1" [stack: 0x00007f917af13000,0x00007f917b013000] [id=7492]
  0x00007f919402c000 GCTaskThread "GC Thread#2" [stack: 0x00007f917ae11000,0x00007f917af11000] [id=7493]
  0x00007f919402d800 GCTaskThread "GC Thread#3" [stack: 0x00007f917ad0f000,0x00007f917ae0f000] [id=7494]
  0x00007f919402f000 GCTaskThread "GC Thread#4" [stack: 0x00007f917ac0d000,0x00007f917ad0d000] [id=7495]
  0x00007f9194031000 GCTaskThread "GC Thread#5" [stack: 0x00007f917ab0b000,0x00007f917ac0b000] [id=7496]
  0x00007f9194032800 GCTaskThread "GC Thread#6" [stack: 0x00007f917aa09000,0x00007f917ab09000] [id=7497]
  0x00007f9194034800 GCTaskThread "GC Thread#7" [stack: 0x00007f917a907000,0x00007f917aa07000] [id=7498]
  0x00007f919405c000 ConcurrentGCThread "G1 Main Marker" [stack: 0x00007f9179508000,0x00007f9179608000] [id=7499]
  0x00007f919405e000 ConcurrentGCThread "G1 Conc#0" [stack: 0x00007f9179406000,0x00007f9179506000] [id=7500]
  0x00007f919405f800 ConcurrentGCThread "G1 Conc#1" [stack: 0x00007f9179304000,0x00007f9179404000] [id=7501]
  0x00007f91940c3000 ConcurrentGCThread "G1 Refine#0" [stack: 0x00007f91789fa000,0x00007f9178afa000] [id=7502]
  0x00007f91940c4800 ConcurrentGCThread "G1 Refine#1" [stack: 0x00007f91788f8000,0x00007f91789f8000] [id=7503]
  0x00007f91940c6800 ConcurrentGCThread "G1 Refine#2" [stack: 0x00007f91787f6000,0x00007f91788f6000] [id=7504]
  0x00007f91940c8000 ConcurrentGCThread "G1 Refine#3" [stack: 0x00007f91786f4000,0x00007f91787f4000] [id=7505]
  0x00007f91940ca000 ConcurrentGCThread "G1 Refine#4" [stack: 0x00007f91785f2000,0x00007f91786f2000] [id=7506]
  0x00007f91940cb800 ConcurrentGCThread "G1 Refine#5" [stack: 0x00007f91784f0000,0x00007f91785f0000] [id=7507]
  0x00007f91940cd800 ConcurrentGCThread "G1 Refine#6" [stack: 0x00007f91783ee000,0x00007f91784ee000] [id=7508]
  0x00007f91940cf000 ConcurrentGCThread "G1 Refine#7" [stack: 0x00007f91782ec000,0x00007f91783ec000] [id=7509]
  0x00007f91940d1000 ConcurrentGCThread "G1 Young RemSet Sampling" [stack: 0x00007f91781ea000,0x00007f91782ea000] [id=7510]

Threads with active compile tasks:

VM state:at safepoint (normal execution)

VM Mutex/Monitor currently owned by a thread:  ([mutex/lock_event])
[0x00007f919400e150] Threads_lock - owner thread: 0x00007f9194132000
[0x00007f919400e6f0] Heap_lock - owner thread: 0x00007f9194011800

Heap address: 0x000000008b200000, size: 1870 MB, Compressed Oops mode: 32-bit
Narrow klass base: 0x0000000000000000, Narrow klass shift: 3
Compressed class space size: 1073741824 Address: 0x0000000100000000

Heap:
 garbage-first heap   total 977920K, used 208896K [0x000000008b200000, 0x0000000100000000)
  region size 1024K, 6 young (6144K), 6 survivors (6144K)
 Metaspace       used 3787K, capacity 4498K, committed 4864K, reserved 1056768K
  class space    used 319K, capacity 386K, committed 512K, reserved 1048576K
Heap Regions: E=young(eden), S=young(survivor), O=old, HS=humongous(starts), HC=humongous(continues), CS=collection set, F=free, A=archive, TS=gc time stamp, AC=allocation context, TAMS=top-at-mark-start (previous, next)
|   0|0x000000008b200000, 0x000000008b300000, 0x000000008b300000|100%| O|  |TS  1|AC  0|TAMS 0x000000008b200000, 0x000000008b300000|
|   1|0x000000008b300000, 0x000000008b400000, 0x000000008b400000|100%| O|  |TS  1|AC  0|TAMS 0x000000008b300000, 0x000000008b400000|
|   2|0x000000008b400000, 0x000000008b500000, 0x000000008b500000|100%| O|  |TS  1|AC  0|TAMS 0x000000008b400000, 0x000000008b500000|
|   3|0x000000008b500000, 0x000000008b600000, 0x000000008b600000|100%| O|  |TS  1|AC  0|TAMS 0x000000008b500000, 0x000000008b600000|
|   4|0x000000008b600000, 0x000000008b700000, 0x000000008b700000|100%| O|  |TS  0|AC  0|TAMS 0x000000008b700000, 0x000000008b700000|
|   5|0x000000008b700000, 0x000000008b800000, 0x000000008b800000|100%| O|  |TS  0|AC  0|TAMS 0x000000008b800000, 0x000000008b800000|
|   6|0x000000008b800000, 0x000000008b900000, 0x000000008b900000|100%| O|  |TS  0|AC  0|TAMS 0x000000008b900000, 0x000000008b900000|
|   7|0x000000008b900000, 0x000000008ba00000, 0x000000008ba00000|100%| O|  |TS  0|AC  0|TAMS 0x000000008ba00000, 0x000000008ba00000|
|   8|0x000000008ba00000, 0x000000008bb00000, 0x000000008bb00000|100%| O|  |TS  0|AC  0|TAMS 0x000000008bb00000, 0x000000008bb00000|
|   9|0x000000008bb00000, 0x000000008bc00000, 0x000000008bc00000|100%| O|  |TS  0|AC  0|TAMS 0x000000008bc00000, 0x000000008bc00000|
|  10|0x000000008bc00000, 0x000000008bd00000, 0x000000008bd00000|100%| O|  |TS  0|AC  0|TAMS 0x000000008bd00000, 0x000000008bd00000|
|  11|0x000000008bd00000, 0x000000008be00000, 0x000000008be00000|100%| O|  |TS  0|AC  0|TAMS 0x000000008be00000, 0x000000008be00000|
|  12|0x000000008be00000, 0x000000008bf00000, 0x000000008bf00000|100%| O|  |TS  0|AC  0|TAMS 0x000000008bf00000, 0x000000008bf00000|
|  13|0x000000008bf00000, 0x000000008c000000, 0x000000008c000000|100%| O|  |TS  0|AC  0|TAMS 0x000000008c000000, 0x000000008c000000|
|  14|0x000000008c000000, 0x000000008c100000, 0x000000008c100000|100%| O|  |TS  0|AC  0|TAMS 0x000000008c100000, 0x000000008c100000|
|  15|0x000000008c100000, 0x000000008c200000, 0x000000008c200000|100%| O|  |TS  0|AC  0|TAMS 0x000000008c200000, 0x000000008c200000|
|  16|0x000000008c200000, 0x000000008c300000, 0x000000008c300000|100%| O|  |TS  0|AC  0|TAMS 0x000000008c300000, 0x000000008c300000|
|  17|0x000000008c300000, 0x000000008c400000, 0x000000008c400000|100%| O|  |TS  0|AC  0|TAMS 0x000000008c400000, 0x000000008c400000|
|  18|0x000000008c400000, 0x000000008c500000, 0x000000008c500000|100%| O|  |TS  0|AC  0|TAMS 0x000000008c500000, 0x000000008c500000|
|  19|0x000000008c500000, 0x000000008c600000, 0x000000008c600000|100%| O|  |TS  0|AC  0|TAMS 0x000000008c600000, 0x000000008c600000|
|  20|0x000000008c600000, 0x000000008c700000, 0x000000008c700000|100%| O|  |TS  0|AC  0|TAMS 0x000000008c700000, 0x000000008c700000|
|  21|0x000000008c700000, 0x000000008c800000, 0x000000008c800000|100%| O|  |TS  0|AC  0|TAMS 0x000000008c800000, 0x000000008c800000|
|  22|0x000000008c800000, 0x000000008c900000, 0x000000008c900000|100%| O|  |TS  0|AC  0|TAMS 0x000000008c900000, 0x000000008c900000|
|  23|0x000000008c900000, 0x000000008ca00000, 0x000000008ca00000|100%| O|  |TS  0|AC  0|TAMS 0x000000008ca00000, 0x000000008ca00000|
|  24|0x000000008ca00000, 0x000000008cb00000, 0x000000008cb00000|100%| O|  |TS  1|AC  0|TAMS 0x000000008ca00000, 0x000000008cb00000|
|  25|0x000000008cb00000, 0x000000008cc00000, 0x000000008cc00000|100%| O|  |TS  1|AC  0|TAMS 0x000000008cb00000, 0x000000008cc00000|
|  26|0x000000008cc00000, 0x000000008cd00000, 0x000000008cd00000|100%| O|  |TS  1|AC  0|TAMS 0x000000008cc00000, 0x000000008cd00000|
|  27|0x000000008cd00000, 0x000000008ce00000, 0x000000008ce00000|100%| O|  |TS  0|AC  0|TAMS 0x000000008ce00000, 0x000000008ce00000|
|  28|0x000000008ce00000, 0x000000008cf00000, 0x000000008cf00000|100%| O|  |TS  0|AC  0|TAMS 0x000000008cf00000, 0x000000008cf00000|
|  29|0x000000008cf00000, 0x000000008d000000, 0x000000008d000000|100%| O|  |TS  0|AC  0|TAMS 0x000000008d000000, 0x000000008d000000|
|  30|0x000000008d000000, 0x000000008d100000, 0x000000008d100000|100%| O|  |TS  0|AC  0|TAMS 0x000000008d100000, 0x000000008d100000|
|  31|0x000000008d100000, 0x000000008d200000, 0x000000008d200000|100%| O|  |TS  0|AC  0|TAMS 0x000000008d200000, 0x000000008d200000|
|  32|0x000000008d200000, 0x000000008d300000, 0x000000008d300000|100%| O|  |TS  0|AC  0|TAMS 0x000000008d300000, 0x000000008d300000|
|  33|0x000000008d300000, 0x000000008d400000, 0x000000008d400000|100%| O|  |TS  0|AC  0|TAMS 0x000000008d400000, 0x000000008d400000|
|  34|0x000000008d400000, 0x000000008d500000, 0x000000008d500000|100%| O|  |TS  0|AC  0|TAMS 0x000000008d500000, 0x000000008d500000|
|  35|0x000000008d500000, 0x000000008d600000, 0x000000008d600000|100%| O|  |TS  0|AC  0|TAMS 0x000000008d600000, 0x000000008d600000|
|  36|0x000000008d600000, 0x000000008d700000, 0x000000008d700000|100%| O|  |TS  0|AC  0|TAMS 0x000000008d700000, 0x000000008d700000|
|  37|0x000000008d700000, 0x000000008d800000, 0x000000008d800000|100%| O|  |TS  0|AC  0|TAMS 0x000000008d800000, 0x000000008d800000|
|  38|0x000000008d800000, 0x000000008d900000, 0x000000008d900000|100%| O|  |TS  0|AC  0|TAMS 0x000000008d900000, 0x000000008d900000|
|  39|0x000000008d900000, 0x000000008da00000, 0x000000008da00000|100%| O|  |TS  0|AC  0|TAMS 0x000000008da00000, 0x000000008da00000|
|  40|0x000000008da00000, 0x000000008db00000, 0x000000008db00000|100%|HS|  |TS  0|AC  0|TAMS 0x000000008db00000, 0x000000008db00000|
|  41|0x000000008db00000, 0x000000008dc00000, 0x000000008dc00000|100%|HC|  |TS  0|AC  0|TAMS 0x000000008dc00000, 0x000000008dc00000|
|  42|0x000000008dc00000, 0x000000008dd00000, 0x000000008dd00000|100%|HC|  |TS  0|AC  0|TAMS 0x000000008dd00000, 0x000000008dd00000|
|  43|0x000000008dd00000, 0x000000008de00000, 0x000000008de00000|100%|HC|  |TS  0|AC  0|TAMS 0x000000008de00000, 0x000000008de00000|
|  44|0x000000008de00000, 0x000000008df00000, 0x000000008df00000|100%| O|  |TS  0|AC  0|TAMS 0x000000008df00000, 0x000000008df00000|
|  45|0x000000008df00000, 0x000000008e000000, 0x000000008e000000|100%| O|  |TS  0|AC  0|TAMS 0x000000008e000000, 0x000000008e000000|
|  46|0x000000008e000000, 0x000000008e100000, 0x000000008e100000|100%| O|  |TS  0|AC  0|TAMS 0x000000008e100000, 0x000000008e100000|
|  47|0x000000008e100000, 0x000000008e200000, 0x000000008e200000|100%| O|  |TS  0|AC  0|TAMS 0x000000008e200000, 0x000000008e200000|
|  48|0x000000008e200000, 0x000000008e300000, 0x000000008e300000|100%| O|  |TS  0|AC  0|TAMS 0x000000008e300000, 0x000000008e300000|
|  49|0x000000008e300000, 0x000000008e400000, 0x000000008e400000|100%| O|  |TS  0|AC  0|TAMS 0x000000008e400000, 0x000000008e400000|
|  50|0x000000008e400000, 0x000000008e500000, 0x000000008e500000|100%| O|  |TS  0|AC  0|TAMS 0x000000008e500000, 0x000000008e500000|
|  51|0x000000008e500000, 0x000000008e600000, 0x000000008e600000|100%| O|  |TS  0|AC  0|TAMS 0x000000008e600000, 0x000000008e600000|
|  52|0x000000008e600000, 0x000000008e700000, 0x000000008e700000|100%| O|  |TS  0|AC  0|TAMS 0x000000008e700000, 0x000000008e700000|
|  53|0x000000008e700000, 0x000000008e800000, 0x000000008e800000|100%| O|  |TS  0|AC  0|TAMS 0x000000008e800000, 0x000000008e800000|
|  54|0x000000008e800000, 0x000000008e900000, 0x000000008e900000|100%| O|  |TS  0|AC  0|TAMS 0x000000008e900000, 0x000000008e900000|
|  55|0x000000008e900000, 0x000000008ea00000, 0x000000008ea00000|100%| O|  |TS  0|AC  0|TAMS 0x000000008ea00000, 0x000000008ea00000|
|  56|0x000000008ea00000, 0x000000008eb00000, 0x000000008eb00000|100%| O|  |TS  0|AC  0|TAMS 0x000000008eb00000, 0x000000008eb00000|
|  57|0x000000008eb00000, 0x000000008ec00000, 0x000000008ec00000|100%| O|  |TS  0|AC  0|TAMS 0x000000008ec00000, 0x000000008ec00000|
|  58|0x000000008ec00000, 0x000000008ed00000, 0x000000008ed00000|100%| O|  |TS  0|AC  0|TAMS 0x000000008ed00000, 0x000000008ed00000|
|  59|0x000000008ed00000, 0x000000008ee00000, 0x000000008ee00000|100%| O|  |TS  0|AC  0|TAMS 0x000000008ee00000, 0x000000008ee00000|
|  60|0x000000008ee00000, 0x000000008ef00000, 0x000000008ef00000|100%| O|  |TS  0|AC  0|TAMS 0x000000008ef00000, 0x000000008ef00000|
|  61|0x000000008ef00000, 0x000000008f000000, 0x000000008f000000|100%| O|  |TS  0|AC  0|TAMS 0x000000008f000000, 0x000000008f000000|
|  62|0x000000008f000000, 0x000000008f100000, 0x000000008f100000|100%| O|  |TS  0|AC  0|TAMS 0x000000008f0cd400, 0x000000008f100000|
|  63|0x000000008f100000, 0x000000008f200000, 0x000000008f200000|100%|HS|  |TS  0|AC  0|TAMS 0x000000008f100000, 0x000000008f200000|
|  64|0x000000008f200000, 0x000000008f300000, 0x000000008f300000|100%|HC|  |TS  0|AC  0|TAMS 0x000000008f200000, 0x000000008f300000|
|  65|0x000000008f300000, 0x000000008f400000, 0x000000008f400000|100%|HC|  |TS  0|AC  0|TAMS 0x000000008f300000, 0x000000008f400000|
|  66|0x000000008f400000, 0x000000008f500000, 0x000000008f500000|100%|HC|  |TS  0|AC  0|TAMS 0x000000008f400000, 0x000000008f500000|
|  67|0x000000008f500000, 0x000000008f600000, 0x000000008f600000|100%|HC|  |TS  0|AC  0|TAMS 0x000000008f500000, 0x000000008f600000|
|  68|0x000000008f600000, 0x000000008f700000, 0x000000008f700000|100%|HS|  |TS  0|AC  0|TAMS 0x000000008f600000, 0x000000008f700000|
|  69|0x000000008f700000, 0x000000008f800000, 0x000000008f800000|100%|HC|  |TS  0|AC  0|TAMS 0x000000008f700000, 0x000000008f800000|
|  70|0x000000008f800000, 0x000000008f900000, 0x000000008f900000|100%|HC|  |TS  0|AC  0|TAMS 0x000000008f800000, 0x000000008f900000|
|  71|0x000000008f900000, 0x000000008fa00000, 0x000000008fa00000|100%|HC|  |TS  0|AC  0|TAMS 0x000000008f900000, 0x000000008fa00000|
|  72|0x000000008fa00000, 0x000000008fb00000, 0x000000008fb00000|100%|HC|  |TS  0|AC  0|TAMS 0x000000008fa00000, 0x000000008fb00000|
|  73|0x000000008fb00000, 0x000000008fc00000, 0x000000008fc00000|100%|HC|  |TS  0|AC  0|TAMS 0x000000008fb00000, 0x000000008fc00000|
|  74|0x000000008fc00000, 0x000000008fd00000, 0x000000008fd00000|100%|HC|  |TS  0|AC  0|TAMS 0x000000008fc00000, 0x000000008fd00000|
|  75|0x000000008fd00000, 0x000000008fe00000, 0x000000008fe00000|100%| O|  |TS  0|AC  0|TAMS 0x000000008fd00000, 0x000000008fe00000|
|  76|0x000000008fe00000, 0x000000008ff00000, 0x000000008ff00000|100%| O|  |TS  0|AC  0|TAMS 0x000000008fe00000, 0x000000008ff00000|
|  77|0x000000008ff00000, 0x0000000090000000, 0x0000000090000000|100%| O|  |TS  0|AC  0|TAMS 0x000000008ff00000, 0x0000000090000000|
|  78|0x0000000090000000, 0x0000000090100000, 0x0000000090100000|100%| O|  |TS  0|AC  0|TAMS 0x0000000090000000, 0x0000000090100000|
|  79|0x0000000090100000, 0x0000000090200000, 0x0000000090200000|100%| O|  |TS  0|AC  0|TAMS 0x0000000090100000, 0x0000000090200000|
|  80|0x0000000090200000, 0x0000000090300000, 0x0000000090300000|100%| O|  |TS  0|AC  0|TAMS 0x0000000090200000, 0x0000000090300000|
|  81|0x0000000090300000, 0x0000000090400000, 0x0000000090400000|100%| O|  |TS  0|AC  0|TAMS 0x0000000090300000, 0x0000000090400000|
|  82|0x0000000090400000, 0x0000000090500000, 0x0000000090500000|100%| O|  |TS  0|AC  0|TAMS 0x0000000090400000, 0x0000000090500000|
|  83|0x0000000090500000, 0x0000000090600000, 0x0000000090600000|100%| O|  |TS  0|AC  0|TAMS 0x0000000090500000, 0x0000000090600000|
|  84|0x0000000090600000, 0x0000000090700000, 0x0000000090700000|100%| O|  |TS  0|AC  0|TAMS 0x0000000090600000, 0x0000000090700000|
|  85|0x0000000090700000, 0x0000000090800000, 0x0000000090800000|100%| O|  |TS  0|AC  0|TAMS 0x0000000090700000, 0x0000000090800000|
|  86|0x0000000090800000, 0x0000000090900000, 0x0000000090900000|100%| O|  |TS  0|AC  0|TAMS 0x0000000090800000, 0x0000000090900000|
|  87|0x0000000090900000, 0x0000000090a00000, 0x0000000090a00000|100%| O|  |TS  0|AC  0|TAMS 0x0000000090900000, 0x0000000090a00000|
|  88|0x0000000090a00000, 0x0000000090b00000, 0x0000000090b00000|100%| O|  |TS  0|AC  0|TAMS 0x0000000090a00000, 0x0000000090b00000|
|  89|0x0000000090b00000, 0x0000000090c00000, 0x0000000090c00000|100%| O|  |TS  0|AC  0|TAMS 0x0000000090b00000, 0x0000000090c00000|
|  90|0x0000000090c00000, 0x0000000090d00000, 0x0000000090d00000|100%| O|  |TS  0|AC  0|TAMS 0x0000000090c00000, 0x0000000090d00000|
|  91|0x0000000090d00000, 0x0000000090e00000, 0x0000000090e00000|100%| O|  |TS  0|AC  0|TAMS 0x0000000090d00000, 0x0000000090e00000|
|  92|0x0000000090e00000, 0x0000000090f00000, 0x0000000090f00000|100%| O|  |TS  0|AC  0|TAMS 0x0000000090e00000, 0x0000000090f00000|
|  93|0x0000000090f00000, 0x0000000091000000, 0x0000000091000000|100%| O|  |TS  0|AC  0|TAMS 0x0000000090f00000, 0x0000000091000000|
|  94|0x0000000091000000, 0x0000000091100000, 0x0000000091100000|100%| O|  |TS  0|AC  0|TAMS 0x0000000091000000, 0x0000000091100000|
|  95|0x0000000091100000, 0x0000000091200000, 0x0000000091200000|100%| O|  |TS  0|AC  0|TAMS 0x0000000091100000, 0x0000000091200000|
|  96|0x0000000091200000, 0x0000000091300000, 0x0000000091300000|100%| O|  |TS  0|AC  0|TAMS 0x0000000091200000, 0x0000000091300000|
|  97|0x0000000091300000, 0x0000000091400000, 0x0000000091400000|100%| O|  |TS  0|AC  0|TAMS 0x0000000091300000, 0x0000000091400000|
|  98|0x0000000091400000, 0x0000000091500000, 0x0000000091500000|100%| O|  |TS  0|AC  0|TAMS 0x0000000091400000, 0x0000000091500000|
|  99|0x0000000091500000, 0x0000000091600000, 0x0000000091600000|100%| O|  |TS  0|AC  0|TAMS 0x0000000091500000, 0x0000000091600000|
| 100|0x0000000091600000, 0x0000000091700000, 0x0000000091700000|100%| O|  |TS  0|AC  0|TAMS 0x0000000091600000, 0x0000000091700000|
| 101|0x0000000091700000, 0x0000000091800000, 0x0000000091800000|100%| O|  |TS  0|AC  0|TAMS 0x0000000091700000, 0x0000000091800000|
| 102|0x0000000091800000, 0x0000000091900000, 0x0000000091900000|100%| O|  |TS  0|AC  0|TAMS 0x0000000091800000, 0x0000000091900000|
| 103|0x0000000091900000, 0x0000000091a00000, 0x0000000091a00000|100%| O|  |TS  0|AC  0|TAMS 0x0000000091900000, 0x0000000091a00000|
| 104|0x0000000091a00000, 0x0000000091b00000, 0x0000000091b00000|100%| O|  |TS  0|AC  0|TAMS 0x0000000091a00000, 0x0000000091b00000|
| 105|0x0000000091b00000, 0x0000000091c00000, 0x0000000091c00000|100%| O|  |TS  1|AC  0|TAMS 0x0000000091b00000, 0x0000000091c00000|
| 106|0x0000000091c00000, 0x0000000091d00000, 0x0000000091d00000|100%| O|  |TS  1|AC  0|TAMS 0x0000000091c00000, 0x0000000091d00000|
| 107|0x0000000091d00000, 0x0000000091e00000, 0x0000000091e00000|100%| O|  |TS  0|AC  0|TAMS 0x0000000091d00000, 0x0000000091e00000|
| 108|0x0000000091e00000, 0x0000000091f00000, 0x0000000091f00000|100%| O|  |TS  1|AC  0|TAMS 0x0000000091e00000, 0x0000000091f00000|
| 109|0x0000000091f00000, 0x0000000092000000, 0x0000000092000000|100%|HS|  |TS  0|AC  0|TAMS 0x0000000091f00000, 0x0000000092000000|
| 110|0x0000000092000000, 0x0000000092100000, 0x0000000092100000|100%|HC|  |TS  0|AC  0|TAMS 0x0000000092000000, 0x0000000092100000|
| 111|0x0000000092100000, 0x0000000092200000, 0x0000000092200000|100%|HC|  |TS  0|AC  0|TAMS 0x0000000092100000, 0x0000000092200000|
| 112|0x0000000092200000, 0x0000000092300000, 0x0000000092300000|100%|HC|  |TS  0|AC  0|TAMS 0x0000000092200000, 0x0000000092300000|
| 113|0x0000000092300000, 0x0000000092400000, 0x0000000092400000|100%|HC|  |TS  0|AC  0|TAMS 0x0000000092300000, 0x0000000092400000|
| 114|0x0000000092400000, 0x0000000092500000, 0x0000000092500000|100%|HC|  |TS  0|AC  0|TAMS 0x0000000092400000, 0x0000000092500000|
| 115|0x0000000092500000, 0x0000000092600000, 0x0000000092600000|100%|HC|  |TS  0|AC  0|TAMS 0x0000000092500000, 0x0000000092600000|
| 116|0x0000000092600000, 0x0000000092700000, 0x0000000092700000|100%|HC|  |TS  0|AC  0|TAMS 0x0000000092600000, 0x0000000092700000|
| 117|0x0000000092700000, 0x0000000092800000, 0x0000000092800000|100%|HC|  |TS  0|AC  0|TAMS 0x0000000092700000, 0x0000000092800000|
| 118|0x0000000092800000, 0x0000000092900000, 0x0000000092900000|100%|HC|  |TS  0|AC  0|TAMS 0x0000000092800000, 0x0000000092900000|
| 119|0x0000000092900000, 0x0000000092a00000, 0x0000000092a00000|100%|HC|  |TS  0|AC  0|TAMS 0x0000000092900000, 0x0000000092a00000|
| 120|0x0000000092a00000, 0x0000000092b00000, 0x0000000092b00000|100%| O|  |TS  1|AC  0|TAMS 0x0000000092a00000, 0x0000000092b00000|
| 121|0x0000000092b00000, 0x0000000092c00000, 0x0000000092c00000|100%| O|  |TS  1|AC  0|TAMS 0x0000000092b00000, 0x0000000092c00000|
| 122|0x0000000092c00000, 0x0000000092d00000, 0x0000000092d00000|100%| O|  |TS  1|AC  0|TAMS 0x0000000092c00000, 0x0000000092d00000|
| 123|0x0000000092d00000, 0x0000000092e00000, 0x0000000092e00000|100%| O|  |TS  1|AC  0|TAMS 0x0000000092d00000, 0x0000000092e00000|
| 124|0x0000000092e00000, 0x0000000092f00000, 0x0000000092f00000|100%| O|  |TS  1|AC  0|TAMS 0x0000000092e00000, 0x0000000092f00000|
| 125|0x0000000092f00000, 0x0000000093000000, 0x0000000093000000|100%| O|  |TS  1|AC  0|TAMS 0x0000000092f00000, 0x0000000093000000|
| 126|0x0000000093000000, 0x0000000093100000, 0x0000000093100000|100%| O|  |TS  1|AC  0|TAMS 0x0000000093000000, 0x0000000093100000|
| 127|0x0000000093100000, 0x0000000093200000, 0x0000000093200000|100%| O|  |TS  1|AC  0|TAMS 0x0000000093100000, 0x0000000093200000|
| 128|0x0000000093200000, 0x0000000093300000, 0x0000000093300000|100%| O|  |TS  1|AC  0|TAMS 0x0000000093200000, 0x0000000093300000|
| 129|0x0000000093300000, 0x0000000093400000, 0x0000000093400000|100%| O|  |TS  1|AC  0|TAMS 0x0000000093300000, 0x0000000093400000|
| 130|0x0000000093400000, 0x0000000093500000, 0x0000000093500000|100%| O|  |TS  1|AC  0|TAMS 0x0000000093400000, 0x0000000093500000|
| 131|0x0000000093500000, 0x0000000093600000, 0x0000000093600000|100%| O|  |TS  1|AC  0|TAMS 0x0000000093500000, 0x0000000093600000|
| 132|0x0000000093600000, 0x0000000093700000, 0x0000000093700000|100%| O|  |TS  1|AC  0|TAMS 0x0000000093600000, 0x0000000093700000|
| 133|0x0000000093700000, 0x0000000093800000, 0x0000000093800000|100%| O|  |TS  1|AC  0|TAMS 0x0000000093700000, 0x0000000093800000|
| 134|0x0000000093800000, 0x0000000093900000, 0x0000000093900000|100%| O|  |TS  1|AC  0|TAMS 0x0000000093800000, 0x0000000093900000|
| 135|0x0000000093900000, 0x0000000093a00000, 0x0000000093a00000|100%| O|  |TS  1|AC  0|TAMS 0x0000000093900000, 0x0000000093a00000|
| 136|0x0000000093a00000, 0x0000000093b00000, 0x0000000093b00000|100%| O|  |TS  1|AC  0|TAMS 0x0000000093a00000, 0x0000000093b00000|
| 137|0x0000000093b00000, 0x0000000093c00000, 0x0000000093c00000|100%| O|  |TS  1|AC  0|TAMS 0x0000000093b00000, 0x0000000093c00000|
| 138|0x0000000093c00000, 0x0000000093d00000, 0x0000000093d00000|100%| O|  |TS  1|AC  0|TAMS 0x0000000093c00000, 0x0000000093d00000|
| 139|0x0000000093d00000, 0x0000000093e00000, 0x0000000093e00000|100%| O|  |TS  1|AC  0|TAMS 0x0000000093d00000, 0x0000000093e00000|
| 140|0x0000000093e00000, 0x0000000093f00000, 0x0000000093f00000|100%| O|  |TS  1|AC  0|TAMS 0x0000000093e00000, 0x0000000093f00000|
| 141|0x0000000093f00000, 0x0000000094000000, 0x0000000094000000|100%| O|  |TS  1|AC  0|TAMS 0x0000000093f00000, 0x0000000094000000|
| 142|0x0000000094000000, 0x0000000094100000, 0x0000000094100000|100%| O|  |TS  1|AC  0|TAMS 0x0000000094000000, 0x0000000094100000|
| 143|0x0000000094100000, 0x0000000094200000, 0x0000000094200000|100%| O|  |TS  1|AC  0|TAMS 0x0000000094100000, 0x0000000094200000|
| 144|0x0000000094200000, 0x0000000094300000, 0x0000000094300000|100%| O|  |TS  1|AC  0|TAMS 0x0000000094200000, 0x0000000094300000|
| 145|0x0000000094300000, 0x0000000094400000, 0x0000000094400000|100%| O|  |TS  1|AC  0|TAMS 0x0000000094300000, 0x0000000094400000|
| 146|0x0000000094400000, 0x0000000094500000, 0x0000000094500000|100%| O|  |TS  1|AC  0|TAMS 0x0000000094400000, 0x0000000094500000|
| 147|0x0000000094500000, 0x0000000094600000, 0x0000000094600000|100%| O|  |TS  1|AC  0|TAMS 0x0000000094500000, 0x0000000094600000|
| 148|0x0000000094600000, 0x0000000094700000, 0x0000000094700000|100%| O|  |TS  1|AC  0|TAMS 0x0000000094600000, 0x0000000094700000|
| 149|0x0000000094700000, 0x0000000094800000, 0x0000000094800000|100%| O|  |TS  1|AC  0|TAMS 0x0000000094700000, 0x0000000094800000|
| 150|0x0000000094800000, 0x0000000094900000, 0x0000000094900000|100%| O|  |TS  2|AC  0|TAMS 0x0000000094800000, 0x0000000094900000|
| 151|0x0000000094900000, 0x0000000094a00000, 0x0000000094a00000|100%| O|  |TS  2|AC  0|TAMS 0x0000000094900000, 0x0000000094a00000|
| 152|0x0000000094a00000, 0x0000000094b00000, 0x0000000094b00000|100%| O|  |TS  2|AC  0|TAMS 0x0000000094a00000, 0x0000000094b00000|
| 153|0x0000000094b00000, 0x0000000094c00000, 0x0000000094c00000|100%| O|  |TS  2|AC  0|TAMS 0x0000000094b00000, 0x0000000094c00000|
| 154|0x0000000094c00000, 0x0000000094d00000, 0x0000000094d00000|100%| O|  |TS  2|AC  0|TAMS 0x0000000094c00000, 0x0000000094d00000|
| 155|0x0000000094d00000, 0x0000000094e00000, 0x0000000094e00000|100%| O|  |TS  2|AC  0|TAMS 0x0000000094d00000, 0x0000000094e00000|
| 156|0x0000000094e00000, 0x0000000094f00000, 0x0000000094f00000|100%| O|  |TS  2|AC  0|TAMS 0x0000000094e00000, 0x0000000094f00000|
| 157|0x0000000094f00000, 0x0000000095000000, 0x0000000095000000|100%| O|  |TS  2|AC  0|TAMS 0x0000000094f00000, 0x0000000095000000|
| 158|0x0000000095000000, 0x0000000095100000, 0x0000000095100000|100%| O|  |TS  2|AC  0|TAMS 0x0000000095000000, 0x0000000095100000|
| 159|0x0000000095100000, 0x0000000095200000, 0x0000000095200000|100%| O|  |TS  2|AC  0|TAMS 0x0000000095100000, 0x0000000095200000|
| 160|0x0000000095200000, 0x0000000095300000, 0x0000000095300000|100%| O|  |TS  2|AC  0|TAMS 0x0000000095200000, 0x0000000095300000|
| 161|0x0000000095300000, 0x0000000095400000, 0x0000000095400000|100%| O|  |TS  2|AC  0|TAMS 0x0000000095300000, 0x0000000095400000|
| 162|0x0000000095400000, 0x0000000095500000, 0x0000000095500000|100%| O|  |TS  2|AC  0|TAMS 0x0000000095400000, 0x0000000095500000|
| 163|0x0000000095500000, 0x0000000095600000, 0x0000000095600000|100%| O|  |TS  2|AC  0|TAMS 0x0000000095500000, 0x0000000095600000|
| 164|0x0000000095600000, 0x0000000095700000, 0x0000000095700000|100%| O|  |TS  2|AC  0|TAMS 0x0000000095600000, 0x0000000095700000|
| 165|0x0000000095700000, 0x0000000095800000, 0x0000000095800000|100%| O|  |TS  2|AC  0|TAMS 0x0000000095700000, 0x0000000095800000|
| 166|0x0000000095800000, 0x0000000095900000, 0x0000000095900000|100%| O|  |TS  2|AC  0|TAMS 0x0000000095800000, 0x0000000095900000|
| 167|0x0000000095900000, 0x0000000095a00000, 0x0000000095a00000|100%| O|  |TS  2|AC  0|TAMS 0x0000000095900000, 0x0000000095a00000|
| 168|0x0000000095a00000, 0x0000000095b00000, 0x0000000095b00000|100%| O|  |TS  2|AC  0|TAMS 0x0000000095a00000, 0x0000000095b00000|
| 169|0x0000000095b00000, 0x0000000095c00000, 0x0000000095c00000|100%| O|  |TS  2|AC  0|TAMS 0x0000000095b00000, 0x0000000095c00000|
| 170|0x0000000095c00000, 0x0000000095d00000, 0x0000000095d00000|100%| O|  |TS  2|AC  0|TAMS 0x0000000095c00000, 0x0000000095d00000|
| 171|0x0000000095d00000, 0x0000000095e00000, 0x0000000095e00000|100%| O|  |TS  2|AC  0|TAMS 0x0000000095d00000, 0x0000000095e00000|
| 172|0x0000000095e00000, 0x0000000095f00000, 0x0000000095f00000|100%| O|  |TS  2|AC  0|TAMS 0x0000000095e00000, 0x0000000095f00000|
| 173|0x0000000095f00000, 0x0000000096000000, 0x0000000096000000|100%| O|  |TS  2|AC  0|TAMS 0x0000000095f00000, 0x0000000096000000|
| 174|0x0000000096000000, 0x0000000096100000, 0x0000000096100000|100%| O|  |TS  2|AC  0|TAMS 0x0000000096000000, 0x0000000096100000|
| 175|0x0000000096100000, 0x0000000096200000, 0x0000000096200000|100%| O|  |TS  2|AC  0|TAMS 0x0000000096100000, 0x0000000096200000|
| 176|0x0000000096200000, 0x0000000096300000, 0x0000000096300000|100%| O|  |TS  2|AC  0|TAMS 0x0000000096200000, 0x0000000096300000|
| 177|0x0000000096300000, 0x0000000096400000, 0x0000000096400000|100%| O|  |TS  2|AC  0|TAMS 0x0000000096300000, 0x0000000096400000|
| 178|0x0000000096400000, 0x0000000096500000, 0x0000000096500000|100%| O|  |TS  2|AC  0|TAMS 0x0000000096400000, 0x0000000096500000|
| 179|0x0000000096500000, 0x0000000096600000, 0x0000000096600000|100%| O|  |TS  2|AC  0|TAMS 0x0000000096500000, 0x0000000096600000|
| 180|0x0000000096600000, 0x0000000096700000, 0x0000000096700000|100%| O|  |TS  2|AC  0|TAMS 0x0000000096600000, 0x0000000096700000|
| 181|0x0000000096700000, 0x0000000096800000, 0x0000000096800000|100%| O|  |TS  2|AC  0|TAMS 0x0000000096700000, 0x0000000096800000|
| 182|0x0000000096800000, 0x0000000096900000, 0x0000000096900000|100%| O|  |TS  2|AC  0|TAMS 0x0000000096800000, 0x0000000096900000|
| 183|0x0000000096900000, 0x0000000096a00000, 0x0000000096a00000|100%| O|  |TS  3|AC  0|TAMS 0x0000000096900000, 0x0000000096a00000|
| 184|0x0000000096a00000, 0x0000000096b00000, 0x0000000096b00000|100%| O|  |TS  3|AC  0|TAMS 0x0000000096a00000, 0x0000000096b00000|
| 185|0x0000000096b00000, 0x0000000096c00000, 0x0000000096c00000|100%| O|  |TS  3|AC  0|TAMS 0x0000000096b00000, 0x0000000096c00000|
| 186|0x0000000096c00000, 0x0000000096d00000, 0x0000000096d00000|100%| O|  |TS  3|AC  0|TAMS 0x0000000096c00000, 0x0000000096d00000|
| 187|0x0000000096d00000, 0x0000000096e00000, 0x0000000096e00000|100%| O|  |TS  3|AC  0|TAMS 0x0000000096d00000, 0x0000000096e00000|
| 188|0x0000000096e00000, 0x0000000096f00000, 0x0000000096f00000|100%| O|  |TS  3|AC  0|TAMS 0x0000000096e00000, 0x0000000096f00000|
| 189|0x0000000096f00000, 0x0000000097000000, 0x0000000097000000|100%| O|  |TS  3|AC  0|TAMS 0x0000000096f00000, 0x0000000097000000|
| 190|0x0000000097000000, 0x0000000097100000, 0x0000000097100000|100%| O|  |TS  3|AC  0|TAMS 0x0000000097000000, 0x0000000097100000|
| 191|0x0000000097100000, 0x0000000097200000, 0x0000000097200000|100%| O|  |TS  3|AC  0|TAMS 0x0000000097100000, 0x0000000097200000|
| 192|0x0000000097200000, 0x0000000097300000, 0x0000000097300000|100%| O|  |TS  3|AC  0|TAMS 0x0000000097200000, 0x0000000097300000|
| 193|0x0000000097300000, 0x0000000097400000, 0x0000000097400000|100%| O|  |TS  3|AC  0|TAMS 0x0000000097300000, 0x0000000097400000|
| 194|0x0000000097400000, 0x0000000097500000, 0x0000000097500000|100%| O|  |TS  3|AC  0|TAMS 0x0000000097400000, 0x0000000097500000|
| 195|0x0000000097500000, 0x0000000097600000, 0x0000000097600000|100%| O|  |TS  3|AC  0|TAMS 0x0000000097500000, 0x0000000097600000|
| 196|0x0000000097600000, 0x0000000097700000, 0x0000000097700000|100%| O|  |TS  3|AC  0|TAMS 0x0000000097600000, 0x0000000097700000|
| 197|0x0000000097700000, 0x0000000097800000, 0x0000000097800000|100%| O|  |TS  3|AC  0|TAMS 0x0000000097700000, 0x0000000097800000|
| 198|0x0000000097800000, 0x0000000097800000, 0x0000000097900000|  0%| F|  |TS  0|AC  0|TAMS 0x0000000097800000, 0x0000000097800000|
| 199|0x0000000097900000, 0x0000000097900000, 0x0000000097a00000|  0%| F|  |TS  0|AC  0|TAMS 0x0000000097900000, 0x0000000097900000|
| 200|0x0000000097a00000, 0x0000000097a00000, 0x0000000097b00000|  0%| F|  |TS  0|AC  0|TAMS 0x0000000097a00000, 0x0000000097a00000|
| 201|0x0000000097b00000, 0x0000000097b00000, 0x0000000097c00000|  0%| F|  |TS  0|AC  0|TAMS 0x0000000097b00000, 0x0000000097b00000|
| 202|0x0000000097c00000, 0x0000000097c00000, 0x0000000097d00000|  0%| F|  |TS  0|AC  0|TAMS 0x0000000097c00000, 0x0000000097c00000|
| 203|0x0000000097d00000, 0x0000000097d00000, 0x0000000097e00000|  0%| F|  |TS  0|AC  0|TAMS 0x0000000097d00000, 0x0000000097d00000|
| 204|0x0000000097e00000, 0x0000000097e00000, 0x0000000097f00000|  0%| F|  |TS  0|AC  0|TAMS 0x0000000097e00000, 0x0000000097e00000|
| 205|0x0000000097f00000, 0x0000000097f00000, 0x0000000098000000|  0%| F|  |TS  0|AC  0|TAMS 0x0000000097f00000, 0x0000000097f00000|
| 206|0x0000000098000000, 0x0000000098000000, 0x0000000098100000|  0%| F|  |TS  0|AC  0|TAMS 0x0000000098000000, 0x0000000098000000|
| 207|0x0000000098100000, 0x0000000098100000, 0x0000000098200000|  0%| F|  |TS  0|AC  0|TAMS 0x0000000098100000, 0x0000000098100000|
| 208|0x0000000098200000, 0x0000000098200000, 0x0000000098300000|  0%| F|  |TS  0|AC  0|TAMS 0x0000000098200000, 0x0000000098200000|
| 209|0x0000000098300000, 0x0000000098300000, 0x0000000098400000|  0%| F|  |TS  0|AC  0|TAMS 0x0000000098300000, 0x0000000098300000|
| 210|0x0000000098400000, 0x0000000098400000, 0x0000000098500000|  0%| F|  |TS  0|AC  0|TAMS 0x0000000098400000, 0x0000000098400000|
| 211|0x0000000098500000, 0x0000000098500000, 0x0000000098600000|  0%| F|  |TS  0|AC  0|TAMS 0x0000000098500000, 0x0000000098500000|
| 212|0x0000000098600000, 0x0000000098600000, 0x0000000098700000|  0%| F|  |TS  0|AC  0|TAMS 0x0000000098600000, 0x0000000098600000|
| 213|0x0000000098700000, 0x0000000098700000, 0x0000000098800000|  0%| F|  |TS  0|AC  0|TAMS 0x0000000098700000, 0x0000000098700000|
| 214|0x0000000098800000, 0x0000000098800000, 0x0000000098900000|  0%| F|  |TS  0|AC  0|TAMS 0x0000000098800000, 0x0000000098800000|
| 215|0x0000000098900000, 0x0000000098900000, 0x0000000098a00000|  0%| F|  |TS  0|AC  0|TAMS 0x0000000098900000, 0x0000000098900000|
| 216|0x0000000098a00000, 0x0000000098a00000, 0x0000000098b00000|  0%| F|  |TS  0|AC  0|TAMS 0x0000000098a00000, 0x0000000098a00000|
| 217|0x0000000098b00000, 0x0000000098b00000, 0x0000000098c00000|  0%| F|  |TS  0|AC  0|TAMS 0x0000000098b00000, 0x0000000098b00000|
| 218|0x0000000098c00000, 0x0000000098c00000, 0x0000000098d00000|  0%| F|  |TS  0|AC  0|TAMS 0x0000000098c00000, 0x0000000098c00000|
| 219|0x0000000098d00000, 0x0000000098d00000, 0x0000000098e00000|  0%| F|  |TS  0|AC  0|TAMS 0x0000000098d00000, 0x0000000098d00000|
| 220|0x0000000098e00000, 0x0000000098e00000, 0x0000000098f00000|  0%| F|  |TS  0|AC  0|TAMS 0x0000000098e00000, 0x0000000098e00000|
| 221|0x0000000098f00000, 0x0000000098f00000, 0x0000000099000000|  0%| F|  |TS  0|AC  0|TAMS 0x0000000098f00000, 0x0000000098f00000|
| 222|0x0000000099000000, 0x0000000099000000, 0x0000000099100000|  0%| F|  |TS  0|AC  0|TAMS 0x0000000099000000, 0x0000000099000000|
| 223|0x0000000099100000, 0x0000000099100000, 0x0000000099200000|  0%| F|  |TS  0|AC  0|TAMS 0x0000000099100000, 0x0000000099100000|
| 224|0x0000000099200000, 0x0000000099200000, 0x0000000099300000|  0%| F|  |TS  0|AC  0|TAMS 0x0000000099200000, 0x0000000099200000|
| 225|0x0000000099300000, 0x0000000099300000, 0x0000000099400000|  0%| F|  |TS  0|AC  0|TAMS 0x0000000099300000, 0x0000000099300000|
| 226|0x0000000099400000, 0x0000000099400000, 0x0000000099500000|  0%| F|  |TS  0|AC  0|TAMS 0x0000000099400000, 0x0000000099400000|
| 227|0x0000000099500000, 0x0000000099500000, 0x0000000099600000|  0%| F|  |TS  0|AC  0|TAMS 0x0000000099500000, 0x0000000099500000|
| 228|0x0000000099600000, 0x0000000099600000, 0x0000000099700000|  0%| F|  |TS  0|AC  0|TAMS 0x0000000099600000, 0x0000000099600000|
| 229|0x0000000099700000, 0x0000000099700000, 0x0000000099800000|  0%| F|  |TS  0|AC  0|TAMS 0x0000000099700000, 0x0000000099700000|
| 230|0x0000000099800000, 0x0000000099800000, 0x0000000099900000|  0%| F|  |TS  0|AC  0|TAMS 0x0000000099800000, 0x0000000099800000|
| 231|0x0000000099900000, 0x0000000099900000, 0x0000000099a00000|  0%| F|  |TS  0|AC  0|TAMS 0x0000000099900000, 0x0000000099900000|
| 232|0x0000000099a00000, 0x0000000099a00000, 0x0000000099b00000|  0%| F|  |TS  0|AC  0|TAMS 0x0000000099a00000, 0x0000000099a00000|
| 233|0x0000000099b00000, 0x0000000099b00000, 0x0000000099c00000|  0%| F|  |TS  0|AC  0|TAMS 0x0000000099b00000, 0x0000000099b00000|
| 234|0x0000000099c00000, 0x0000000099c00000, 0x0000000099d00000|  0%| F|  |TS  0|AC  0|TAMS 0x0000000099c00000, 0x0000000099c00000|
| 235|0x0000000099d00000, 0x0000000099d00000, 0x0000000099e00000|  0%| F|  |TS  0|AC  0|TAMS 0x0000000099d00000, 0x0000000099d00000|
| 236|0x0000000099e00000, 0x0000000099e00000, 0x0000000099f00000|  0%| F|  |TS  0|AC  0|TAMS 0x0000000099e00000, 0x0000000099e00000|
| 237|0x0000000099f00000, 0x0000000099f00000, 0x000000009a000000|  0%| F|  |TS  0|AC  0|TAMS 0x0000000099f00000, 0x0000000099f00000|
| 238|0x000000009a000000, 0x000000009a000000, 0x000000009a100000|  0%| F|  |TS  0|AC  0|TAMS 0x000000009a000000, 0x000000009a000000|
| 239|0x000000009a100000, 0x000000009a100000, 0x000000009a200000|  0%| F|  |TS  0|AC  0|TAMS 0x000000009a100000, 0x000000009a100000|
| 240|0x000000009a200000, 0x000000009a200000, 0x000000009a300000|  0%| F|  |TS  0|AC  0|TAMS 0x000000009a200000, 0x000000009a200000|
| 241|0x000000009a300000, 0x000000009a300000, 0x000000009a400000|  0%| F|  |TS  0|AC  0|TAMS 0x000000009a300000, 0x000000009a300000|
| 242|0x000000009a400000, 0x000000009a400000, 0x000000009a500000|  0%| F|  |TS  0|AC  0|TAMS 0x000000009a400000, 0x000000009a400000|
| 243|0x000000009a500000, 0x000000009a500000, 0x000000009a600000|  0%| F|  |TS  0|AC  0|TAMS 0x000000009a500000, 0x000000009a500000|
| 244|0x000000009a600000, 0x000000009a600000, 0x000000009a700000|  0%| F|  |TS  0|AC  0|TAMS 0x000000009a600000, 0x000000009a600000|
| 245|0x000000009a700000, 0x000000009a700000, 0x000000009a800000|  0%| F|  |TS  0|AC  0|TAMS 0x000000009a700000, 0x000000009a700000|
| 246|0x000000009a800000, 0x000000009a800000, 0x000000009a900000|  0%| F|  |TS  0|AC  0|TAMS 0x000000009a800000, 0x000000009a800000|
| 247|0x000000009a900000, 0x000000009a900000, 0x000000009aa00000|  0%| F|  |TS  0|AC  0|TAMS 0x000000009a900000, 0x000000009a900000|
| 248|0x000000009aa00000, 0x000000009aa00000, 0x000000009ab00000|  0%| F|  |TS  0|AC  0|TAMS 0x000000009aa00000, 0x000000009aa00000|
| 249|0x000000009ab00000, 0x000000009ab00000, 0x000000009ac00000|  0%| F|  |TS  0|AC  0|TAMS 0x000000009ab00000, 0x000000009ab00000|
| 250|0x000000009ac00000, 0x000000009ac00000, 0x000000009ad00000|  0%| F|  |TS  0|AC  0|TAMS 0x000000009ac00000, 0x000000009ac00000|
| 251|0x000000009ad00000, 0x000000009ad00000, 0x000000009ae00000|  0%| F|  |TS  0|AC  0|TAMS 0x000000009ad00000, 0x000000009ad00000|
| 252|0x000000009ae00000, 0x000000009ae00000, 0x000000009af00000|  0%| F|  |TS  0|AC  0|TAMS 0x000000009ae00000, 0x000000009ae00000|
| 253|0x000000009af00000, 0x000000009af00000, 0x000000009b000000|  0%| F|  |TS  0|AC  0|TAMS 0x000000009af00000, 0x000000009af00000|
| 254|0x000000009b000000, 0x000000009b000000, 0x000000009b100000|  0%| F|  |TS  0|AC  0|TAMS 0x000000009b000000, 0x000000009b000000|
| 255|0x000000009b100000, 0x000000009b100000, 0x000000009b200000|  0%| F|  |TS  0|AC  0|TAMS 0x000000009b100000, 0x000000009b100000|
| 256|0x000000009b200000, 0x000000009b200000, 0x000000009b300000|  0%| F|  |TS  0|AC  0|TAMS 0x000000009b200000, 0x000000009b200000|
| 257|0x000000009b300000, 0x000000009b300000, 0x000000009b400000|  0%| F|  |TS  0|AC  0|TAMS 0x000000009b300000, 0x000000009b300000|
| 258|0x000000009b400000, 0x000000009b400000, 0x000000009b500000|  0%| F|  |TS  0|AC  0|TAMS 0x000000009b400000, 0x000000009b400000|
| 259|0x000000009b500000, 0x000000009b500000, 0x000000009b600000|  0%| F|  |TS  0|AC  0|TAMS 0x000000009b500000, 0x000000009b500000|
| 260|0x000000009b600000, 0x000000009b600000, 0x000000009b700000|  0%| F|  |TS  0|AC  0|TAMS 0x000000009b600000, 0x000000009b600000|
| 261|0x000000009b700000, 0x000000009b700000, 0x000000009b800000|  0%| F|  |TS  0|AC  0|TAMS 0x000000009b700000, 0x000000009b700000|
| 262|0x000000009b800000, 0x000000009b800000, 0x000000009b900000|  0%| F|  |TS  0|AC  0|TAMS 0x000000009b800000, 0x000000009b800000|
| 263|0x000000009b900000, 0x000000009b900000, 0x000000009ba00000|  0%| F|  |TS  0|AC  0|TAMS 0x000000009b900000, 0x000000009b900000|
| 264|0x000000009ba00000, 0x000000009ba00000, 0x000000009bb00000|  0%| F|  |TS  0|AC  0|TAMS 0x000000009ba00000, 0x000000009ba00000|
| 265|0x000000009bb00000, 0x000000009bb00000, 0x000000009bc00000|  0%| F|  |TS  0|AC  0|TAMS 0x000000009bb00000, 0x000000009bb00000|
| 266|0x000000009bc00000, 0x000000009bc00000, 0x000000009bd00000|  0%| F|  |TS  0|AC  0|TAMS 0x000000009bc00000, 0x000000009bc00000|
| 267|0x000000009bd00000, 0x000000009bd00000, 0x000000009be00000|  0%| F|  |TS  0|AC  0|TAMS 0x000000009bd00000, 0x000000009bd00000|
| 268|0x000000009be00000, 0x000000009be00000, 0x000000009bf00000|  0%| F|  |TS  0|AC  0|TAMS 0x000000009be00000, 0x000000009be00000|
| 269|0x000000009bf00000, 0x000000009bf00000, 0x000000009c000000|  0%| F|  |TS  0|AC  0|TAMS 0x000000009bf00000, 0x000000009bf00000|
| 270|0x000000009c000000, 0x000000009c000000, 0x000000009c100000|  0%| F|  |TS  0|AC  0|TAMS 0x000000009c000000, 0x000000009c000000|
| 271|0x000000009c100000, 0x000000009c100000, 0x000000009c200000|  0%| F|  |TS  0|AC  0|TAMS 0x000000009c100000, 0x000000009c100000|
| 272|0x000000009c200000, 0x000000009c200000, 0x000000009c300000|  0%| F|  |TS  0|AC  0|TAMS 0x000000009c200000, 0x000000009c200000|
| 273|0x000000009c300000, 0x000000009c300000, 0x000000009c400000|  0%| F|  |TS  0|AC  0|TAMS 0x000000009c300000, 0x000000009c300000|
| 274|0x000000009c400000, 0x000000009c400000, 0x000000009c500000|  0%| F|  |TS  0|AC  0|TAMS 0x000000009c400000, 0x000000009c400000|
| 275|0x000000009c500000, 0x000000009c500000, 0x000000009c600000|  0%| F|  |TS  0|AC  0|TAMS 0x000000009c500000, 0x000000009c500000|
| 276|0x000000009c600000, 0x000000009c600000, 0x000000009c700000|  0%| F|  |TS  0|AC  0|TAMS 0x000000009c600000, 0x000000009c600000|
| 277|0x000000009c700000, 0x000000009c700000, 0x000000009c800000|  0%| F|  |TS  0|AC  0|TAMS 0x000000009c700000, 0x000000009c700000|
| 278|0x000000009c800000, 0x000000009c800000, 0x000000009c900000|  0%| F|  |TS  0|AC  0|TAMS 0x000000009c800000, 0x000000009c800000|
| 279|0x000000009c900000, 0x000000009c900000, 0x000000009ca00000|  0%| F|  |TS  0|AC  0|TAMS 0x000000009c900000, 0x000000009c900000|
| 280|0x000000009ca00000, 0x000000009ca00000, 0x000000009cb00000|  0%| F|  |TS  0|AC  0|TAMS 0x000000009ca00000, 0x000000009ca00000|
| 281|0x000000009cb00000, 0x000000009cb00000, 0x000000009cc00000|  0%| F|  |TS  0|AC  0|TAMS 0x000000009cb00000, 0x000000009cb00000|
| 282|0x000000009cc00000, 0x000000009cc00000, 0x000000009cd00000|  0%| F|  |TS  0|AC  0|TAMS 0x000000009cc00000, 0x000000009cc00000|
| 283|0x000000009cd00000, 0x000000009cd00000, 0x000000009ce00000|  0%| F|  |TS  0|AC  0|TAMS 0x000000009cd00000, 0x000000009cd00000|
| 284|0x000000009ce00000, 0x000000009ce00000, 0x000000009cf00000|  0%| F|  |TS  0|AC  0|TAMS 0x000000009ce00000, 0x000000009ce00000|
| 285|0x000000009cf00000, 0x000000009cf00000, 0x000000009d000000|  0%| F|  |TS  0|AC  0|TAMS 0x000000009cf00000, 0x000000009cf00000|
| 286|0x000000009d000000, 0x000000009d000000, 0x000000009d100000|  0%| F|  |TS  0|AC  0|TAMS 0x000000009d000000, 0x000000009d000000|
| 287|0x000000009d100000, 0x000000009d100000, 0x000000009d200000|  0%| F|  |TS  0|AC  0|TAMS 0x000000009d100000, 0x000000009d100000|
| 288|0x000000009d200000, 0x000000009d200000, 0x000000009d300000|  0%| F|  |TS  0|AC  0|TAMS 0x000000009d200000, 0x000000009d200000|
| 289|0x000000009d300000, 0x000000009d300000, 0x000000009d400000|  0%| F|  |TS  0|AC  0|TAMS 0x000000009d300000, 0x000000009d300000|
| 290|0x000000009d400000, 0x000000009d400000, 0x000000009d500000|  0%| F|  |TS  0|AC  0|TAMS 0x000000009d400000, 0x000000009d400000|
| 291|0x000000009d500000, 0x000000009d500000, 0x000000009d600000|  0%| F|  |TS  0|AC  0|TAMS 0x000000009d500000, 0x000000009d500000|
| 292|0x000000009d600000, 0x000000009d600000, 0x000000009d700000|  0%| F|  |TS  0|AC  0|TAMS 0x000000009d600000, 0x000000009d600000|
| 293|0x000000009d700000, 0x000000009d700000, 0x000000009d800000|  0%| F|  |TS  0|AC  0|TAMS 0x000000009d700000, 0x000000009d700000|
| 294|0x000000009d800000, 0x000000009d800000, 0x000000009d900000|  0%| F|  |TS  0|AC  0|TAMS 0x000000009d800000, 0x000000009d800000|
| 295|0x000000009d900000, 0x000000009d900000, 0x000000009da00000|  0%| F|  |TS  0|AC  0|TAMS 0x000000009d900000, 0x000000009d900000|
| 296|0x000000009da00000, 0x000000009da00000, 0x000000009db00000|  0%| F|  |TS  2|AC  0|TAMS 0x000000009da00000, 0x000000009da00000|
| 297|0x000000009db00000, 0x000000009db00000, 0x000000009dc00000|  0%| F|  |TS  2|AC  0|TAMS 0x000000009db00000, 0x000000009db00000|
| 298|0x000000009dc00000, 0x000000009dc00000, 0x000000009dd00000|  0%| F|  |TS  2|AC  0|TAMS 0x000000009dc00000, 0x000000009dc00000|
| 299|0x000000009dd00000, 0x000000009dd00000, 0x000000009de00000|  0%| F|  |TS  2|AC  0|TAMS 0x000000009dd00000, 0x000000009dd00000|
| 300|0x000000009de00000, 0x000000009de00000, 0x000000009df00000|  0%| F|  |TS  2|AC  0|TAMS 0x000000009de00000, 0x000000009de00000|
| 301|0x000000009df00000, 0x000000009df00000, 0x000000009e000000|  0%| F|  |TS  2|AC  0|TAMS 0x000000009df00000, 0x000000009df00000|
| 302|0x000000009e000000, 0x000000009e000000, 0x000000009e100000|  0%| F|  |TS  1|AC  0|TAMS 0x000000009e000000, 0x000000009e000000|
| 303|0x000000009e100000, 0x000000009e100000, 0x000000009e200000|  0%| F|  |TS  1|AC  0|TAMS 0x000000009e100000, 0x000000009e100000|
| 304|0x000000009e200000, 0x000000009e200000, 0x000000009e300000|  0%| F|  |TS  1|AC  0|TAMS 0x000000009e200000, 0x000000009e200000|
| 305|0x000000009e300000, 0x000000009e300000, 0x000000009e400000|  0%| F|  |TS  1|AC  0|TAMS 0x000000009e300000, 0x000000009e300000|
| 306|0x000000009e400000, 0x000000009e400000, 0x000000009e500000|  0%| F|  |TS  1|AC  0|TAMS 0x000000009e400000, 0x000000009e400000|
| 307|0x000000009e500000, 0x000000009e500000, 0x000000009e600000|  0%| F|  |TS  1|AC  0|TAMS 0x000000009e500000, 0x000000009e500000|
| 308|0x000000009e600000, 0x000000009e600000, 0x000000009e700000|  0%| F|  |TS  1|AC  0|TAMS 0x000000009e600000, 0x000000009e600000|
| 309|0x000000009e700000, 0x000000009e700000, 0x000000009e800000|  0%| F|  |TS  3|AC  0|TAMS 0x000000009e700000, 0x000000009e700000|
| 310|0x000000009e800000, 0x000000009e800000, 0x000000009e900000|  0%| F|  |TS  3|AC  0|TAMS 0x000000009e800000, 0x000000009e800000|
| 311|0x000000009e900000, 0x000000009e900000, 0x000000009ea00000|  0%| F|  |TS  3|AC  0|TAMS 0x000000009e900000, 0x000000009e900000|
| 312|0x000000009ea00000, 0x000000009ea00000, 0x000000009eb00000|  0%| F|  |TS  3|AC  0|TAMS 0x000000009ea00000, 0x000000009ea00000|
| 313|0x000000009eb00000, 0x000000009eb00000, 0x000000009ec00000|  0%| F|  |TS  3|AC  0|TAMS 0x000000009eb00000, 0x000000009eb00000|
| 314|0x000000009ec00000, 0x000000009ec00000, 0x000000009ed00000|  0%| F|  |TS  2|AC  0|TAMS 0x000000009ec00000, 0x000000009ec00000|
| 315|0x000000009ed00000, 0x000000009ed00000, 0x000000009ee00000|  0%| F|  |TS  2|AC  0|TAMS 0x000000009ed00000, 0x000000009ed00000|
| 316|0x000000009ee00000, 0x000000009ee00000, 0x000000009ef00000|  0%| F|  |TS  2|AC  0|TAMS 0x000000009ee00000, 0x000000009ee00000|
| 317|0x000000009ef00000, 0x000000009ef00000, 0x000000009f000000|  0%| F|  |TS  2|AC  0|TAMS 0x000000009ef00000, 0x000000009ef00000|
| 318|0x000000009f000000, 0x000000009f000000, 0x000000009f100000|  0%| F|  |TS  2|AC  0|TAMS 0x000000009f000000, 0x000000009f000000|
| 319|0x000000009f100000, 0x000000009f100000, 0x000000009f200000|  0%| F|  |TS  2|AC  0|TAMS 0x000000009f100000, 0x000000009f100000|
| 320|0x000000009f200000, 0x000000009f200000, 0x000000009f300000|  0%| F|  |TS  2|AC  0|TAMS 0x000000009f200000, 0x000000009f200000|
| 321|0x000000009f300000, 0x000000009f300000, 0x000000009f400000|  0%| F|  |TS  2|AC  0|TAMS 0x000000009f300000, 0x000000009f300000|
| 322|0x000000009f400000, 0x000000009f400000, 0x000000009f500000|  0%| F|  |TS  2|AC  0|TAMS 0x000000009f400000, 0x000000009f400000|
| 323|0x000000009f500000, 0x000000009f500000, 0x000000009f600000|  0%| F|  |TS  2|AC  0|TAMS 0x000000009f500000, 0x000000009f500000|
| 324|0x000000009f600000, 0x000000009f700000, 0x000000009f700000|100%| S|CS|TS  3|AC  0|TAMS 0x000000009f600000, 0x000000009f600000|
| 325|0x000000009f700000, 0x000000009f800000, 0x000000009f800000|100%| S|CS|TS  3|AC  0|TAMS 0x000000009f700000, 0x000000009f700000|
| 326|0x000000009f800000, 0x000000009f900000, 0x000000009f900000|100%| S|CS|TS  3|AC  0|TAMS 0x000000009f800000, 0x000000009f800000|
| 327|0x000000009f900000, 0x000000009fa00000, 0x000000009fa00000|100%| S|CS|TS  3|AC  0|TAMS 0x000000009f900000, 0x000000009f900000|
| 328|0x000000009fa00000, 0x000000009fb00000, 0x000000009fb00000|100%| S|CS|TS  3|AC  0|TAMS 0x000000009fa00000, 0x000000009fa00000|
| 329|0x000000009fb00000, 0x000000009fc00000, 0x000000009fc00000|100%| S|CS|TS  3|AC  0|TAMS 0x000000009fb00000, 0x000000009fb00000|
| 330|0x000000009fc00000, 0x000000009fc00000, 0x000000009fd00000|  0%| F|  |TS  3|AC  0|TAMS 0x000000009fc00000, 0x000000009fc00000|
| 331|0x000000009fd00000, 0x000000009fd00000, 0x000000009fe00000|  0%| F|  |TS  3|AC  0|TAMS 0x000000009fd00000, 0x000000009fd00000|
| 332|0x000000009fe00000, 0x000000009fe00000, 0x000000009ff00000|  0%| F|  |TS  3|AC  0|TAMS 0x000000009fe00000, 0x000000009fe00000|
| 333|0x000000009ff00000, 0x000000009ff00000, 0x00000000a0000000|  0%| F|  |TS  3|AC  0|TAMS 0x000000009ff00000, 0x000000009ff00000|
| 334|0x00000000a0000000, 0x00000000a0000000, 0x00000000a0100000|  0%| F|  |TS  3|AC  0|TAMS 0x00000000a0000000, 0x00000000a0000000|
| 335|0x00000000a0100000, 0x00000000a0100000, 0x00000000a0200000|  0%| F|  |TS  3|AC  0|TAMS 0x00000000a0100000, 0x00000000a0100000|
| 336|0x00000000a0200000, 0x00000000a0200000, 0x00000000a0300000|  0%| F|  |TS  3|AC  0|TAMS 0x00000000a0200000, 0x00000000a0200000|
| 337|0x00000000a0300000, 0x00000000a0300000, 0x00000000a0400000|  0%| F|  |TS  3|AC  0|TAMS 0x00000000a0300000, 0x00000000a0300000|
| 338|0x00000000a0400000, 0x00000000a0400000, 0x00000000a0500000|  0%| F|  |TS  3|AC  0|TAMS 0x00000000a0400000, 0x00000000a0400000|
| 339|0x00000000a0500000, 0x00000000a0500000, 0x00000000a0600000|  0%| F|  |TS  3|AC  0|TAMS 0x00000000a0500000, 0x00000000a0500000|
| 340|0x00000000a0600000, 0x00000000a0600000, 0x00000000a0700000|  0%| F|  |TS  3|AC  0|TAMS 0x00000000a0600000, 0x00000000a0600000|
| 341|0x00000000a0700000, 0x00000000a0700000, 0x00000000a0800000|  0%| F|  |TS  3|AC  0|TAMS 0x00000000a0700000, 0x00000000a0700000|
| 342|0x00000000a0800000, 0x00000000a0800000, 0x00000000a0900000|  0%| F|  |TS  3|AC  0|TAMS 0x00000000a0800000, 0x00000000a0800000|
| 343|0x00000000a0900000, 0x00000000a0900000, 0x00000000a0a00000|  0%| F|  |TS  3|AC  0|TAMS 0x00000000a0900000, 0x00000000a0900000|
| 344|0x00000000a0a00000, 0x00000000a0a00000, 0x00000000a0b00000|  0%| F|  |TS  3|AC  0|TAMS 0x00000000a0a00000, 0x00000000a0a00000|

Card table byte_map: [0x00007f91799af000,0x00007f9179d56000] byte_map_base: 0x00007f9179556000

Marking Bits (Prev, Next): (CMBitMap*) 0x00007f919405b388, (CMBitMap*) 0x00007f919405b350
 Prev Bits: [0x00007f9158590000, 0x00007f915a2c8000)
 Next Bits: [0x00007f915a2c8000, 0x00007f915c000000)

Polling page: 0x00007f919b55c000

CodeHeap 'non-profiled nmethods': size=120032Kb used=44Kb max_used=44Kb free=119987Kb
 bounds [0x00007f9182db3000, 0x00007f9183023000, 0x00007f918a2eb000]
CodeHeap 'profiled nmethods': size=120028Kb used=172Kb max_used=172Kb free=119855Kb
 bounds [0x00007f917b87c000, 0x00007f917baec000, 0x00007f9182db3000]
CodeHeap 'non-nmethods': size=5700Kb used=980Kb max_used=996Kb free=4719Kb
 bounds [0x00007f917b2eb000, 0x00007f917b55b000, 0x00007f917b87c000]
 total_blobs=445 nmethods=118 adapters=156
 compilation: enabled

Compilation events (10 events):
Event: 0.104 Thread 0x00007f9194155800  113       4       java.lang.CharacterDataLatin1::isWhitespace (23 bytes)
Event: 0.104 Thread 0x00007f9194155800 nmethod 113 0x00007f9182dbb690 code [0x00007f9182dbb820, 0x00007f9182dbb8b8]
Event: 0.104 Thread 0x00007f9194151800 nmethod 115 0x00007f9182dbb990 code [0x00007f9182dbbb40, 0x00007f9182dbbeb8]
Event: 0.111 Thread 0x00007f9194153800 nmethod 114 0x00007f9182dbc210 code [0x00007f9182dbc400, 0x00007f9182dbcba8]
Event: 0.115 Thread 0x00007f9194157800  117 %     3       scan.lexerv2::lex @ 10 (160 bytes)
Event: 0.116 Thread 0x00007f9194157800 nmethod 117% 0x00007f917b8a0810 code [0x00007f917b8a0d00, 0x00007f917b8a3158]
Event: 0.116 Thread 0x00007f9194157800  118       3       scan.lexerv2::lex (160 bytes)
Event: 0.118 Thread 0x00007f9194157800 nmethod 118 0x00007f917b8a3d90 code [0x00007f917b8a4260, 0x00007f917b8a6638]
Event: 0.118 Thread 0x00007f9194155800  119 %     4       scan.lexerv2::lex @ 10 (160 bytes)
Event: 0.127 Thread 0x00007f9194155800 nmethod 119% 0x00007f9182dbd090 code [0x00007f9182dbd2a0, 0x00007f9182dbdc88]

GC Heap History (10 events):
Event: 0.222 GC heap after
{Heap after GC invocations=4 (full 0):
 garbage-first heap   total 120832K, used 55788K [0x000000008b200000, 0x0000000100000000)
  region size 1024K, 1 young (1024K), 1 survivors (1024K)
 Metaspace       used 3787K, capacity 4498K, committed 4864K, reserved 1056768K
  class space    used 319K, capacity 386K, committed 512K, reserved 1048576K
}
Event: 0.226 GC heap before
{Heap before GC invocations=4 (full 0):
 garbage-first heap   total 120832K, used 66028K [0x000000008b200000, 0x0000000100000000)
  region size 1024K, 11 young (11264K), 1 survivors (1024K)
 Metaspace       used 3787K, capacity 4498K, committed 4864K, reserved 1056768K
  class space    used 319K, capacity 386K, committed 512K, reserved 1048576K
}
Event: 0.235 GC heap after
{Heap after GC invocations=5 (full 0):
 garbage-first heap   total 353280K, used 66357K [0x000000008b200000, 0x0000000100000000)
  region size 1024K, 2 young (2048K), 2 survivors (2048K)
 Metaspace       used 3787K, capacity 4498K, committed 4864K, reserved 1056768K
  class space    used 319K, capacity 386K, committed 512K, reserved 1048576K
}
Event: 0.279 GC heap before
{Heap before GC invocations=5 (full 0):
 garbage-first heap   total 353280K, used 113461K [0x000000008b200000, 0x0000000100000000)
  region size 1024K, 36 young (36864K), 2 survivors (2048K)
 Metaspace       used 3787K, capacity 4498K, committed 4864K, reserved 1056768K
  class space    used 319K, capacity 386K, committed 512K, reserved 1048576K
}
Event: 0.312 GC heap after
{Heap after GC invocations=6 (full 0):
 garbage-first heap   total 353280K, used 114469K [0x000000008b200000, 0x0000000100000000)
  region size 1024K, 5 young (5120K), 5 survivors (5120K)
 Metaspace       used 3787K, capacity 4498K, committed 4864K, reserved 1056768K
  class space    used 319K, capacity 386K, committed 512K, reserved 1048576K
}
Event: 0.333 GC heap before
{Heap before GC invocations=7 (full 0):
 garbage-first heap   total 353280K, used 157477K [0x000000008b200000, 0x0000000100000000)
  region size 1024K, 43 young (44032K), 5 survivors (5120K)
 Metaspace       used 3787K, capacity 4498K, committed 4864K, reserved 1056768K
  class space    used 319K, capacity 386K, committed 512K, reserved 1048576K
}
Event: 0.622 GC heap after
{Heap after GC invocations=8 (full 0):
 garbage-first heap   total 353280K, used 159744K [0x000000008b200000, 0x0000000100000000)
  region size 1024K, 6 young (6144K), 6 survivors (6144K)
 Metaspace       used 3787K, capacity 4498K, committed 4864K, reserved 1056768K
  class space    used 319K, capacity 386K, committed 512K, reserved 1048576K
}
Event: 0.639 GC heap before
{Heap before GC invocations=8 (full 0):
 garbage-first heap   total 353280K, used 191488K [0x000000008b200000, 0x0000000100000000)
  region size 1024K, 37 young (37888K), 6 survivors (6144K)
 Metaspace       used 3787K, capacity 4498K, committed 4864K, reserved 1056768K
  class space    used 319K, capacity 386K, committed 512K, reserved 1048576K
}
Event: 0.668 GC heap after
{Heap after GC invocations=9 (full 0):
 garbage-first heap   total 353280K, used 192512K [0x000000008b200000, 0x0000000100000000)
  region size 1024K, 5 young (5120K), 5 survivors (5120K)
 Metaspace       used 3787K, capacity 4498K, committed 4864K, reserved 1056768K
  class space    used 319K, capacity 386K, committed 512K, reserved 1048576K
}
Event: 0.678 GC heap before
{Heap before GC invocations=9 (full 0):
 garbage-first heap   total 353280K, used 206848K [0x000000008b200000, 0x0000000100000000)
  region size 1024K, 20 young (20480K), 5 survivors (5120K)
 Metaspace       used 3787K, capacity 4498K, committed 4864K, reserved 1056768K
  class space    used 319K, capacity 386K, committed 512K, reserved 1048576K
}

Deoptimization events (1 events):
Event: 0.085 Thread 0x00007f9194011800 Uncommon trap: reason=unstable_if action=reinterpret pc=0x00007f9182db8570 method=java.lang.String.hashCode()I @ 14 c2

Classes redefined (0 events):
No events

Internal exceptions (0 events):
No events

Events (10 events):
Event: 0.277 Executing VM operation: CGC_Operation done
Event: 0.278 Executing VM operation: G1IncCollectionPause
Event: 0.312 Executing VM operation: G1IncCollectionPause done
Event: 0.325 Executing VM operation: CGC_Operation
Event: 0.326 Executing VM operation: CGC_Operation done
Event: 0.333 Executing VM operation: G1IncCollectionPause
Event: 0.625 Executing VM operation: G1IncCollectionPause done
Event: 0.638 Executing VM operation: G1IncCollectionPause
Event: 0.668 Executing VM operation: G1IncCollectionPause done
Event: 0.678 Executing VM operation: G1IncCollectionPause


Dynamic libraries:
8b200000-a0b00000 rw-p 00000000 00:00 0 
c6d00000-100000000 ---p 00000000 00:00 0 
100000000-100080000 rw-p 00000000 00:00 0 
100080000-140000000 ---p 00000000 00:00 0 
55c6f9062000-55c6f9063000 r-xp 00000000 103:01 13765084                  /usr/lib/jvm/java-11-openjdk-amd64/bin/java
55c6f9263000-55c6f9264000 r--p 00001000 103:01 13765084                  /usr/lib/jvm/java-11-openjdk-amd64/bin/java
55c6f9264000-55c6f9265000 rw-p 00002000 103:01 13765084                  /usr/lib/jvm/java-11-openjdk-amd64/bin/java
55c6f997f000-55c6f99a0000 rw-p 00000000 00:00 0                          [heap]
7f90f0000000-7f90f0021000 rw-p 00000000 00:00 0 
7f90f0021000-7f90f4000000 ---p 00000000 00:00 0 
7f90f4000000-7f90f4021000 rw-p 00000000 00:00 0 
7f90f4021000-7f90f8000000 ---p 00000000 00:00 0 
7f90f8000000-7f90f8021000 rw-p 00000000 00:00 0 
7f90f8021000-7f90fc000000 ---p 00000000 00:00 0 
7f90fc000000-7f90fc021000 rw-p 00000000 00:00 0 
7f90fc021000-7f9100000000 ---p 00000000 00:00 0 
7f9100000000-7f91000d4000 rw-p 00000000 00:00 0 
7f91000d4000-7f9104000000 ---p 00000000 00:00 0 
7f9104000000-7f9104078000 rw-p 00000000 00:00 0 
7f9104078000-7f9108000000 ---p 00000000 00:00 0 
7f9108000000-7f910811e000 rw-p 00000000 00:00 0 
7f910811e000-7f910c000000 ---p 00000000 00:00 0 
7f910c000000-7f910c0bb000 rw-p 00000000 00:00 0 
7f910c0bb000-7f9110000000 ---p 00000000 00:00 0 
7f9110000000-7f9110021000 rw-p 00000000 00:00 0 
7f9110021000-7f9114000000 ---p 00000000 00:00 0 
7f9114000000-7f9114021000 rw-p 00000000 00:00 0 
7f9114021000-7f9118000000 ---p 00000000 00:00 0 
7f9118000000-7f91180c6000 rw-p 00000000 00:00 0 
7f91180c6000-7f911c000000 ---p 00000000 00:00 0 
7f911c000000-7f911c021000 rw-p 00000000 00:00 0 
7f911c021000-7f9120000000 ---p 00000000 00:00 0 
7f9120000000-7f9120021000 rw-p 00000000 00:00 0 
7f9120021000-7f9124000000 ---p 00000000 00:00 0 
7f9124000000-7f9124021000 rw-p 00000000 00:00 0 
7f9124021000-7f9128000000 ---p 00000000 00:00 0 
7f9128000000-7f9128021000 rw-p 00000000 00:00 0 
7f9128021000-7f912c000000 ---p 00000000 00:00 0 
7f912c000000-7f912c021000 rw-p 00000000 00:00 0 
7f912c021000-7f9130000000 ---p 00000000 00:00 0 
7f9130000000-7f9130021000 rw-p 00000000 00:00 0 
7f9130021000-7f9134000000 ---p 00000000 00:00 0 
7f9134000000-7f9134021000 rw-p 00000000 00:00 0 
7f9134021000-7f9138000000 ---p 00000000 00:00 0 
7f9138000000-7f9138021000 rw-p 00000000 00:00 0 
7f9138021000-7f913c000000 ---p 00000000 00:00 0 
7f913c000000-7f913c021000 rw-p 00000000 00:00 0 
7f913c021000-7f9140000000 ---p 00000000 00:00 0 
7f9140000000-7f9140021000 rw-p 00000000 00:00 0 
7f9140021000-7f9144000000 ---p 00000000 00:00 0 
7f9144400000-7f9144417000 r-xp 00000000 103:01 14033102                  /usr/lib/jvm/java-11-openjdk-amd64/lib/libnet.so
7f9144417000-7f9144616000 ---p 00017000 103:01 14033102                  /usr/lib/jvm/java-11-openjdk-amd64/lib/libnet.so
7f9144616000-7f9144617000 r--p 00016000 103:01 14033102                  /usr/lib/jvm/java-11-openjdk-amd64/lib/libnet.so
7f9144617000-7f9144618000 rw-p 00017000 103:01 14033102                  /usr/lib/jvm/java-11-openjdk-amd64/lib/libnet.so
7f9144618000-7f9144629000 r-xp 00000000 103:01 14033103                  /usr/lib/jvm/java-11-openjdk-amd64/lib/libnio.so
7f9144629000-7f9144828000 ---p 00011000 103:01 14033103                  /usr/lib/jvm/java-11-openjdk-amd64/lib/libnio.so
7f9144828000-7f9144829000 r--p 00010000 103:01 14033103                  /usr/lib/jvm/java-11-openjdk-amd64/lib/libnio.so
7f9144829000-7f914482a000 rw-p 00011000 103:01 14033103                  /usr/lib/jvm/java-11-openjdk-amd64/lib/libnio.so
7f914482a000-7f914482e000 ---p 00000000 00:00 0 
7f914482e000-7f914492b000 rw-p 00000000 00:00 0 
7f914492b000-7f914492c000 ---p 00000000 00:00 0 
7f914492c000-7f9144a2d000 rw-p 00000000 00:00 0 
7f9144a2d000-7f9144a31000 ---p 00000000 00:00 0 
7f9144a31000-7f9144b2e000 rw-p 00000000 00:00 0 
7f9144b2e000-7f9144b32000 ---p 00000000 00:00 0 
7f9144b32000-7f9144c2f000 rw-p 00000000 00:00 0 
7f9144c2f000-7f9144c33000 ---p 00000000 00:00 0 
7f9144c33000-7f9144d30000 rw-p 00000000 00:00 0 
7f9144d30000-7f9144d34000 ---p 00000000 00:00 0 
7f9144d34000-7f9144e31000 rw-p 00000000 00:00 0 
7f9144e31000-7f9145800000 r--p 00000000 103:01 13769227                  /usr/lib/locale/locale-archive
7f9145800000-7f9145c40000 rw-p 00000000 00:00 0 
7f9145c40000-7f9146000000 ---p 00000000 00:00 0 
7f9146000000-7f9148000000 rw-p 00000000 00:00 0 
7f9148000000-7f9148021000 rw-p 00000000 00:00 0 
7f9148021000-7f914c000000 ---p 00000000 00:00 0 
7f914c000000-7f914c021000 rw-p 00000000 00:00 0 
7f914c021000-7f9150000000 ---p 00000000 00:00 0 
7f9150000000-7f9150021000 rw-p 00000000 00:00 0 
7f9150021000-7f9154000000 ---p 00000000 00:00 0 
7f9154000000-7f9154030000 rw-p 00000000 00:00 0 
7f9154030000-7f9158000000 ---p 00000000 00:00 0 
7f915808b000-7f915808f000 ---p 00000000 00:00 0 
7f915808f000-7f915818c000 rw-p 00000000 00:00 0 
7f915818c000-7f9158190000 ---p 00000000 00:00 0 
7f9158190000-7f915828d000 rw-p 00000000 00:00 0 
7f915828d000-7f9158291000 ---p 00000000 00:00 0 
7f9158291000-7f915838e000 rw-p 00000000 00:00 0 
7f915838e000-7f9158392000 ---p 00000000 00:00 0 
7f9158392000-7f915848f000 rw-p 00000000 00:00 0 
7f915848f000-7f9158493000 ---p 00000000 00:00 0 
7f9158493000-7f9158af4000 rw-p 00000000 00:00 0 
7f9158af4000-7f915a2c8000 ---p 00000000 00:00 0 
7f915a2c8000-7f915a82c000 rw-p 00000000 00:00 0 
7f915a82c000-7f915c000000 ---p 00000000 00:00 0 
7f915c000000-7f915c040000 rw-p 00000000 00:00 0 
7f915c040000-7f9160000000 ---p 00000000 00:00 0 
7f9160000000-7f916006b000 rw-p 00000000 00:00 0 
7f916006b000-7f9164000000 ---p 00000000 00:00 0 
7f9164000000-7f916408b000 rw-p 00000000 00:00 0 
7f916408b000-7f9168000000 ---p 00000000 00:00 0 
7f9168000000-7f9168056000 rw-p 00000000 00:00 0 
7f9168056000-7f916c000000 ---p 00000000 00:00 0 
7f916c000000-7f916c07c000 rw-p 00000000 00:00 0 
7f916c07c000-7f9170000000 ---p 00000000 00:00 0 
7f9170000000-7f9170090000 rw-p 00000000 00:00 0 
7f9170090000-7f9174000000 ---p 00000000 00:00 0 
7f9174000000-7f9174074000 rw-p 00000000 00:00 0 
7f9174074000-7f9178000000 ---p 00000000 00:00 0 
7f9178015000-7f9178016000 ---p 00000000 00:00 0 
7f9178016000-7f91781e8000 rw-p 00000000 00:00 0 
7f91781e8000-7f91781e9000 ---p 00000000 00:00 0 
7f91781e9000-7f91782ea000 rw-p 00000000 00:00 0 
7f91782ea000-7f91782eb000 ---p 00000000 00:00 0 
7f91782eb000-7f91783ec000 rw-p 00000000 00:00 0 
7f91783ec000-7f91783ed000 ---p 00000000 00:00 0 
7f91783ed000-7f91784ee000 rw-p 00000000 00:00 0 
7f91784ee000-7f91784ef000 ---p 00000000 00:00 0 
7f91784ef000-7f91785f0000 rw-p 00000000 00:00 0 
7f91785f0000-7f91785f1000 ---p 00000000 00:00 0 
7f91785f1000-7f91786f2000 rw-p 00000000 00:00 0 
7f91786f2000-7f91786f3000 ---p 00000000 00:00 0 
7f91786f3000-7f91787f4000 rw-p 00000000 00:00 0 
7f91787f4000-7f91787f5000 ---p 00000000 00:00 0 
7f91787f5000-7f91788f6000 rw-p 00000000 00:00 0 
7f91788f6000-7f91788f7000 ---p 00000000 00:00 0 
7f91788f7000-7f91789f8000 rw-p 00000000 00:00 0 
7f91789f8000-7f91789f9000 ---p 00000000 00:00 0 
7f91789f9000-7f9179302000 rw-p 00000000 00:00 0 
7f9179302000-7f9179303000 ---p 00000000 00:00 0 
7f9179303000-7f9179404000 rw-p 00000000 00:00 0 
7f9179404000-7f9179405000 ---p 00000000 00:00 0 
7f9179405000-7f9179506000 rw-p 00000000 00:00 0 
7f9179506000-7f9179507000 ---p 00000000 00:00 0 
7f9179507000-7f91796b5000 rw-p 00000000 00:00 0 
7f91796b5000-7f91799af000 ---p 00000000 00:00 0 
7f91799af000-7f9179a5c000 rw-p 00000000 00:00 0 
7f9179a5c000-7f9179d56000 ---p 00000000 00:00 0 
7f9179d56000-7f9179e03000 rw-p 00000000 00:00 0 
7f9179e03000-7f917a0fd000 ---p 00000000 00:00 0 
7f917a0fd000-7f917a905000 rw-p 00000000 00:00 0 
7f917a905000-7f917a906000 ---p 00000000 00:00 0 
7f917a906000-7f917aa07000 rw-p 00000000 00:00 0 
7f917aa07000-7f917aa08000 ---p 00000000 00:00 0 
7f917aa08000-7f917ab09000 rw-p 00000000 00:00 0 
7f917ab09000-7f917ab0a000 ---p 00000000 00:00 0 
7f917ab0a000-7f917ac0b000 rw-p 00000000 00:00 0 
7f917ac0b000-7f917ac0c000 ---p 00000000 00:00 0 
7f917ac0c000-7f917ad0d000 rw-p 00000000 00:00 0 
7f917ad0d000-7f917ad0e000 ---p 00000000 00:00 0 
7f917ad0e000-7f917ae0f000 rw-p 00000000 00:00 0 
7f917ae0f000-7f917ae10000 ---p 00000000 00:00 0 
7f917ae10000-7f917af11000 rw-p 00000000 00:00 0 
7f917af11000-7f917af12000 ---p 00000000 00:00 0 
7f917af12000-7f917b013000 rw-p 00000000 00:00 0 
7f917b013000-7f917b014000 ---p 00000000 00:00 0 
7f917b014000-7f917b11a000 rw-p 00000000 00:00 0 
7f917b11a000-7f917b200000 ---p 00000000 00:00 0 
7f917b200000-7f917b205000 rw-p 00000000 00:00 0 
7f917b205000-7f917b2eb000 ---p 00000000 00:00 0 
7f917b2eb000-7f917b55b000 rwxp 00000000 00:00 0 
7f917b55b000-7f917b87c000 ---p 00000000 00:00 0 
7f917b87c000-7f917baec000 rwxp 00000000 00:00 0 
7f917baec000-7f9182db3000 ---p 00000000 00:00 0 
7f9182db3000-7f9183023000 rwxp 00000000 00:00 0 
7f9183023000-7f918a2eb000 ---p 00000000 00:00 0 
7f918a2eb000-7f91937c6000 r--s 00000000 103:01 14033112                  /usr/lib/jvm/java-11-openjdk-amd64/lib/modules
7f91937c6000-7f91937cb000 r-xp 00000000 103:01 14033094                  /usr/lib/jvm/java-11-openjdk-amd64/lib/libjimage.so
7f91937cb000-7f91939ca000 ---p 00005000 103:01 14033094                  /usr/lib/jvm/java-11-openjdk-amd64/lib/libjimage.so
7f91939ca000-7f91939cb000 r--p 00004000 103:01 14033094                  /usr/lib/jvm/java-11-openjdk-amd64/lib/libjimage.so
7f91939cb000-7f91939cc000 rw-p 00005000 103:01 14033094                  /usr/lib/jvm/java-11-openjdk-amd64/lib/libjimage.so
7f91939cc000-7f91939d3000 r-xp 00000000 103:01 14033111                  /usr/lib/jvm/java-11-openjdk-amd64/lib/libzip.so
7f91939d3000-7f9193bd2000 ---p 00007000 103:01 14033111                  /usr/lib/jvm/java-11-openjdk-amd64/lib/libzip.so
7f9193bd2000-7f9193bd3000 r--p 00006000 103:01 14033111                  /usr/lib/jvm/java-11-openjdk-amd64/lib/libzip.so
7f9193bd3000-7f9193bd4000 rw-p 00007000 103:01 14033111                  /usr/lib/jvm/java-11-openjdk-amd64/lib/libzip.so
7f9193bd4000-7f9193bdf000 r-xp 00000000 103:01 5772019                   /lib/x86_64-linux-gnu/libnss_files-2.27.so
7f9193bdf000-7f9193dde000 ---p 0000b000 103:01 5772019                   /lib/x86_64-linux-gnu/libnss_files-2.27.so
7f9193dde000-7f9193ddf000 r--p 0000a000 103:01 5772019                   /lib/x86_64-linux-gnu/libnss_files-2.27.so
7f9193ddf000-7f9193de0000 rw-p 0000b000 103:01 5772019                   /lib/x86_64-linux-gnu/libnss_files-2.27.so
7f9193de0000-7f9193de6000 rw-p 00000000 00:00 0 
7f9193de6000-7f9193dfd000 r-xp 00000000 103:01 5772013                   /lib/x86_64-linux-gnu/libnsl-2.27.so
7f9193dfd000-7f9193ffc000 ---p 00017000 103:01 5772013                   /lib/x86_64-linux-gnu/libnsl-2.27.so
7f9193ffc000-7f9193ffd000 r--p 00016000 103:01 5772013                   /lib/x86_64-linux-gnu/libnsl-2.27.so
7f9193ffd000-7f9193ffe000 rw-p 00017000 103:01 5772013                   /lib/x86_64-linux-gnu/libnsl-2.27.so
7f9193ffe000-7f9194000000 rw-p 00000000 00:00 0 
7f9194000000-7f919420b000 rw-p 00000000 00:00 0 
7f919420b000-7f9198000000 ---p 00000000 00:00 0 
7f9198023000-7f919807c000 rw-p 00000000 00:00 0 
7f919807c000-7f9198087000 r-xp 00000000 103:01 5772030                   /lib/x86_64-linux-gnu/libnss_nis-2.27.so
7f9198087000-7f9198286000 ---p 0000b000 103:01 5772030                   /lib/x86_64-linux-gnu/libnss_nis-2.27.so
7f9198286000-7f9198287000 r--p 0000a000 103:01 5772030                   /lib/x86_64-linux-gnu/libnss_nis-2.27.so
7f9198287000-7f9198288000 rw-p 0000b000 103:01 5772030                   /lib/x86_64-linux-gnu/libnss_nis-2.27.so
7f9198288000-7f9198290000 r-xp 00000000 103:01 5772015                   /lib/x86_64-linux-gnu/libnss_compat-2.27.so
7f9198290000-7f9198490000 ---p 00008000 103:01 5772015                   /lib/x86_64-linux-gnu/libnss_compat-2.27.so
7f9198490000-7f9198491000 r--p 00008000 103:01 5772015                   /lib/x86_64-linux-gnu/libnss_compat-2.27.so
7f9198491000-7f9198492000 rw-p 00009000 103:01 5772015                   /lib/x86_64-linux-gnu/libnss_compat-2.27.so
7f9198492000-7f91984be000 r-xp 00000000 103:01 14033090                  /usr/lib/jvm/java-11-openjdk-amd64/lib/libjava.so
7f91984be000-7f91986bd000 ---p 0002c000 103:01 14033090                  /usr/lib/jvm/java-11-openjdk-amd64/lib/libjava.so
7f91986bd000-7f91986be000 r--p 0002b000 103:01 14033090                  /usr/lib/jvm/java-11-openjdk-amd64/lib/libjava.so
7f91986be000-7f91986c0000 rw-p 0002c000 103:01 14033090                  /usr/lib/jvm/java-11-openjdk-amd64/lib/libjava.so
7f91986c0000-7f91986cd000 r-xp 00000000 103:01 14033110                  /usr/lib/jvm/java-11-openjdk-amd64/lib/libverify.so
7f91986cd000-7f91988cc000 ---p 0000d000 103:01 14033110                  /usr/lib/jvm/java-11-openjdk-amd64/lib/libverify.so
7f91988cc000-7f91988ce000 r--p 0000c000 103:01 14033110                  /usr/lib/jvm/java-11-openjdk-amd64/lib/libverify.so
7f91988ce000-7f91988cf000 rw-p 0000e000 103:01 14033110                  /usr/lib/jvm/java-11-openjdk-amd64/lib/libverify.so
7f91988cf000-7f91988d6000 r-xp 00000000 103:01 5772070                   /lib/x86_64-linux-gnu/librt-2.27.so
7f91988d6000-7f9198ad5000 ---p 00007000 103:01 5772070                   /lib/x86_64-linux-gnu/librt-2.27.so
7f9198ad5000-7f9198ad6000 r--p 00006000 103:01 5772070                   /lib/x86_64-linux-gnu/librt-2.27.so
7f9198ad6000-7f9198ad7000 rw-p 00007000 103:01 5772070                   /lib/x86_64-linux-gnu/librt-2.27.so
7f9198ad7000-7f9198aee000 r-xp 00000000 103:01 5767255                   /lib/x86_64-linux-gnu/libgcc_s.so.1
7f9198aee000-7f9198ced000 ---p 00017000 103:01 5767255                   /lib/x86_64-linux-gnu/libgcc_s.so.1
7f9198ced000-7f9198cee000 r--p 00016000 103:01 5767255                   /lib/x86_64-linux-gnu/libgcc_s.so.1
7f9198cee000-7f9198cef000 rw-p 00017000 103:01 5767255                   /lib/x86_64-linux-gnu/libgcc_s.so.1
7f9198cef000-7f9198e8c000 r-xp 00000000 103:01 5771992                   /lib/x86_64-linux-gnu/libm-2.27.so
7f9198e8c000-7f919908b000 ---p 0019d000 103:01 5771992                   /lib/x86_64-linux-gnu/libm-2.27.so
7f919908b000-7f919908c000 r--p 0019c000 103:01 5771992                   /lib/x86_64-linux-gnu/libm-2.27.so
7f919908c000-7f919908d000 rw-p 0019d000 103:01 5771992                   /lib/x86_64-linux-gnu/libm-2.27.so
7f919908d000-7f9199206000 r-xp 00000000 103:01 13762773                  /usr/lib/x86_64-linux-gnu/libstdc++.so.6.0.25
7f9199206000-7f9199406000 ---p 00179000 103:01 13762773                  /usr/lib/x86_64-linux-gnu/libstdc++.so.6.0.25
7f9199406000-7f9199410000 r--p 00179000 103:01 13762773                  /usr/lib/x86_64-linux-gnu/libstdc++.so.6.0.25
7f9199410000-7f9199412000 rw-p 00183000 103:01 13762773                  /usr/lib/x86_64-linux-gnu/libstdc++.so.6.0.25
7f9199412000-7f9199416000 rw-p 00000000 00:00 0 
7f9199416000-7f919a3b3000 r-xp 00000000 103:01 14418719                  /usr/lib/jvm/java-11-openjdk-amd64/lib/server/libjvm.so
7f919a3b3000-7f919a5b3000 ---p 00f9d000 103:01 14418719                  /usr/lib/jvm/java-11-openjdk-amd64/lib/server/libjvm.so
7f919a5b3000-7f919a677000 r--p 00f9d000 103:01 14418719                  /usr/lib/jvm/java-11-openjdk-amd64/lib/server/libjvm.so
7f919a677000-7f919a6af000 rw-p 01061000 103:01 14418719                  /usr/lib/jvm/java-11-openjdk-amd64/lib/server/libjvm.so
7f919a6af000-7f919a6f8000 rw-p 00000000 00:00 0 
7f919a6f8000-7f919a712000 r-xp 00000000 103:01 5772062                   /lib/x86_64-linux-gnu/libpthread-2.27.so
7f919a712000-7f919a911000 ---p 0001a000 103:01 5772062                   /lib/x86_64-linux-gnu/libpthread-2.27.so
7f919a911000-7f919a912000 r--p 00019000 103:01 5772062                   /lib/x86_64-linux-gnu/libpthread-2.27.so
7f919a912000-7f919a913000 rw-p 0001a000 103:01 5772062                   /lib/x86_64-linux-gnu/libpthread-2.27.so
7f919a913000-7f919a917000 rw-p 00000000 00:00 0 
7f919a917000-7f919a91a000 r-xp 00000000 103:01 5771952                   /lib/x86_64-linux-gnu/libdl-2.27.so
7f919a91a000-7f919ab19000 ---p 00003000 103:01 5771952                   /lib/x86_64-linux-gnu/libdl-2.27.so
7f919ab19000-7f919ab1a000 r--p 00002000 103:01 5771952                   /lib/x86_64-linux-gnu/libdl-2.27.so
7f919ab1a000-7f919ab1b000 rw-p 00003000 103:01 5771952                   /lib/x86_64-linux-gnu/libdl-2.27.so
7f919ab1b000-7f919ab37000 r-xp 00000000 103:01 5772101                   /lib/x86_64-linux-gnu/libz.so.1.2.11
7f919ab37000-7f919ad36000 ---p 0001c000 103:01 5772101                   /lib/x86_64-linux-gnu/libz.so.1.2.11
7f919ad36000-7f919ad37000 r--p 0001b000 103:01 5772101                   /lib/x86_64-linux-gnu/libz.so.1.2.11
7f919ad37000-7f919ad38000 rw-p 0001c000 103:01 5772101                   /lib/x86_64-linux-gnu/libz.so.1.2.11
7f919ad38000-7f919af1f000 r-xp 00000000 103:01 5771929                   /lib/x86_64-linux-gnu/libc-2.27.so
7f919af1f000-7f919b11f000 ---p 001e7000 103:01 5771929                   /lib/x86_64-linux-gnu/libc-2.27.so
7f919b11f000-7f919b123000 r--p 001e7000 103:01 5771929                   /lib/x86_64-linux-gnu/libc-2.27.so
7f919b123000-7f919b125000 rw-p 001eb000 103:01 5771929                   /lib/x86_64-linux-gnu/libc-2.27.so
7f919b125000-7f919b129000 rw-p 00000000 00:00 0 
7f919b129000-7f919b138000 r-xp 00000000 103:01 14162979                  /usr/lib/jvm/java-11-openjdk-amd64/lib/jli/libjli.so
7f919b138000-7f919b337000 ---p 0000f000 103:01 14162979                  /usr/lib/jvm/java-11-openjdk-amd64/lib/jli/libjli.so
7f919b337000-7f919b338000 r--p 0000e000 103:01 14162979                  /usr/lib/jvm/java-11-openjdk-amd64/lib/jli/libjli.so
7f919b338000-7f919b339000 rw-p 0000f000 103:01 14162979                  /usr/lib/jvm/java-11-openjdk-amd64/lib/jli/libjli.so
7f919b339000-7f919b360000 r-xp 00000000 103:01 5771901                   /lib/x86_64-linux-gnu/ld-2.27.so
7f919b37a000-7f919b42e000 rw-p 00000000 00:00 0 
7f919b42e000-7f919b432000 ---p 00000000 00:00 0 
7f919b432000-7f919b531000 rw-p 00000000 00:00 0 
7f919b547000-7f919b54d000 rw-p 00000000 00:00 0 
7f919b54d000-7f919b554000 ---p 00000000 00:00 0 
7f919b554000-7f919b55c000 rw-s 00000000 103:01 1048803                   /tmp/hsperfdata_dev/7488
7f919b55c000-7f919b55d000 ---p 00000000 00:00 0 
7f919b55d000-7f919b55e000 r--p 00000000 00:00 0 
7f919b55e000-7f919b560000 rw-p 00000000 00:00 0 
7f919b560000-7f919b561000 r--p 00027000 103:01 5771901                   /lib/x86_64-linux-gnu/ld-2.27.so
7f919b561000-7f919b562000 rw-p 00028000 103:01 5771901                   /lib/x86_64-linux-gnu/ld-2.27.so
7f919b562000-7f919b563000 rw-p 00000000 00:00 0 
7ffc55a98000-7ffc55ab9000 rw-p 00000000 00:00 0                          [stack]
7ffc55b95000-7ffc55b98000 r--p 00000000 00:00 0                          [vvar]
7ffc55b98000-7ffc55b9a000 r-xp 00000000 00:00 0                          [vdso]
ffffffffff600000-ffffffffff601000 r-xp 00000000 00:00 0                  [vsyscall]


VM Arguments:
java_command: scan.lexerv2 (rrtt)
java_class_path (initial): .
Launcher Type: SUN_STANDARD

Logging:
Log output configuration:
#0: stdout all=warning uptime,level,tags
#1: stderr all=off uptime,level,tags

Environment Variables:
JAVA_HOME=/usr/lib/jvm/open-jdk
PATH=/home/dev/anaconda3/bin:/home/dev/anaconda3/condabin:/home/dev/.local/bin:/home/dev/bin:/usr/local/sbin:/usr/local/bin:/usr/sbin:/usr/bin:/sbin:/bin:/usr/games:/usr/local/games:/snap/bin
USERNAME=dev
SHELL=/bin/bash
DISPLAY=:0

Signal Handlers:
SIGSEGV: [libjvm.so+0xd28b70], sa_mask[0]=11111111011111111101111111111110, sa_flags=SA_RESTART|SA_SIGINFO
SIGBUS: [libjvm.so+0xd28b70], sa_mask[0]=11111111011111111101111111111110, sa_flags=SA_RESTART|SA_SIGINFO
SIGFPE: [libjvm.so+0xd28b70], sa_mask[0]=11111111011111111101111111111110, sa_flags=SA_RESTART|SA_SIGINFO
SIGPIPE: [libjvm.so+0xb2a1f0], sa_mask[0]=11111111011111111101111111111110, sa_flags=SA_RESTART|SA_SIGINFO
SIGXFSZ: [libjvm.so+0xb2a1f0], sa_mask[0]=11111111011111111101111111111110, sa_flags=SA_RESTART|SA_SIGINFO
SIGILL: [libjvm.so+0xd28b70], sa_mask[0]=11111111011111111101111111111110, sa_flags=SA_RESTART|SA_SIGINFO
SIGUSR2: [libjvm.so+0xb2a030], sa_mask[0]=00000000000000000000000000000000, sa_flags=SA_RESTART|SA_SIGINFO
SIGHUP: [libjvm.so+0xb2a180], sa_mask[0]=11111111011111111101111111111110, sa_flags=SA_RESTART|SA_SIGINFO
SIGINT: [libjvm.so+0xb2a180], sa_mask[0]=11111111011111111101111111111110, sa_flags=SA_RESTART|SA_SIGINFO
SIGTERM: [libjvm.so+0xb2a180], sa_mask[0]=11111111011111111101111111111110, sa_flags=SA_RESTART|SA_SIGINFO
SIGQUIT: [libjvm.so+0xb2a180], sa_mask[0]=11111111011111111101111111111110, sa_flags=SA_RESTART|SA_SIGINFO


---------------  S Y S T E M  ---------------

OS:DISTRIB_ID=Ubuntu
DISTRIB_RELEASE=18.04
DISTRIB_CODENAME=bionic
DISTRIB_DESCRIPTION="Ubuntu 18.04.2 LTS"
uname:Linux 4.15.0-46-generic #49-Ubuntu SMP Wed Feb 6 09:33:07 UTC 2019 x86_64
libc:glibc 2.27 NPTL 2.27 
rlimit: STACK 8192k, CORE 0k, NPROC 29651, NOFILE 4096, AS infinity, DATA infinity, FSIZE infinity
load average:1.33 0.98 0.89

/proc/meminfo:
MemTotal:        7651348 kB
MemFree:          116756 kB
MemAvailable:      57916 kB
Buffers:            3076 kB
Cached:           267796 kB
SwapCached:       226308 kB
Active:          6164224 kB
Inactive:         961052 kB
Active(anon):    6128432 kB
Inactive(anon):   894288 kB
Active(file):      35792 kB
Inactive(file):    66764 kB
Unevictable:         648 kB
Mlocked:             648 kB
SwapTotal:       2097148 kB
SwapFree:          12604 kB
Dirty:              2412 kB
Writeback:             0 kB
AnonPages:       6771536 kB
Mapped:           166152 kB
Shmem:            166948 kB
Slab:             157336 kB
SReclaimable:      61620 kB
SUnreclaim:        95716 kB
KernelStack:       24524 kB
PageTables:       101652 kB
NFS_Unstable:          0 kB
Bounce:                0 kB
WritebackTmp:          0 kB
CommitLimit:     5922820 kB
Committed_AS:   18546888 kB
VmallocTotal:   34359738367 kB
VmallocUsed:           0 kB
VmallocChunk:          0 kB
HardwareCorrupted:     0 kB
AnonHugePages:         0 kB
ShmemHugePages:        0 kB
ShmemPmdMapped:        0 kB
CmaTotal:              0 kB
CmaFree:               0 kB
HugePages_Total:       0
HugePages_Free:        0
HugePages_Rsvd:        0
HugePages_Surp:        0
Hugepagesize:       2048 kB
DirectMap4k:      358052 kB
DirectMap2M:     7507968 kB
DirectMap1G:           0 kB

container (cgroup) information:
container_type: cgroupv1
cpu_cpuset_cpus: 0-7
cpu_memory_nodes: 0
active_processor_count: 8
cpu_quota: -1
cpu_period: 100000
cpu_shares: -1
memory_limit_in_bytes: -1
memory_and_swap_limit_in_bytes: -2
memory_soft_limit_in_bytes: -1
memory_usage_in_bytes: 7298850816
memory_max_usage_in_bytes: 26472448


CPU:total 8 (initial active 8) (4 cores per cpu, 2 threads per core) family 6 model 142 stepping 10, cmov, cx8, fxsr, mmx, sse, sse2, sse3, ssse3, sse4.1, sse4.2, popcnt, avx, avx2, aes, clmul, erms, 3dnowpref, lzcnt, ht, tsc, tscinvbit, bmi1, bmi2, adx, fma
CPU Model and flags from /proc/cpuinfo:
model name	: Intel(R) Core(TM) i7-8550U CPU @ 1.80GHz
flags		: fpu vme de pse tsc msr pae mce cx8 apic sep mtrr pge mca cmov pat pse36 clflush dts acpi mmx fxsr sse sse2 ss ht tm pbe syscall nx pdpe1gb rdtscp lm constant_tsc art arch_perfmon pebs bts rep_good nopl xtopology nonstop_tsc cpuid aperfmperf tsc_known_freq pni pclmulqdq dtes64 monitor ds_cpl vmx est tm2 ssse3 sdbg fma cx16 xtpr pdcm pcid sse4_1 sse4_2 x2apic movbe popcnt tsc_deadline_timer aes xsave avx f16c rdrand lahf_lm abm 3dnowprefetch cpuid_fault epb invpcid_single pti ssbd ibrs ibpb stibp tpr_shadow vnmi flexpriority ept vpid fsgsbase tsc_adjust bmi1 avx2 smep bmi2 erms invpcid mpx rdseed adx smap clflushopt intel_pt xsaveopt xsavec xgetbv1 xsaves dtherm ida arat pln pts hwp hwp_notify hwp_act_window hwp_epp flush_l1d

Memory: 4k page, physical 7651348k(116756k free), swap 2097148k(12616k free)

vm_info: OpenJDK 64-Bit Server VM (10.0.2+13-Ubuntu-1ubuntu0.18.04.4) for linux-amd64 JRE (10.0.2+13-Ubuntu-1ubuntu0.18.04.4), built on Nov 13 2018 12:53:39 by "buildd" with gcc 7.3.0

END.
